2023-10-29 22:29:01 [main] INFO  c.e.e.ElasticQueryServiceApplication - Starting ElasticQueryServiceApplication using Java 17.0.7 with PID 33000 (/Users/ttlinh/Work/Practice/Microservices/springboot-kafka-elastic/elastic-query-service/build/classes/java/main started by ttlinh in /Users/ttlinh/Work/Practice/Microservices/springboot-kafka-elastic/CommonConfig)
2023-10-29 22:29:01 [main] INFO  c.e.e.ElasticQueryServiceApplication - The following 1 profile is active: "elastic_query"
2023-10-29 22:29:01 [main] INFO  o.s.c.c.c.ConfigServerConfigDataLoader - Fetching config from server at : http://localhost:8888
2023-10-29 22:29:01 [main] INFO  o.s.c.c.c.ConfigServerConfigDataLoader - Located environment: name=elastic-query-service,config-client, profiles=[elastic_query], label=null, version=dae3cc79845a192b8d23fdb932e0eb4d0b09f6e7, state=null
2023-10-29 22:29:01 [main] DEBUG o.s.c.c.c.ConfigServerConfigDataLoader - Environment elastic-query-service,config-client has 2 property sources with 13 properties.
2023-10-29 22:29:01 [main] INFO  o.s.d.r.c.RepositoryConfigurationDelegate - Bootstrapping Spring Data Elasticsearch repositories in DEFAULT mode.
2023-10-29 22:29:01 [main] INFO  o.s.d.r.c.RepositoryConfigurationDelegate - Finished Spring Data repository scanning in 19 ms. Found 2 Elasticsearch repository interfaces.
2023-10-29 22:29:01 [main] INFO  o.s.d.r.c.RepositoryConfigurationDelegate - Bootstrapping Spring Data Reactive Elasticsearch repositories in DEFAULT mode.
2023-10-29 22:29:01 [main] INFO  o.s.d.r.c.RepositoryConfigurationDelegate - Finished Spring Data repository scanning in 6 ms. Found 0 Reactive Elasticsearch repository interfaces.
2023-10-29 22:29:01 [main] INFO  o.s.cloud.context.scope.GenericScope - BeanFactory id=2778b1fe-751d-3496-a8e0-0f6abe6714ce
2023-10-29 22:29:01 [main] INFO  c.u.j.c.EnableEncryptablePropertiesBeanFactoryPostProcessor - Post-processing PropertySource instances
2023-10-29 22:29:01 [main] INFO  c.u.j.EncryptablePropertySourceConverter - Converting PropertySource configurationProperties [org.springframework.boot.context.properties.source.ConfigurationPropertySourcesPropertySource] to AOP Proxy
2023-10-29 22:29:01 [main] INFO  c.u.j.EncryptablePropertySourceConverter - Converting PropertySource servletConfigInitParams [org.springframework.core.env.PropertySource$StubPropertySource] to EncryptablePropertySourceWrapper
2023-10-29 22:29:01 [main] INFO  c.u.j.EncryptablePropertySourceConverter - Converting PropertySource servletContextInitParams [org.springframework.core.env.PropertySource$StubPropertySource] to EncryptablePropertySourceWrapper
2023-10-29 22:29:01 [main] INFO  c.u.j.EncryptablePropertySourceConverter - Converting PropertySource systemProperties [org.springframework.core.env.PropertiesPropertySource] to EncryptableMapPropertySourceWrapper
2023-10-29 22:29:01 [main] INFO  c.u.j.EncryptablePropertySourceConverter - Converting PropertySource systemEnvironment [org.springframework.boot.env.SystemEnvironmentPropertySourceEnvironmentPostProcessor$OriginAwareSystemEnvironmentPropertySource] to EncryptableSystemEnvironmentPropertySourceWrapper
2023-10-29 22:29:01 [main] INFO  c.u.j.EncryptablePropertySourceConverter - Converting PropertySource random [org.springframework.boot.env.RandomValuePropertySource] to EncryptablePropertySourceWrapper
2023-10-29 22:29:01 [main] INFO  c.u.j.EncryptablePropertySourceConverter - Converting PropertySource cachedrandom [org.springframework.cloud.util.random.CachedRandomPropertySource] to EncryptablePropertySourceWrapper
2023-10-29 22:29:01 [main] INFO  c.u.j.EncryptablePropertySourceConverter - Converting PropertySource springCloudClientHostInfo [org.springframework.core.env.MapPropertySource] to EncryptableMapPropertySourceWrapper
2023-10-29 22:29:01 [main] INFO  c.u.j.EncryptablePropertySourceConverter - Converting PropertySource configserver:https://github.com/ttlinh-O/config-server-repository/config-client-elastic_query.yml [org.springframework.boot.env.OriginTrackedMapPropertySource] to EncryptableMapPropertySourceWrapper
2023-10-29 22:29:01 [main] INFO  c.u.j.EncryptablePropertySourceConverter - Converting PropertySource configserver:https://github.com/ttlinh-O/config-server-repository/config-client.yml [org.springframework.boot.env.OriginTrackedMapPropertySource] to EncryptableMapPropertySourceWrapper
2023-10-29 22:29:01 [main] INFO  c.u.j.EncryptablePropertySourceConverter - Converting PropertySource configClient [org.springframework.core.env.MapPropertySource] to EncryptableMapPropertySourceWrapper
2023-10-29 22:29:01 [main] INFO  c.u.j.EncryptablePropertySourceConverter - Converting PropertySource Config resource 'class path resource [application.yml]' via location 'optional:classpath:/' [org.springframework.boot.env.OriginTrackedMapPropertySource] to EncryptableMapPropertySourceWrapper
2023-10-29 22:29:01 [main] INFO  c.u.j.f.DefaultLazyPropertyFilter - Property Filter custom Bean not found with name 'encryptablePropertyFilter'. Initializing Default Property Filter
2023-10-29 22:29:01 [main] INFO  c.u.j.r.DefaultLazyPropertyResolver - Property Resolver custom Bean not found with name 'encryptablePropertyResolver'. Initializing Default Property Resolver
2023-10-29 22:29:01 [main] INFO  c.u.j.d.DefaultLazyPropertyDetector - Property Detector custom Bean not found with name 'encryptablePropertyDetector'. Initializing Default Property Detector
2023-10-29 22:29:01 [main] INFO  o.s.b.w.e.tomcat.TomcatWebServer - Tomcat initialized with port(s): 8183 (http)
2023-10-29 22:29:01 [main] INFO  o.a.coyote.http11.Http11NioProtocol - Initializing ProtocolHandler ["http-nio-8183"]
2023-10-29 22:29:01 [main] INFO  o.a.catalina.core.StandardService - Starting service [Tomcat]
2023-10-29 22:29:01 [main] INFO  o.a.catalina.core.StandardEngine - Starting Servlet engine: [Apache Tomcat/10.1.13]
2023-10-29 22:29:01 [main] INFO  o.a.c.c.C.[.[.[/elastic-query-service] - Initializing Spring embedded WebApplicationContext
2023-10-29 22:29:01 [main] INFO  o.s.b.w.s.c.ServletWebServerApplicationContext - Root WebApplicationContext: initialization completed in 723 ms
2023-10-29 22:29:02 [main] WARN  org.elasticsearch.client.RestClient - request [HEAD http://localhost:9200/twitter-index] returned 1 warnings: [299 Elasticsearch-7.17.1-e5acb99f822233d62d6444ce45a4543dc1c8059a "Elasticsearch built-in security features are not enabled. Without authentication, your cluster could be accessible to anyone. See https://www.elastic.co/guide/en/elasticsearch/reference/7.17/security-minimal-setup.html to enable security."]
2023-10-29 22:29:02 [main] INFO  c.u.j.encryptor.DefaultLazyEncryptor - String Encryptor custom Bean not found with name 'jasyptStringEncryptor'. Initializing Default String Encryptor
2023-10-29 22:29:02 [main] INFO  c.u.j.c.StringEncryptorBuilder - Encryptor config not found for property jasypt.encryptor.algorithm, using default value: PBEWITHHMACSHA512ANDAES_256
2023-10-29 22:29:02 [main] INFO  c.u.j.c.StringEncryptorBuilder - Encryptor config not found for property jasypt.encryptor.key-obtention-iterations, using default value: 1000
2023-10-29 22:29:02 [main] INFO  c.u.j.c.StringEncryptorBuilder - Encryptor config not found for property jasypt.encryptor.pool-size, using default value: 1
2023-10-29 22:29:02 [main] INFO  c.u.j.c.StringEncryptorBuilder - Encryptor config not found for property jasypt.encryptor.provider-name, using default value: null
2023-10-29 22:29:02 [main] INFO  c.u.j.c.StringEncryptorBuilder - Encryptor config not found for property jasypt.encryptor.provider-class-name, using default value: null
2023-10-29 22:29:02 [main] INFO  c.u.j.c.StringEncryptorBuilder - Encryptor config not found for property jasypt.encryptor.salt-generator-classname, using default value: org.jasypt.salt.RandomSaltGenerator
2023-10-29 22:29:02 [main] INFO  c.u.j.c.StringEncryptorBuilder - Encryptor config not found for property jasypt.encryptor.iv-generator-classname, using default value: org.jasypt.iv.RandomIvGenerator
2023-10-29 22:29:02 [main] INFO  c.u.j.c.StringEncryptorBuilder - Encryptor config not found for property jasypt.encryptor.string-output-type, using default value: base64
2023-10-29 22:29:02 [main] WARN  org.elasticsearch.client.RestClient - request [HEAD http://localhost:9200/twitter-index] returned 1 warnings: [299 Elasticsearch-7.17.1-e5acb99f822233d62d6444ce45a4543dc1c8059a "Elasticsearch built-in security features are not enabled. Without authentication, your cluster could be accessible to anyone. See https://www.elastic.co/guide/en/elasticsearch/reference/7.17/security-minimal-setup.html to enable security."]
2023-10-29 22:29:02 [main] INFO  o.s.s.web.DefaultSecurityFilterChain - Will secure any request with [org.springframework.security.web.session.DisableEncodeUrlFilter@3a13f663, org.springframework.security.web.context.request.async.WebAsyncManagerIntegrationFilter@75de7009, org.springframework.security.web.context.SecurityContextHolderFilter@48860139, org.springframework.security.web.header.HeaderWriterFilter@d677be9, org.springframework.security.web.csrf.CsrfFilter@5b1f5fcc, org.springframework.security.web.authentication.logout.LogoutFilter@4e79c25, org.springframework.security.web.authentication.www.BasicAuthenticationFilter@11dbcb3b, org.springframework.security.web.savedrequest.RequestCacheAwareFilter@ca60688, org.springframework.security.web.servletapi.SecurityContextHolderAwareRequestFilter@35555145, org.springframework.security.web.authentication.AnonymousAuthenticationFilter@17a77a7e, org.springframework.security.web.access.ExceptionTranslationFilter@4a3509b0, org.springframework.security.web.access.intercept.AuthorizationFilter@4a47bc9c]
2023-10-29 22:29:02 [main] INFO  o.a.coyote.http11.Http11NioProtocol - Starting ProtocolHandler ["http-nio-8183"]
2023-10-29 22:29:02 [main] INFO  o.s.b.w.e.tomcat.TomcatWebServer - Tomcat started on port(s): 8183 (http) with context path '/elastic-query-service'
2023-10-29 22:29:02 [main] INFO  c.e.e.ElasticQueryServiceApplication - Started ElasticQueryServiceApplication in 5.453 seconds (process running for 6.125)
