2023-10-29 21:21:31 [http-nio-8888-exec-1] DEBUG o.s.security.web.FilterChainProxy - Securing GET /elastic-query-web-client,config-client/elastic_query_web
2023-10-29 21:21:31 [http-nio-8888-exec-1] DEBUG o.s.s.a.d.DaoAuthenticationProvider - Authenticated user
2023-10-29 21:21:31 [http-nio-8888-exec-1] DEBUG o.s.s.w.a.w.BasicAuthenticationFilter - Set SecurityContextHolder to UsernamePasswordAuthenticationToken [Principal=org.springframework.security.core.userdetails.User [Username=spring_cloud_user, Password=[PROTECTED], Enabled=true, AccountNonExpired=true, credentialsNonExpired=true, AccountNonLocked=true, Granted Authorities=[]], Credentials=[PROTECTED], Authenticated=true, Details=WebAuthenticationDetails [RemoteIpAddress=127.0.0.1, SessionId=null], Granted Authorities=[]]
2023-10-29 21:21:31 [http-nio-8888-exec-1] DEBUG o.s.security.web.FilterChainProxy - Secured GET /elastic-query-web-client,config-client/elastic_query_web
2023-10-29 21:21:31 [http-nio-8888-exec-1] DEBUG o.s.c.c.s.s.GitCredentialsProviderFactory - Constructing UsernamePasswordCredentialsProvider for URI https://github.com/ttlinh-O/config-server-repository
2023-10-29 21:21:34 [http-nio-8888-exec-1] INFO  o.s.c.c.s.e.NativeEnvironmentRepository - Adding property source: Config resource 'file [/var/folders/sb/jdhnfqfx10lf655k623_tl400000gn/T/config-repo-2289400466433756153/config-client-elastic_query_web.yml]' via location 'file:/var/folders/sb/jdhnfqfx10lf655k623_tl400000gn/T/config-repo-2289400466433756153/'
2023-10-29 21:21:34 [http-nio-8888-exec-1] INFO  o.s.c.c.s.e.NativeEnvironmentRepository - Adding property source: Config resource 'file [/var/folders/sb/jdhnfqfx10lf655k623_tl400000gn/T/config-repo-2289400466433756153/config-client.yml]' via location 'file:/var/folders/sb/jdhnfqfx10lf655k623_tl400000gn/T/config-repo-2289400466433756153/'
2023-10-29 21:36:27 [http-nio-8888-exec-3] DEBUG o.s.security.web.FilterChainProxy - Securing GET /elastic-query-web-client,config-client/elastic_query_web
2023-10-29 21:36:27 [http-nio-8888-exec-3] DEBUG o.s.s.a.d.DaoAuthenticationProvider - Authenticated user
2023-10-29 21:36:27 [http-nio-8888-exec-3] DEBUG o.s.s.w.a.w.BasicAuthenticationFilter - Set SecurityContextHolder to UsernamePasswordAuthenticationToken [Principal=org.springframework.security.core.userdetails.User [Username=spring_cloud_user, Password=[PROTECTED], Enabled=true, AccountNonExpired=true, credentialsNonExpired=true, AccountNonLocked=true, Granted Authorities=[]], Credentials=[PROTECTED], Authenticated=true, Details=WebAuthenticationDetails [RemoteIpAddress=127.0.0.1, SessionId=null], Granted Authorities=[]]
2023-10-29 21:36:27 [http-nio-8888-exec-3] DEBUG o.s.security.web.FilterChainProxy - Secured GET /elastic-query-web-client,config-client/elastic_query_web
2023-10-29 21:36:27 [http-nio-8888-exec-3] DEBUG o.s.c.c.s.s.GitCredentialsProviderFactory - Constructing UsernamePasswordCredentialsProvider for URI https://github.com/ttlinh-O/config-server-repository
2023-10-29 21:36:30 [http-nio-8888-exec-3] INFO  o.s.c.c.s.e.NativeEnvironmentRepository - Adding property source: Config resource 'file [/var/folders/sb/jdhnfqfx10lf655k623_tl400000gn/T/config-repo-2289400466433756153/config-client-elastic_query_web.yml]' via location 'file:/var/folders/sb/jdhnfqfx10lf655k623_tl400000gn/T/config-repo-2289400466433756153/'
2023-10-29 21:36:30 [http-nio-8888-exec-3] INFO  o.s.c.c.s.e.NativeEnvironmentRepository - Adding property source: Config resource 'file [/var/folders/sb/jdhnfqfx10lf655k623_tl400000gn/T/config-repo-2289400466433756153/config-client.yml]' via location 'file:/var/folders/sb/jdhnfqfx10lf655k623_tl400000gn/T/config-repo-2289400466433756153/'
2023-10-29 21:42:37 [http-nio-8888-exec-5] DEBUG o.s.security.web.FilterChainProxy - Securing GET /elastic-query-web-client,config-client/elastic_query_web
2023-10-29 21:42:37 [http-nio-8888-exec-5] DEBUG o.s.s.a.d.DaoAuthenticationProvider - Authenticated user
2023-10-29 21:42:37 [http-nio-8888-exec-5] DEBUG o.s.s.w.a.w.BasicAuthenticationFilter - Set SecurityContextHolder to UsernamePasswordAuthenticationToken [Principal=org.springframework.security.core.userdetails.User [Username=spring_cloud_user, Password=[PROTECTED], Enabled=true, AccountNonExpired=true, credentialsNonExpired=true, AccountNonLocked=true, Granted Authorities=[]], Credentials=[PROTECTED], Authenticated=true, Details=WebAuthenticationDetails [RemoteIpAddress=127.0.0.1, SessionId=null], Granted Authorities=[]]
2023-10-29 21:42:37 [http-nio-8888-exec-5] DEBUG o.s.security.web.FilterChainProxy - Secured GET /elastic-query-web-client,config-client/elastic_query_web
2023-10-29 21:42:37 [http-nio-8888-exec-5] DEBUG o.s.c.c.s.s.GitCredentialsProviderFactory - Constructing UsernamePasswordCredentialsProvider for URI https://github.com/ttlinh-O/config-server-repository
2023-10-29 21:42:40 [http-nio-8888-exec-5] INFO  o.s.c.c.s.e.NativeEnvironmentRepository - Adding property source: Config resource 'file [/var/folders/sb/jdhnfqfx10lf655k623_tl400000gn/T/config-repo-2289400466433756153/config-client-elastic_query_web.yml]' via location 'file:/var/folders/sb/jdhnfqfx10lf655k623_tl400000gn/T/config-repo-2289400466433756153/'
2023-10-29 21:42:40 [http-nio-8888-exec-5] INFO  o.s.c.c.s.e.NativeEnvironmentRepository - Adding property source: Config resource 'file [/var/folders/sb/jdhnfqfx10lf655k623_tl400000gn/T/config-repo-2289400466433756153/config-client.yml]' via location 'file:/var/folders/sb/jdhnfqfx10lf655k623_tl400000gn/T/config-repo-2289400466433756153/'
2023-10-29 21:42:59 [http-nio-8888-exec-7] DEBUG o.s.security.web.FilterChainProxy - Securing GET /elastic-query-web-client,config-client/elastic_query_web
2023-10-29 21:42:59 [http-nio-8888-exec-7] DEBUG o.s.s.a.d.DaoAuthenticationProvider - Authenticated user
2023-10-29 21:42:59 [http-nio-8888-exec-7] DEBUG o.s.s.w.a.w.BasicAuthenticationFilter - Set SecurityContextHolder to UsernamePasswordAuthenticationToken [Principal=org.springframework.security.core.userdetails.User [Username=spring_cloud_user, Password=[PROTECTED], Enabled=true, AccountNonExpired=true, credentialsNonExpired=true, AccountNonLocked=true, Granted Authorities=[]], Credentials=[PROTECTED], Authenticated=true, Details=WebAuthenticationDetails [RemoteIpAddress=127.0.0.1, SessionId=null], Granted Authorities=[]]
2023-10-29 21:42:59 [http-nio-8888-exec-7] DEBUG o.s.security.web.FilterChainProxy - Secured GET /elastic-query-web-client,config-client/elastic_query_web
2023-10-29 21:42:59 [http-nio-8888-exec-7] DEBUG o.s.c.c.s.s.GitCredentialsProviderFactory - Constructing UsernamePasswordCredentialsProvider for URI https://github.com/ttlinh-O/config-server-repository
2023-10-29 21:43:02 [http-nio-8888-exec-7] INFO  o.s.c.c.s.e.NativeEnvironmentRepository - Adding property source: Config resource 'file [/var/folders/sb/jdhnfqfx10lf655k623_tl400000gn/T/config-repo-2289400466433756153/config-client-elastic_query_web.yml]' via location 'file:/var/folders/sb/jdhnfqfx10lf655k623_tl400000gn/T/config-repo-2289400466433756153/'
2023-10-29 21:43:02 [http-nio-8888-exec-7] INFO  o.s.c.c.s.e.NativeEnvironmentRepository - Adding property source: Config resource 'file [/var/folders/sb/jdhnfqfx10lf655k623_tl400000gn/T/config-repo-2289400466433756153/config-client.yml]' via location 'file:/var/folders/sb/jdhnfqfx10lf655k623_tl400000gn/T/config-repo-2289400466433756153/'
2023-10-29 21:50:17 [http-nio-8888-exec-9] DEBUG o.s.security.web.FilterChainProxy - Securing GET /elastic-query-web-client,config-client/elastic_query_web
2023-10-29 21:50:17 [http-nio-8888-exec-9] DEBUG o.s.s.a.d.DaoAuthenticationProvider - Authenticated user
2023-10-29 21:50:17 [http-nio-8888-exec-9] DEBUG o.s.s.w.a.w.BasicAuthenticationFilter - Set SecurityContextHolder to UsernamePasswordAuthenticationToken [Principal=org.springframework.security.core.userdetails.User [Username=spring_cloud_user, Password=[PROTECTED], Enabled=true, AccountNonExpired=true, credentialsNonExpired=true, AccountNonLocked=true, Granted Authorities=[]], Credentials=[PROTECTED], Authenticated=true, Details=WebAuthenticationDetails [RemoteIpAddress=127.0.0.1, SessionId=null], Granted Authorities=[]]
2023-10-29 21:50:17 [http-nio-8888-exec-9] DEBUG o.s.security.web.FilterChainProxy - Secured GET /elastic-query-web-client,config-client/elastic_query_web
2023-10-29 21:50:17 [http-nio-8888-exec-9] DEBUG o.s.c.c.s.s.GitCredentialsProviderFactory - Constructing UsernamePasswordCredentialsProvider for URI https://github.com/ttlinh-O/config-server-repository
2023-10-29 21:50:20 [http-nio-8888-exec-9] INFO  o.s.c.c.s.e.NativeEnvironmentRepository - Adding property source: Config resource 'file [/var/folders/sb/jdhnfqfx10lf655k623_tl400000gn/T/config-repo-2289400466433756153/config-client-elastic_query_web.yml]' via location 'file:/var/folders/sb/jdhnfqfx10lf655k623_tl400000gn/T/config-repo-2289400466433756153/'
2023-10-29 21:50:20 [http-nio-8888-exec-9] INFO  o.s.c.c.s.e.NativeEnvironmentRepository - Adding property source: Config resource 'file [/var/folders/sb/jdhnfqfx10lf655k623_tl400000gn/T/config-repo-2289400466433756153/config-client.yml]' via location 'file:/var/folders/sb/jdhnfqfx10lf655k623_tl400000gn/T/config-repo-2289400466433756153/'
2023-10-29 22:00:18 [http-nio-8888-exec-1] DEBUG o.s.security.web.FilterChainProxy - Securing GET /elastic-query-web-client,config-client/elastic_query_web
2023-10-29 22:00:18 [http-nio-8888-exec-1] DEBUG o.s.s.a.d.DaoAuthenticationProvider - Authenticated user
2023-10-29 22:00:18 [http-nio-8888-exec-1] DEBUG o.s.s.w.a.w.BasicAuthenticationFilter - Set SecurityContextHolder to UsernamePasswordAuthenticationToken [Principal=org.springframework.security.core.userdetails.User [Username=spring_cloud_user, Password=[PROTECTED], Enabled=true, AccountNonExpired=true, credentialsNonExpired=true, AccountNonLocked=true, Granted Authorities=[]], Credentials=[PROTECTED], Authenticated=true, Details=WebAuthenticationDetails [RemoteIpAddress=127.0.0.1, SessionId=null], Granted Authorities=[]]
2023-10-29 22:00:18 [http-nio-8888-exec-1] DEBUG o.s.security.web.FilterChainProxy - Secured GET /elastic-query-web-client,config-client/elastic_query_web
2023-10-29 22:00:18 [http-nio-8888-exec-1] DEBUG o.s.c.c.s.s.GitCredentialsProviderFactory - Constructing UsernamePasswordCredentialsProvider for URI https://github.com/ttlinh-O/config-server-repository
2023-10-29 22:00:21 [http-nio-8888-exec-1] INFO  o.s.c.c.s.e.NativeEnvironmentRepository - Adding property source: Config resource 'file [/var/folders/sb/jdhnfqfx10lf655k623_tl400000gn/T/config-repo-2289400466433756153/config-client-elastic_query_web.yml]' via location 'file:/var/folders/sb/jdhnfqfx10lf655k623_tl400000gn/T/config-repo-2289400466433756153/'
2023-10-29 22:00:21 [http-nio-8888-exec-1] INFO  o.s.c.c.s.e.NativeEnvironmentRepository - Adding property source: Config resource 'file [/var/folders/sb/jdhnfqfx10lf655k623_tl400000gn/T/config-repo-2289400466433756153/config-client.yml]' via location 'file:/var/folders/sb/jdhnfqfx10lf655k623_tl400000gn/T/config-repo-2289400466433756153/'
2023-10-29 22:00:39 [http-nio-8888-exec-3] DEBUG o.s.security.web.FilterChainProxy - Securing GET /elastic-query-web-client,config-client/elastic_query_web
2023-10-29 22:00:39 [http-nio-8888-exec-3] DEBUG o.s.s.a.d.DaoAuthenticationProvider - Authenticated user
2023-10-29 22:00:39 [http-nio-8888-exec-3] DEBUG o.s.s.w.a.w.BasicAuthenticationFilter - Set SecurityContextHolder to UsernamePasswordAuthenticationToken [Principal=org.springframework.security.core.userdetails.User [Username=spring_cloud_user, Password=[PROTECTED], Enabled=true, AccountNonExpired=true, credentialsNonExpired=true, AccountNonLocked=true, Granted Authorities=[]], Credentials=[PROTECTED], Authenticated=true, Details=WebAuthenticationDetails [RemoteIpAddress=127.0.0.1, SessionId=null], Granted Authorities=[]]
2023-10-29 22:00:39 [http-nio-8888-exec-3] DEBUG o.s.security.web.FilterChainProxy - Secured GET /elastic-query-web-client,config-client/elastic_query_web
2023-10-29 22:00:39 [http-nio-8888-exec-3] DEBUG o.s.c.c.s.s.GitCredentialsProviderFactory - Constructing UsernamePasswordCredentialsProvider for URI https://github.com/ttlinh-O/config-server-repository
2023-10-29 22:00:42 [http-nio-8888-exec-3] INFO  o.s.c.c.s.e.NativeEnvironmentRepository - Adding property source: Config resource 'file [/var/folders/sb/jdhnfqfx10lf655k623_tl400000gn/T/config-repo-2289400466433756153/config-client-elastic_query_web.yml]' via location 'file:/var/folders/sb/jdhnfqfx10lf655k623_tl400000gn/T/config-repo-2289400466433756153/'
2023-10-29 22:00:42 [http-nio-8888-exec-3] INFO  o.s.c.c.s.e.NativeEnvironmentRepository - Adding property source: Config resource 'file [/var/folders/sb/jdhnfqfx10lf655k623_tl400000gn/T/config-repo-2289400466433756153/config-client.yml]' via location 'file:/var/folders/sb/jdhnfqfx10lf655k623_tl400000gn/T/config-repo-2289400466433756153/'
2023-10-29 22:00:57 [http-nio-8888-exec-5] DEBUG o.s.security.web.FilterChainProxy - Securing GET /elastic-query-web-client,config-client/elastic_query_web
2023-10-29 22:00:57 [http-nio-8888-exec-5] DEBUG o.s.s.a.d.DaoAuthenticationProvider - Authenticated user
2023-10-29 22:00:57 [http-nio-8888-exec-5] DEBUG o.s.s.w.a.w.BasicAuthenticationFilter - Set SecurityContextHolder to UsernamePasswordAuthenticationToken [Principal=org.springframework.security.core.userdetails.User [Username=spring_cloud_user, Password=[PROTECTED], Enabled=true, AccountNonExpired=true, credentialsNonExpired=true, AccountNonLocked=true, Granted Authorities=[]], Credentials=[PROTECTED], Authenticated=true, Details=WebAuthenticationDetails [RemoteIpAddress=127.0.0.1, SessionId=null], Granted Authorities=[]]
2023-10-29 22:00:57 [http-nio-8888-exec-5] DEBUG o.s.security.web.FilterChainProxy - Secured GET /elastic-query-web-client,config-client/elastic_query_web
2023-10-29 22:00:57 [http-nio-8888-exec-5] DEBUG o.s.c.c.s.s.GitCredentialsProviderFactory - Constructing UsernamePasswordCredentialsProvider for URI https://github.com/ttlinh-O/config-server-repository
2023-10-29 22:01:01 [http-nio-8888-exec-5] INFO  o.s.c.c.s.e.NativeEnvironmentRepository - Adding property source: Config resource 'file [/var/folders/sb/jdhnfqfx10lf655k623_tl400000gn/T/config-repo-2289400466433756153/config-client-elastic_query_web.yml]' via location 'file:/var/folders/sb/jdhnfqfx10lf655k623_tl400000gn/T/config-repo-2289400466433756153/'
2023-10-29 22:01:01 [http-nio-8888-exec-5] INFO  o.s.c.c.s.e.NativeEnvironmentRepository - Adding property source: Config resource 'file [/var/folders/sb/jdhnfqfx10lf655k623_tl400000gn/T/config-repo-2289400466433756153/config-client.yml]' via location 'file:/var/folders/sb/jdhnfqfx10lf655k623_tl400000gn/T/config-repo-2289400466433756153/'
2023-10-29 22:01:44 [http-nio-8888-exec-7] DEBUG o.s.security.web.FilterChainProxy - Securing GET /elastic-query-web-client,config-client/elastic_query_web
2023-10-29 22:01:44 [http-nio-8888-exec-7] DEBUG o.s.s.a.d.DaoAuthenticationProvider - Authenticated user
2023-10-29 22:01:44 [http-nio-8888-exec-7] DEBUG o.s.s.w.a.w.BasicAuthenticationFilter - Set SecurityContextHolder to UsernamePasswordAuthenticationToken [Principal=org.springframework.security.core.userdetails.User [Username=spring_cloud_user, Password=[PROTECTED], Enabled=true, AccountNonExpired=true, credentialsNonExpired=true, AccountNonLocked=true, Granted Authorities=[]], Credentials=[PROTECTED], Authenticated=true, Details=WebAuthenticationDetails [RemoteIpAddress=127.0.0.1, SessionId=null], Granted Authorities=[]]
2023-10-29 22:01:44 [http-nio-8888-exec-7] DEBUG o.s.security.web.FilterChainProxy - Secured GET /elastic-query-web-client,config-client/elastic_query_web
2023-10-29 22:01:44 [http-nio-8888-exec-7] DEBUG o.s.c.c.s.s.GitCredentialsProviderFactory - Constructing UsernamePasswordCredentialsProvider for URI https://github.com/ttlinh-O/config-server-repository
2023-10-29 22:01:47 [http-nio-8888-exec-7] INFO  o.s.c.c.s.e.NativeEnvironmentRepository - Adding property source: Config resource 'file [/var/folders/sb/jdhnfqfx10lf655k623_tl400000gn/T/config-repo-2289400466433756153/config-client-elastic_query_web.yml]' via location 'file:/var/folders/sb/jdhnfqfx10lf655k623_tl400000gn/T/config-repo-2289400466433756153/'
2023-10-29 22:01:47 [http-nio-8888-exec-7] INFO  o.s.c.c.s.e.NativeEnvironmentRepository - Adding property source: Config resource 'file [/var/folders/sb/jdhnfqfx10lf655k623_tl400000gn/T/config-repo-2289400466433756153/config-client.yml]' via location 'file:/var/folders/sb/jdhnfqfx10lf655k623_tl400000gn/T/config-repo-2289400466433756153/'
2023-10-29 22:02:14 [http-nio-8888-exec-9] DEBUG o.s.security.web.FilterChainProxy - Securing GET /elastic-query-web-client,config-client/elastic_query_web
2023-10-29 22:02:14 [http-nio-8888-exec-9] DEBUG o.s.s.a.d.DaoAuthenticationProvider - Authenticated user
2023-10-29 22:02:14 [http-nio-8888-exec-9] DEBUG o.s.s.w.a.w.BasicAuthenticationFilter - Set SecurityContextHolder to UsernamePasswordAuthenticationToken [Principal=org.springframework.security.core.userdetails.User [Username=spring_cloud_user, Password=[PROTECTED], Enabled=true, AccountNonExpired=true, credentialsNonExpired=true, AccountNonLocked=true, Granted Authorities=[]], Credentials=[PROTECTED], Authenticated=true, Details=WebAuthenticationDetails [RemoteIpAddress=127.0.0.1, SessionId=null], Granted Authorities=[]]
2023-10-29 22:02:14 [http-nio-8888-exec-9] DEBUG o.s.security.web.FilterChainProxy - Secured GET /elastic-query-web-client,config-client/elastic_query_web
2023-10-29 22:02:14 [http-nio-8888-exec-9] DEBUG o.s.c.c.s.s.GitCredentialsProviderFactory - Constructing UsernamePasswordCredentialsProvider for URI https://github.com/ttlinh-O/config-server-repository
2023-10-29 22:02:17 [http-nio-8888-exec-9] INFO  o.s.c.c.s.e.NativeEnvironmentRepository - Adding property source: Config resource 'file [/var/folders/sb/jdhnfqfx10lf655k623_tl400000gn/T/config-repo-2289400466433756153/config-client-elastic_query_web.yml]' via location 'file:/var/folders/sb/jdhnfqfx10lf655k623_tl400000gn/T/config-repo-2289400466433756153/'
2023-10-29 22:02:17 [http-nio-8888-exec-9] INFO  o.s.c.c.s.e.NativeEnvironmentRepository - Adding property source: Config resource 'file [/var/folders/sb/jdhnfqfx10lf655k623_tl400000gn/T/config-repo-2289400466433756153/config-client.yml]' via location 'file:/var/folders/sb/jdhnfqfx10lf655k623_tl400000gn/T/config-repo-2289400466433756153/'
2023-10-29 22:02:29 [http-nio-8888-exec-1] DEBUG o.s.security.web.FilterChainProxy - Securing GET /elastic-query-web-client,config-client/elastic_query_web
2023-10-29 22:02:29 [http-nio-8888-exec-1] DEBUG o.s.s.a.d.DaoAuthenticationProvider - Authenticated user
2023-10-29 22:02:29 [http-nio-8888-exec-1] DEBUG o.s.s.w.a.w.BasicAuthenticationFilter - Set SecurityContextHolder to UsernamePasswordAuthenticationToken [Principal=org.springframework.security.core.userdetails.User [Username=spring_cloud_user, Password=[PROTECTED], Enabled=true, AccountNonExpired=true, credentialsNonExpired=true, AccountNonLocked=true, Granted Authorities=[]], Credentials=[PROTECTED], Authenticated=true, Details=WebAuthenticationDetails [RemoteIpAddress=127.0.0.1, SessionId=null], Granted Authorities=[]]
2023-10-29 22:02:29 [http-nio-8888-exec-1] DEBUG o.s.security.web.FilterChainProxy - Secured GET /elastic-query-web-client,config-client/elastic_query_web
2023-10-29 22:02:29 [http-nio-8888-exec-1] DEBUG o.s.c.c.s.s.GitCredentialsProviderFactory - Constructing UsernamePasswordCredentialsProvider for URI https://github.com/ttlinh-O/config-server-repository
2023-10-29 22:02:32 [http-nio-8888-exec-1] INFO  o.s.c.c.s.e.NativeEnvironmentRepository - Adding property source: Config resource 'file [/var/folders/sb/jdhnfqfx10lf655k623_tl400000gn/T/config-repo-2289400466433756153/config-client-elastic_query_web.yml]' via location 'file:/var/folders/sb/jdhnfqfx10lf655k623_tl400000gn/T/config-repo-2289400466433756153/'
2023-10-29 22:02:32 [http-nio-8888-exec-1] INFO  o.s.c.c.s.e.NativeEnvironmentRepository - Adding property source: Config resource 'file [/var/folders/sb/jdhnfqfx10lf655k623_tl400000gn/T/config-repo-2289400466433756153/config-client.yml]' via location 'file:/var/folders/sb/jdhnfqfx10lf655k623_tl400000gn/T/config-repo-2289400466433756153/'
2023-10-29 22:02:51 [http-nio-8888-exec-3] DEBUG o.s.security.web.FilterChainProxy - Securing GET /elastic-query-web-client,config-client/elastic_query_web
2023-10-29 22:02:51 [http-nio-8888-exec-3] DEBUG o.s.s.a.d.DaoAuthenticationProvider - Authenticated user
2023-10-29 22:02:51 [http-nio-8888-exec-3] DEBUG o.s.s.w.a.w.BasicAuthenticationFilter - Set SecurityContextHolder to UsernamePasswordAuthenticationToken [Principal=org.springframework.security.core.userdetails.User [Username=spring_cloud_user, Password=[PROTECTED], Enabled=true, AccountNonExpired=true, credentialsNonExpired=true, AccountNonLocked=true, Granted Authorities=[]], Credentials=[PROTECTED], Authenticated=true, Details=WebAuthenticationDetails [RemoteIpAddress=127.0.0.1, SessionId=null], Granted Authorities=[]]
2023-10-29 22:02:51 [http-nio-8888-exec-3] DEBUG o.s.security.web.FilterChainProxy - Secured GET /elastic-query-web-client,config-client/elastic_query_web
2023-10-29 22:02:51 [http-nio-8888-exec-3] DEBUG o.s.c.c.s.s.GitCredentialsProviderFactory - Constructing UsernamePasswordCredentialsProvider for URI https://github.com/ttlinh-O/config-server-repository
2023-10-29 22:02:54 [http-nio-8888-exec-3] INFO  o.s.c.c.s.e.NativeEnvironmentRepository - Adding property source: Config resource 'file [/var/folders/sb/jdhnfqfx10lf655k623_tl400000gn/T/config-repo-2289400466433756153/config-client-elastic_query_web.yml]' via location 'file:/var/folders/sb/jdhnfqfx10lf655k623_tl400000gn/T/config-repo-2289400466433756153/'
2023-10-29 22:02:54 [http-nio-8888-exec-3] INFO  o.s.c.c.s.e.NativeEnvironmentRepository - Adding property source: Config resource 'file [/var/folders/sb/jdhnfqfx10lf655k623_tl400000gn/T/config-repo-2289400466433756153/config-client.yml]' via location 'file:/var/folders/sb/jdhnfqfx10lf655k623_tl400000gn/T/config-repo-2289400466433756153/'
2023-10-29 22:04:45 [http-nio-8888-exec-5] DEBUG o.s.security.web.FilterChainProxy - Securing GET /elastic-query-web-client,config-client/elastic_query_web
2023-10-29 22:04:45 [http-nio-8888-exec-5] DEBUG o.s.s.a.d.DaoAuthenticationProvider - Authenticated user
2023-10-29 22:04:45 [http-nio-8888-exec-5] DEBUG o.s.s.w.a.w.BasicAuthenticationFilter - Set SecurityContextHolder to UsernamePasswordAuthenticationToken [Principal=org.springframework.security.core.userdetails.User [Username=spring_cloud_user, Password=[PROTECTED], Enabled=true, AccountNonExpired=true, credentialsNonExpired=true, AccountNonLocked=true, Granted Authorities=[]], Credentials=[PROTECTED], Authenticated=true, Details=WebAuthenticationDetails [RemoteIpAddress=127.0.0.1, SessionId=null], Granted Authorities=[]]
2023-10-29 22:04:45 [http-nio-8888-exec-5] DEBUG o.s.security.web.FilterChainProxy - Secured GET /elastic-query-web-client,config-client/elastic_query_web
2023-10-29 22:04:45 [http-nio-8888-exec-5] DEBUG o.s.c.c.s.s.GitCredentialsProviderFactory - Constructing UsernamePasswordCredentialsProvider for URI https://github.com/ttlinh-O/config-server-repository
2023-10-29 22:04:48 [http-nio-8888-exec-5] INFO  o.s.c.c.s.e.NativeEnvironmentRepository - Adding property source: Config resource 'file [/var/folders/sb/jdhnfqfx10lf655k623_tl400000gn/T/config-repo-2289400466433756153/config-client-elastic_query_web.yml]' via location 'file:/var/folders/sb/jdhnfqfx10lf655k623_tl400000gn/T/config-repo-2289400466433756153/'
2023-10-29 22:04:48 [http-nio-8888-exec-5] INFO  o.s.c.c.s.e.NativeEnvironmentRepository - Adding property source: Config resource 'file [/var/folders/sb/jdhnfqfx10lf655k623_tl400000gn/T/config-repo-2289400466433756153/config-client.yml]' via location 'file:/var/folders/sb/jdhnfqfx10lf655k623_tl400000gn/T/config-repo-2289400466433756153/'
2023-10-29 22:05:05 [http-nio-8888-exec-7] DEBUG o.s.security.web.FilterChainProxy - Securing GET /elastic-query-web-client,config-client/elastic_query_web
2023-10-29 22:05:05 [http-nio-8888-exec-7] DEBUG o.s.s.a.d.DaoAuthenticationProvider - Authenticated user
2023-10-29 22:05:05 [http-nio-8888-exec-7] DEBUG o.s.s.w.a.w.BasicAuthenticationFilter - Set SecurityContextHolder to UsernamePasswordAuthenticationToken [Principal=org.springframework.security.core.userdetails.User [Username=spring_cloud_user, Password=[PROTECTED], Enabled=true, AccountNonExpired=true, credentialsNonExpired=true, AccountNonLocked=true, Granted Authorities=[]], Credentials=[PROTECTED], Authenticated=true, Details=WebAuthenticationDetails [RemoteIpAddress=127.0.0.1, SessionId=null], Granted Authorities=[]]
2023-10-29 22:05:05 [http-nio-8888-exec-7] DEBUG o.s.security.web.FilterChainProxy - Secured GET /elastic-query-web-client,config-client/elastic_query_web
2023-10-29 22:05:05 [http-nio-8888-exec-7] DEBUG o.s.c.c.s.s.GitCredentialsProviderFactory - Constructing UsernamePasswordCredentialsProvider for URI https://github.com/ttlinh-O/config-server-repository
2023-10-29 22:05:08 [http-nio-8888-exec-7] INFO  o.s.c.c.s.e.NativeEnvironmentRepository - Adding property source: Config resource 'file [/var/folders/sb/jdhnfqfx10lf655k623_tl400000gn/T/config-repo-2289400466433756153/config-client-elastic_query_web.yml]' via location 'file:/var/folders/sb/jdhnfqfx10lf655k623_tl400000gn/T/config-repo-2289400466433756153/'
2023-10-29 22:05:08 [http-nio-8888-exec-7] INFO  o.s.c.c.s.e.NativeEnvironmentRepository - Adding property source: Config resource 'file [/var/folders/sb/jdhnfqfx10lf655k623_tl400000gn/T/config-repo-2289400466433756153/config-client.yml]' via location 'file:/var/folders/sb/jdhnfqfx10lf655k623_tl400000gn/T/config-repo-2289400466433756153/'
2023-10-29 22:07:11 [http-nio-8888-exec-9] DEBUG o.s.security.web.FilterChainProxy - Securing GET /elastic-query-web-client,config-client/elastic_query_web
2023-10-29 22:07:11 [http-nio-8888-exec-9] DEBUG o.s.s.a.d.DaoAuthenticationProvider - Authenticated user
2023-10-29 22:07:11 [http-nio-8888-exec-9] DEBUG o.s.s.w.a.w.BasicAuthenticationFilter - Set SecurityContextHolder to UsernamePasswordAuthenticationToken [Principal=org.springframework.security.core.userdetails.User [Username=spring_cloud_user, Password=[PROTECTED], Enabled=true, AccountNonExpired=true, credentialsNonExpired=true, AccountNonLocked=true, Granted Authorities=[]], Credentials=[PROTECTED], Authenticated=true, Details=WebAuthenticationDetails [RemoteIpAddress=127.0.0.1, SessionId=null], Granted Authorities=[]]
2023-10-29 22:07:11 [http-nio-8888-exec-9] DEBUG o.s.security.web.FilterChainProxy - Secured GET /elastic-query-web-client,config-client/elastic_query_web
2023-10-29 22:07:11 [http-nio-8888-exec-9] DEBUG o.s.c.c.s.s.GitCredentialsProviderFactory - Constructing UsernamePasswordCredentialsProvider for URI https://github.com/ttlinh-O/config-server-repository
2023-10-29 22:07:14 [http-nio-8888-exec-9] INFO  o.s.c.c.s.e.NativeEnvironmentRepository - Adding property source: Config resource 'file [/var/folders/sb/jdhnfqfx10lf655k623_tl400000gn/T/config-repo-2289400466433756153/config-client-elastic_query_web.yml]' via location 'file:/var/folders/sb/jdhnfqfx10lf655k623_tl400000gn/T/config-repo-2289400466433756153/'
2023-10-29 22:07:14 [http-nio-8888-exec-9] INFO  o.s.c.c.s.e.NativeEnvironmentRepository - Adding property source: Config resource 'file [/var/folders/sb/jdhnfqfx10lf655k623_tl400000gn/T/config-repo-2289400466433756153/config-client.yml]' via location 'file:/var/folders/sb/jdhnfqfx10lf655k623_tl400000gn/T/config-repo-2289400466433756153/'
2023-10-29 22:09:45 [http-nio-8888-exec-1] DEBUG o.s.security.web.FilterChainProxy - Securing GET /elastic-query-web-client,config-client/elastic_query_web
2023-10-29 22:09:45 [http-nio-8888-exec-1] DEBUG o.s.s.a.d.DaoAuthenticationProvider - Authenticated user
2023-10-29 22:09:45 [http-nio-8888-exec-1] DEBUG o.s.s.w.a.w.BasicAuthenticationFilter - Set SecurityContextHolder to UsernamePasswordAuthenticationToken [Principal=org.springframework.security.core.userdetails.User [Username=spring_cloud_user, Password=[PROTECTED], Enabled=true, AccountNonExpired=true, credentialsNonExpired=true, AccountNonLocked=true, Granted Authorities=[]], Credentials=[PROTECTED], Authenticated=true, Details=WebAuthenticationDetails [RemoteIpAddress=127.0.0.1, SessionId=null], Granted Authorities=[]]
2023-10-29 22:09:45 [http-nio-8888-exec-1] DEBUG o.s.security.web.FilterChainProxy - Secured GET /elastic-query-web-client,config-client/elastic_query_web
2023-10-29 22:09:45 [http-nio-8888-exec-1] DEBUG o.s.c.c.s.s.GitCredentialsProviderFactory - Constructing UsernamePasswordCredentialsProvider for URI https://github.com/ttlinh-O/config-server-repository
2023-10-29 22:09:48 [http-nio-8888-exec-1] INFO  o.s.c.c.s.e.NativeEnvironmentRepository - Adding property source: Config resource 'file [/var/folders/sb/jdhnfqfx10lf655k623_tl400000gn/T/config-repo-2289400466433756153/config-client-elastic_query_web.yml]' via location 'file:/var/folders/sb/jdhnfqfx10lf655k623_tl400000gn/T/config-repo-2289400466433756153/'
2023-10-29 22:09:48 [http-nio-8888-exec-1] INFO  o.s.c.c.s.e.NativeEnvironmentRepository - Adding property source: Config resource 'file [/var/folders/sb/jdhnfqfx10lf655k623_tl400000gn/T/config-repo-2289400466433756153/config-client.yml]' via location 'file:/var/folders/sb/jdhnfqfx10lf655k623_tl400000gn/T/config-repo-2289400466433756153/'
2023-10-29 22:10:05 [http-nio-8888-exec-3] DEBUG o.s.security.web.FilterChainProxy - Securing GET /elastic-query-web-client,config-client/elastic_query_web
2023-10-29 22:10:05 [http-nio-8888-exec-3] DEBUG o.s.s.a.d.DaoAuthenticationProvider - Authenticated user
2023-10-29 22:10:05 [http-nio-8888-exec-3] DEBUG o.s.s.w.a.w.BasicAuthenticationFilter - Set SecurityContextHolder to UsernamePasswordAuthenticationToken [Principal=org.springframework.security.core.userdetails.User [Username=spring_cloud_user, Password=[PROTECTED], Enabled=true, AccountNonExpired=true, credentialsNonExpired=true, AccountNonLocked=true, Granted Authorities=[]], Credentials=[PROTECTED], Authenticated=true, Details=WebAuthenticationDetails [RemoteIpAddress=127.0.0.1, SessionId=null], Granted Authorities=[]]
2023-10-29 22:10:05 [http-nio-8888-exec-3] DEBUG o.s.security.web.FilterChainProxy - Secured GET /elastic-query-web-client,config-client/elastic_query_web
2023-10-29 22:10:05 [http-nio-8888-exec-3] DEBUG o.s.c.c.s.s.GitCredentialsProviderFactory - Constructing UsernamePasswordCredentialsProvider for URI https://github.com/ttlinh-O/config-server-repository
2023-10-29 22:10:08 [http-nio-8888-exec-3] INFO  o.s.c.c.s.e.NativeEnvironmentRepository - Adding property source: Config resource 'file [/var/folders/sb/jdhnfqfx10lf655k623_tl400000gn/T/config-repo-2289400466433756153/config-client-elastic_query_web.yml]' via location 'file:/var/folders/sb/jdhnfqfx10lf655k623_tl400000gn/T/config-repo-2289400466433756153/'
2023-10-29 22:10:08 [http-nio-8888-exec-3] INFO  o.s.c.c.s.e.NativeEnvironmentRepository - Adding property source: Config resource 'file [/var/folders/sb/jdhnfqfx10lf655k623_tl400000gn/T/config-repo-2289400466433756153/config-client.yml]' via location 'file:/var/folders/sb/jdhnfqfx10lf655k623_tl400000gn/T/config-repo-2289400466433756153/'
2023-10-29 22:14:34 [http-nio-8888-exec-5] DEBUG o.s.security.web.FilterChainProxy - Securing GET /elastic-query-web-client,config-client/elastic_query_web
2023-10-29 22:14:34 [http-nio-8888-exec-5] DEBUG o.s.s.a.d.DaoAuthenticationProvider - Authenticated user
2023-10-29 22:14:34 [http-nio-8888-exec-5] DEBUG o.s.s.w.a.w.BasicAuthenticationFilter - Set SecurityContextHolder to UsernamePasswordAuthenticationToken [Principal=org.springframework.security.core.userdetails.User [Username=spring_cloud_user, Password=[PROTECTED], Enabled=true, AccountNonExpired=true, credentialsNonExpired=true, AccountNonLocked=true, Granted Authorities=[]], Credentials=[PROTECTED], Authenticated=true, Details=WebAuthenticationDetails [RemoteIpAddress=127.0.0.1, SessionId=null], Granted Authorities=[]]
2023-10-29 22:14:34 [http-nio-8888-exec-5] DEBUG o.s.security.web.FilterChainProxy - Secured GET /elastic-query-web-client,config-client/elastic_query_web
2023-10-29 22:14:34 [http-nio-8888-exec-5] DEBUG o.s.c.c.s.s.GitCredentialsProviderFactory - Constructing UsernamePasswordCredentialsProvider for URI https://github.com/ttlinh-O/config-server-repository
2023-10-29 22:14:37 [http-nio-8888-exec-5] INFO  o.s.c.c.s.e.NativeEnvironmentRepository - Adding property source: Config resource 'file [/var/folders/sb/jdhnfqfx10lf655k623_tl400000gn/T/config-repo-2289400466433756153/config-client-elastic_query_web.yml]' via location 'file:/var/folders/sb/jdhnfqfx10lf655k623_tl400000gn/T/config-repo-2289400466433756153/'
2023-10-29 22:14:37 [http-nio-8888-exec-5] INFO  o.s.c.c.s.e.NativeEnvironmentRepository - Adding property source: Config resource 'file [/var/folders/sb/jdhnfqfx10lf655k623_tl400000gn/T/config-repo-2289400466433756153/config-client.yml]' via location 'file:/var/folders/sb/jdhnfqfx10lf655k623_tl400000gn/T/config-repo-2289400466433756153/'
2023-10-29 22:15:46 [http-nio-8888-exec-7] DEBUG o.s.security.web.FilterChainProxy - Securing GET /elastic-query-web-client,config-client/elastic_query_web
2023-10-29 22:15:46 [http-nio-8888-exec-7] DEBUG o.s.s.a.d.DaoAuthenticationProvider - Authenticated user
2023-10-29 22:15:46 [http-nio-8888-exec-7] DEBUG o.s.s.w.a.w.BasicAuthenticationFilter - Set SecurityContextHolder to UsernamePasswordAuthenticationToken [Principal=org.springframework.security.core.userdetails.User [Username=spring_cloud_user, Password=[PROTECTED], Enabled=true, AccountNonExpired=true, credentialsNonExpired=true, AccountNonLocked=true, Granted Authorities=[]], Credentials=[PROTECTED], Authenticated=true, Details=WebAuthenticationDetails [RemoteIpAddress=127.0.0.1, SessionId=null], Granted Authorities=[]]
2023-10-29 22:15:46 [http-nio-8888-exec-7] DEBUG o.s.security.web.FilterChainProxy - Secured GET /elastic-query-web-client,config-client/elastic_query_web
2023-10-29 22:15:46 [http-nio-8888-exec-7] DEBUG o.s.c.c.s.s.GitCredentialsProviderFactory - Constructing UsernamePasswordCredentialsProvider for URI https://github.com/ttlinh-O/config-server-repository
2023-10-29 22:15:49 [http-nio-8888-exec-7] INFO  o.s.c.c.s.e.NativeEnvironmentRepository - Adding property source: Config resource 'file [/var/folders/sb/jdhnfqfx10lf655k623_tl400000gn/T/config-repo-2289400466433756153/config-client-elastic_query_web.yml]' via location 'file:/var/folders/sb/jdhnfqfx10lf655k623_tl400000gn/T/config-repo-2289400466433756153/'
2023-10-29 22:15:49 [http-nio-8888-exec-7] INFO  o.s.c.c.s.e.NativeEnvironmentRepository - Adding property source: Config resource 'file [/var/folders/sb/jdhnfqfx10lf655k623_tl400000gn/T/config-repo-2289400466433756153/config-client.yml]' via location 'file:/var/folders/sb/jdhnfqfx10lf655k623_tl400000gn/T/config-repo-2289400466433756153/'
2023-10-29 22:19:55 [http-nio-8888-exec-9] DEBUG o.s.security.web.FilterChainProxy - Securing GET /elastic-query-web-client,config-client/elastic_query_web
2023-10-29 22:19:55 [http-nio-8888-exec-9] DEBUG o.s.s.a.d.DaoAuthenticationProvider - Authenticated user
2023-10-29 22:19:55 [http-nio-8888-exec-9] DEBUG o.s.s.w.a.w.BasicAuthenticationFilter - Set SecurityContextHolder to UsernamePasswordAuthenticationToken [Principal=org.springframework.security.core.userdetails.User [Username=spring_cloud_user, Password=[PROTECTED], Enabled=true, AccountNonExpired=true, credentialsNonExpired=true, AccountNonLocked=true, Granted Authorities=[]], Credentials=[PROTECTED], Authenticated=true, Details=WebAuthenticationDetails [RemoteIpAddress=127.0.0.1, SessionId=null], Granted Authorities=[]]
2023-10-29 22:19:55 [http-nio-8888-exec-9] DEBUG o.s.security.web.FilterChainProxy - Secured GET /elastic-query-web-client,config-client/elastic_query_web
2023-10-29 22:19:55 [http-nio-8888-exec-9] DEBUG o.s.c.c.s.s.GitCredentialsProviderFactory - Constructing UsernamePasswordCredentialsProvider for URI https://github.com/ttlinh-O/config-server-repository
2023-10-29 22:19:58 [http-nio-8888-exec-9] INFO  o.s.c.c.s.e.NativeEnvironmentRepository - Adding property source: Config resource 'file [/var/folders/sb/jdhnfqfx10lf655k623_tl400000gn/T/config-repo-2289400466433756153/config-client-elastic_query_web.yml]' via location 'file:/var/folders/sb/jdhnfqfx10lf655k623_tl400000gn/T/config-repo-2289400466433756153/'
2023-10-29 22:19:58 [http-nio-8888-exec-9] INFO  o.s.c.c.s.e.NativeEnvironmentRepository - Adding property source: Config resource 'file [/var/folders/sb/jdhnfqfx10lf655k623_tl400000gn/T/config-repo-2289400466433756153/config-client.yml]' via location 'file:/var/folders/sb/jdhnfqfx10lf655k623_tl400000gn/T/config-repo-2289400466433756153/'
2023-10-29 22:28:57 [http-nio-8888-exec-1] DEBUG o.s.security.web.FilterChainProxy - Securing GET /elastic-query-service,config-client/elastic_query
2023-10-29 22:28:58 [http-nio-8888-exec-1] DEBUG o.s.s.a.d.DaoAuthenticationProvider - Authenticated user
2023-10-29 22:28:58 [http-nio-8888-exec-1] DEBUG o.s.s.w.a.w.BasicAuthenticationFilter - Set SecurityContextHolder to UsernamePasswordAuthenticationToken [Principal=org.springframework.security.core.userdetails.User [Username=spring_cloud_user, Password=[PROTECTED], Enabled=true, AccountNonExpired=true, credentialsNonExpired=true, AccountNonLocked=true, Granted Authorities=[]], Credentials=[PROTECTED], Authenticated=true, Details=WebAuthenticationDetails [RemoteIpAddress=127.0.0.1, SessionId=null], Granted Authorities=[]]
2023-10-29 22:28:58 [http-nio-8888-exec-1] DEBUG o.s.security.web.FilterChainProxy - Secured GET /elastic-query-service,config-client/elastic_query
2023-10-29 22:28:58 [http-nio-8888-exec-1] DEBUG o.s.c.c.s.s.GitCredentialsProviderFactory - Constructing UsernamePasswordCredentialsProvider for URI https://github.com/ttlinh-O/config-server-repository
2023-10-29 22:29:01 [http-nio-8888-exec-1] INFO  o.s.c.c.s.e.NativeEnvironmentRepository - Adding property source: Config resource 'file [/var/folders/sb/jdhnfqfx10lf655k623_tl400000gn/T/config-repo-2289400466433756153/config-client-elastic_query.yml]' via location 'file:/var/folders/sb/jdhnfqfx10lf655k623_tl400000gn/T/config-repo-2289400466433756153/'
2023-10-29 22:29:01 [http-nio-8888-exec-1] INFO  o.s.c.c.s.e.NativeEnvironmentRepository - Adding property source: Config resource 'file [/var/folders/sb/jdhnfqfx10lf655k623_tl400000gn/T/config-repo-2289400466433756153/config-client.yml]' via location 'file:/var/folders/sb/jdhnfqfx10lf655k623_tl400000gn/T/config-repo-2289400466433756153/'
2023-10-29 22:32:39 [http-nio-8888-exec-3] DEBUG o.s.security.web.FilterChainProxy - Securing GET /elastic-query-web-client,config-client/elastic_query_web
2023-10-29 22:32:39 [http-nio-8888-exec-3] DEBUG o.s.s.a.d.DaoAuthenticationProvider - Authenticated user
2023-10-29 22:32:39 [http-nio-8888-exec-3] DEBUG o.s.s.w.a.w.BasicAuthenticationFilter - Set SecurityContextHolder to UsernamePasswordAuthenticationToken [Principal=org.springframework.security.core.userdetails.User [Username=spring_cloud_user, Password=[PROTECTED], Enabled=true, AccountNonExpired=true, credentialsNonExpired=true, AccountNonLocked=true, Granted Authorities=[]], Credentials=[PROTECTED], Authenticated=true, Details=WebAuthenticationDetails [RemoteIpAddress=127.0.0.1, SessionId=null], Granted Authorities=[]]
2023-10-29 22:32:39 [http-nio-8888-exec-3] DEBUG o.s.security.web.FilterChainProxy - Secured GET /elastic-query-web-client,config-client/elastic_query_web
2023-10-29 22:32:39 [http-nio-8888-exec-3] DEBUG o.s.c.c.s.s.GitCredentialsProviderFactory - Constructing UsernamePasswordCredentialsProvider for URI https://github.com/ttlinh-O/config-server-repository
2023-10-29 22:32:43 [http-nio-8888-exec-3] INFO  o.s.c.c.s.e.NativeEnvironmentRepository - Adding property source: Config resource 'file [/var/folders/sb/jdhnfqfx10lf655k623_tl400000gn/T/config-repo-2289400466433756153/config-client-elastic_query_web.yml]' via location 'file:/var/folders/sb/jdhnfqfx10lf655k623_tl400000gn/T/config-repo-2289400466433756153/'
2023-10-29 22:32:43 [http-nio-8888-exec-3] INFO  o.s.c.c.s.e.NativeEnvironmentRepository - Adding property source: Config resource 'file [/var/folders/sb/jdhnfqfx10lf655k623_tl400000gn/T/config-repo-2289400466433756153/config-client.yml]' via location 'file:/var/folders/sb/jdhnfqfx10lf655k623_tl400000gn/T/config-repo-2289400466433756153/'
2023-10-29 22:33:32 [http-nio-8888-exec-5] DEBUG o.s.security.web.FilterChainProxy - Securing GET /elastic-query-web-client,config-client/elastic_query_web
2023-10-29 22:33:32 [http-nio-8888-exec-5] DEBUG o.s.s.a.d.DaoAuthenticationProvider - Authenticated user
2023-10-29 22:33:32 [http-nio-8888-exec-5] DEBUG o.s.s.w.a.w.BasicAuthenticationFilter - Set SecurityContextHolder to UsernamePasswordAuthenticationToken [Principal=org.springframework.security.core.userdetails.User [Username=spring_cloud_user, Password=[PROTECTED], Enabled=true, AccountNonExpired=true, credentialsNonExpired=true, AccountNonLocked=true, Granted Authorities=[]], Credentials=[PROTECTED], Authenticated=true, Details=WebAuthenticationDetails [RemoteIpAddress=127.0.0.1, SessionId=null], Granted Authorities=[]]
2023-10-29 22:33:32 [http-nio-8888-exec-5] DEBUG o.s.security.web.FilterChainProxy - Secured GET /elastic-query-web-client,config-client/elastic_query_web
2023-10-29 22:33:32 [http-nio-8888-exec-5] DEBUG o.s.c.c.s.s.GitCredentialsProviderFactory - Constructing UsernamePasswordCredentialsProvider for URI https://github.com/ttlinh-O/config-server-repository
2023-10-29 22:33:35 [http-nio-8888-exec-5] INFO  o.s.c.c.s.e.NativeEnvironmentRepository - Adding property source: Config resource 'file [/var/folders/sb/jdhnfqfx10lf655k623_tl400000gn/T/config-repo-2289400466433756153/config-client-elastic_query_web.yml]' via location 'file:/var/folders/sb/jdhnfqfx10lf655k623_tl400000gn/T/config-repo-2289400466433756153/'
2023-10-29 22:33:35 [http-nio-8888-exec-5] INFO  o.s.c.c.s.e.NativeEnvironmentRepository - Adding property source: Config resource 'file [/var/folders/sb/jdhnfqfx10lf655k623_tl400000gn/T/config-repo-2289400466433756153/config-client.yml]' via location 'file:/var/folders/sb/jdhnfqfx10lf655k623_tl400000gn/T/config-repo-2289400466433756153/'
2023-10-29 22:33:56 [http-nio-8888-exec-7] DEBUG o.s.security.web.FilterChainProxy - Securing GET /elastic-query-web-client,config-client/elastic_query_web
2023-10-29 22:33:56 [http-nio-8888-exec-7] DEBUG o.s.s.a.d.DaoAuthenticationProvider - Authenticated user
2023-10-29 22:33:56 [http-nio-8888-exec-7] DEBUG o.s.s.w.a.w.BasicAuthenticationFilter - Set SecurityContextHolder to UsernamePasswordAuthenticationToken [Principal=org.springframework.security.core.userdetails.User [Username=spring_cloud_user, Password=[PROTECTED], Enabled=true, AccountNonExpired=true, credentialsNonExpired=true, AccountNonLocked=true, Granted Authorities=[]], Credentials=[PROTECTED], Authenticated=true, Details=WebAuthenticationDetails [RemoteIpAddress=127.0.0.1, SessionId=null], Granted Authorities=[]]
2023-10-29 22:33:56 [http-nio-8888-exec-7] DEBUG o.s.security.web.FilterChainProxy - Secured GET /elastic-query-web-client,config-client/elastic_query_web
2023-10-29 22:33:56 [http-nio-8888-exec-7] DEBUG o.s.c.c.s.s.GitCredentialsProviderFactory - Constructing UsernamePasswordCredentialsProvider for URI https://github.com/ttlinh-O/config-server-repository
2023-10-29 22:33:59 [http-nio-8888-exec-7] INFO  o.s.c.c.s.e.NativeEnvironmentRepository - Adding property source: Config resource 'file [/var/folders/sb/jdhnfqfx10lf655k623_tl400000gn/T/config-repo-2289400466433756153/config-client-elastic_query_web.yml]' via location 'file:/var/folders/sb/jdhnfqfx10lf655k623_tl400000gn/T/config-repo-2289400466433756153/'
2023-10-29 22:33:59 [http-nio-8888-exec-7] INFO  o.s.c.c.s.e.NativeEnvironmentRepository - Adding property source: Config resource 'file [/var/folders/sb/jdhnfqfx10lf655k623_tl400000gn/T/config-repo-2289400466433756153/config-client.yml]' via location 'file:/var/folders/sb/jdhnfqfx10lf655k623_tl400000gn/T/config-repo-2289400466433756153/'
2023-10-29 23:20:35 [background-preinit] INFO  o.h.validator.internal.util.Version - HV000001: Hibernate Validator 8.0.1.Final
2023-10-29 23:20:36 [main] INFO  c.e.c.ConfigServerApplication - Starting ConfigServerApplication using Java 17.0.7 with PID 34507 (/Users/ttlinh/Work/Practice/Microservices/springboot-kafka-elastic/config-server/build/classes/java/main started by ttlinh in /Users/ttlinh/Work/Practice/Microservices/springboot-kafka-elastic/CommonConfig)
2023-10-29 23:20:36 [main] INFO  c.e.c.ConfigServerApplication - No active profile set, falling back to 1 default profile: "default"
2023-10-29 23:20:36 [main] INFO  o.s.cloud.context.scope.GenericScope - BeanFactory id=4b895139-da17-3bb4-ba00-40348301d424
2023-10-29 23:20:36 [main] INFO  o.s.b.w.e.tomcat.TomcatWebServer - Tomcat initialized with port(s): 8888 (http)
2023-10-29 23:20:36 [main] INFO  o.a.coyote.http11.Http11NioProtocol - Initializing ProtocolHandler ["http-nio-8888"]
2023-10-29 23:20:36 [main] INFO  o.a.catalina.core.StandardService - Starting service [Tomcat]
2023-10-29 23:20:36 [main] INFO  o.a.catalina.core.StandardEngine - Starting Servlet engine: [Apache Tomcat/10.1.13]
2023-10-29 23:20:36 [main] INFO  o.a.c.c.C.[Tomcat].[localhost].[/] - Initializing Spring embedded WebApplicationContext
2023-10-29 23:20:36 [main] INFO  o.s.b.w.s.c.ServletWebServerApplicationContext - Root WebApplicationContext: initialization completed in 728 ms
2023-10-29 23:20:37 [main] INFO  o.s.s.web.DefaultSecurityFilterChain - Will secure any request with [org.springframework.security.web.session.DisableEncodeUrlFilter@76e4212, org.springframework.security.web.context.request.async.WebAsyncManagerIntegrationFilter@23121d14, org.springframework.security.web.context.SecurityContextHolderFilter@2bf2d6eb, org.springframework.security.web.header.HeaderWriterFilter@2f4d32bf, org.springframework.security.web.csrf.CsrfFilter@743d0d44, org.springframework.security.web.authentication.logout.LogoutFilter@7ea71fc2, org.springframework.security.web.authentication.UsernamePasswordAuthenticationFilter@1a2e563e, org.springframework.security.web.authentication.ui.DefaultLoginPageGeneratingFilter@11e71181, org.springframework.security.web.authentication.ui.DefaultLogoutPageGeneratingFilter@72af90e8, org.springframework.security.web.authentication.www.BasicAuthenticationFilter@3be3e76c, org.springframework.security.web.savedrequest.RequestCacheAwareFilter@76a9a009, org.springframework.security.web.servletapi.SecurityContextHolderAwareRequestFilter@4faf1f4, org.springframework.security.web.authentication.AnonymousAuthenticationFilter@aa1bb14, org.springframework.security.web.access.ExceptionTranslationFilter@4b3a01d8, org.springframework.security.web.access.intercept.AuthorizationFilter@79cb8ffa]
2023-10-29 23:20:37 [main] WARN  o.s.s.c.a.web.builders.WebSecurity - You are asking Spring Security to ignore Mvc [pattern='/actuator/**']. This is not recommended -- please use permitAll via HttpSecurity#authorizeHttpRequests instead.
2023-10-29 23:20:37 [main] INFO  o.s.s.web.DefaultSecurityFilterChain - Will not secure Mvc [pattern='/actuator/**']
2023-10-29 23:20:37 [main] WARN  o.s.s.c.a.web.builders.WebSecurity - You are asking Spring Security to ignore Mvc [pattern='/encrypt/**']. This is not recommended -- please use permitAll via HttpSecurity#authorizeHttpRequests instead.
2023-10-29 23:20:37 [main] INFO  o.s.s.web.DefaultSecurityFilterChain - Will not secure Mvc [pattern='/encrypt/**']
2023-10-29 23:20:37 [main] WARN  o.s.s.c.a.web.builders.WebSecurity - You are asking Spring Security to ignore Mvc [pattern='decrypt/**']. This is not recommended -- please use permitAll via HttpSecurity#authorizeHttpRequests instead.
2023-10-29 23:20:37 [main] INFO  o.s.s.web.DefaultSecurityFilterChain - Will not secure Mvc [pattern='decrypt/**']
2023-10-29 23:20:37 [main] DEBUG o.s.c.c.s.s.GitCredentialsProviderFactory - Constructing UsernamePasswordCredentialsProvider for URI https://github.com/ttlinh-O/config-server-repository
2023-10-29 23:20:37 [main] INFO  o.a.s.c.u.s.b.BouncyCastleSecurityProviderRegistrar - getOrCreateProvider(BC) created instance of org.bouncycastle.jce.provider.BouncyCastleProvider
2023-10-29 23:20:37 [main] INFO  o.a.s.c.u.s.e.EdDSASecurityProviderRegistrar - getOrCreateProvider(EdDSA) created instance of net.i2p.crypto.eddsa.EdDSASecurityProvider
2023-10-29 23:20:37 [main] INFO  o.a.s.c.i.DefaultIoServiceFactoryFactory - No detected/configured IoServiceFactoryFactory; using Nio2ServiceFactoryFactory
2023-10-29 23:20:41 [main] INFO  o.a.coyote.http11.Http11NioProtocol - Starting ProtocolHandler ["http-nio-8888"]
2023-10-29 23:20:41 [main] INFO  o.s.b.w.e.tomcat.TomcatWebServer - Tomcat started on port(s): 8888 (http) with context path ''
2023-10-29 23:20:41 [main] INFO  c.e.c.ConfigServerApplication - Started ConfigServerApplication in 6.147 seconds (process running for 6.798)
2023-10-29 23:20:46 [http-nio-8888-exec-1] INFO  o.a.c.c.C.[Tomcat].[localhost].[/] - Initializing Spring DispatcherServlet 'dispatcherServlet'
2023-10-29 23:20:46 [http-nio-8888-exec-1] INFO  o.s.web.servlet.DispatcherServlet - Initializing Servlet 'dispatcherServlet'
2023-10-29 23:20:46 [http-nio-8888-exec-1] INFO  o.s.web.servlet.DispatcherServlet - Completed initialization in 2 ms
2023-10-29 23:20:46 [http-nio-8888-exec-1] DEBUG o.s.security.web.FilterChainProxy - Securing GET /elastic-query-web-client,config-client/elastic_query_web
2023-10-29 23:20:46 [http-nio-8888-exec-1] DEBUG o.s.s.a.d.DaoAuthenticationProvider - Authenticated user
2023-10-29 23:20:46 [http-nio-8888-exec-1] DEBUG o.s.s.w.a.w.BasicAuthenticationFilter - Set SecurityContextHolder to UsernamePasswordAuthenticationToken [Principal=org.springframework.security.core.userdetails.User [Username=spring_cloud_user, Password=[PROTECTED], Enabled=true, AccountNonExpired=true, credentialsNonExpired=true, AccountNonLocked=true, Granted Authorities=[]], Credentials=[PROTECTED], Authenticated=true, Details=WebAuthenticationDetails [RemoteIpAddress=127.0.0.1, SessionId=null], Granted Authorities=[]]
2023-10-29 23:20:46 [http-nio-8888-exec-1] DEBUG o.s.security.web.FilterChainProxy - Secured GET /elastic-query-web-client,config-client/elastic_query_web
2023-10-29 23:20:46 [http-nio-8888-exec-1] DEBUG o.s.c.c.s.s.GitCredentialsProviderFactory - Constructing UsernamePasswordCredentialsProvider for URI https://github.com/ttlinh-O/config-server-repository
2023-10-29 23:20:49 [http-nio-8888-exec-1] INFO  o.s.c.c.s.e.NativeEnvironmentRepository - Adding property source: Config resource 'file [/var/folders/sb/jdhnfqfx10lf655k623_tl400000gn/T/config-repo-2114376667731784434/config-client-elastic_query_web.yml]' via location 'file:/var/folders/sb/jdhnfqfx10lf655k623_tl400000gn/T/config-repo-2114376667731784434/'
2023-10-29 23:20:49 [http-nio-8888-exec-1] INFO  o.s.c.c.s.e.NativeEnvironmentRepository - Adding property source: Config resource 'file [/var/folders/sb/jdhnfqfx10lf655k623_tl400000gn/T/config-repo-2114376667731784434/config-client.yml]' via location 'file:/var/folders/sb/jdhnfqfx10lf655k623_tl400000gn/T/config-repo-2114376667731784434/'
2023-10-29 23:21:08 [http-nio-8888-exec-3] DEBUG o.s.security.web.FilterChainProxy - Securing GET /elastic-query-web-client,config-client/elastic_query_web
2023-10-29 23:21:08 [http-nio-8888-exec-3] DEBUG o.s.s.a.d.DaoAuthenticationProvider - Authenticated user
2023-10-29 23:21:08 [http-nio-8888-exec-3] DEBUG o.s.s.w.a.w.BasicAuthenticationFilter - Set SecurityContextHolder to UsernamePasswordAuthenticationToken [Principal=org.springframework.security.core.userdetails.User [Username=spring_cloud_user, Password=[PROTECTED], Enabled=true, AccountNonExpired=true, credentialsNonExpired=true, AccountNonLocked=true, Granted Authorities=[]], Credentials=[PROTECTED], Authenticated=true, Details=WebAuthenticationDetails [RemoteIpAddress=127.0.0.1, SessionId=null], Granted Authorities=[]]
2023-10-29 23:21:08 [http-nio-8888-exec-3] DEBUG o.s.security.web.FilterChainProxy - Secured GET /elastic-query-web-client,config-client/elastic_query_web
2023-10-29 23:21:08 [http-nio-8888-exec-3] DEBUG o.s.c.c.s.s.GitCredentialsProviderFactory - Constructing UsernamePasswordCredentialsProvider for URI https://github.com/ttlinh-O/config-server-repository
2023-10-29 23:21:11 [http-nio-8888-exec-3] INFO  o.s.c.c.s.e.NativeEnvironmentRepository - Adding property source: Config resource 'file [/var/folders/sb/jdhnfqfx10lf655k623_tl400000gn/T/config-repo-2114376667731784434/config-client-elastic_query_web.yml]' via location 'file:/var/folders/sb/jdhnfqfx10lf655k623_tl400000gn/T/config-repo-2114376667731784434/'
2023-10-29 23:21:11 [http-nio-8888-exec-3] INFO  o.s.c.c.s.e.NativeEnvironmentRepository - Adding property source: Config resource 'file [/var/folders/sb/jdhnfqfx10lf655k623_tl400000gn/T/config-repo-2114376667731784434/config-client.yml]' via location 'file:/var/folders/sb/jdhnfqfx10lf655k623_tl400000gn/T/config-repo-2114376667731784434/'
