2023-10-27 08:32:26 [http-nio-8888-exec-9] INFO  o.s.c.c.s.e.NativeEnvironmentRepository - Adding property source: Config resource 'file [/var/folders/sb/jdhnfqfx10lf655k623_tl400000gn/T/config-repo-10194652408789986870/config-client.yml]' via location 'file:/var/folders/sb/jdhnfqfx10lf655k623_tl400000gn/T/config-repo-10194652408789986870/'
2023-10-27 09:21:51 [http-nio-8888-exec-1] INFO  o.s.c.c.s.e.NativeEnvironmentRepository - Adding property source: Config resource 'file [/var/folders/sb/jdhnfqfx10lf655k623_tl400000gn/T/config-repo-10194652408789986870/config-client.yml]' via location 'file:/var/folders/sb/jdhnfqfx10lf655k623_tl400000gn/T/config-repo-10194652408789986870/'
2023-10-27 09:34:33 [background-preinit] INFO  o.h.validator.internal.util.Version - HV000001: Hibernate Validator 8.0.1.Final
2023-10-27 09:34:33 [main] INFO  c.e.c.ConfigServerApplication - Starting ConfigServerApplication using Java 17.0.7 with PID 28236 (/Users/ttlinh/Work/Practice/Microservices/springboot-kafka-elastic/config-server/build/classes/java/main started by ttlinh in /Users/ttlinh/Work/Practice/Microservices/springboot-kafka-elastic/CommonConfig)
2023-10-27 09:34:33 [main] INFO  c.e.c.ConfigServerApplication - No active profile set, falling back to 1 default profile: "default"
2023-10-27 09:34:34 [main] INFO  o.s.cloud.context.scope.GenericScope - BeanFactory id=4b895139-da17-3bb4-ba00-40348301d424
2023-10-27 09:34:34 [main] INFO  o.s.b.w.e.tomcat.TomcatWebServer - Tomcat initialized with port(s): 8888 (http)
2023-10-27 09:34:34 [main] INFO  o.a.coyote.http11.Http11NioProtocol - Initializing ProtocolHandler ["http-nio-8888"]
2023-10-27 09:34:34 [main] INFO  o.a.catalina.core.StandardService - Starting service [Tomcat]
2023-10-27 09:34:34 [main] INFO  o.a.catalina.core.StandardEngine - Starting Servlet engine: [Apache Tomcat/10.1.13]
2023-10-27 09:34:34 [main] INFO  o.a.c.c.C.[Tomcat].[localhost].[/] - Initializing Spring embedded WebApplicationContext
2023-10-27 09:34:34 [main] INFO  o.s.b.w.s.c.ServletWebServerApplicationContext - Root WebApplicationContext: initialization completed in 556 ms
2023-10-27 09:34:34 [main] INFO  o.s.s.web.DefaultSecurityFilterChain - Will secure any request with [org.springframework.security.web.session.DisableEncodeUrlFilter@9785903, org.springframework.security.web.context.request.async.WebAsyncManagerIntegrationFilter@34009349, org.springframework.security.web.context.SecurityContextHolderFilter@77324a58, org.springframework.security.web.header.HeaderWriterFilter@242ff747, org.springframework.security.web.csrf.CsrfFilter@30508066, org.springframework.security.web.authentication.logout.LogoutFilter@6dd79214, org.springframework.security.web.authentication.UsernamePasswordAuthenticationFilter@51f68849, org.springframework.security.web.authentication.ui.DefaultLoginPageGeneratingFilter@1c7f9861, org.springframework.security.web.authentication.ui.DefaultLogoutPageGeneratingFilter@3f68a7f8, org.springframework.security.web.authentication.www.BasicAuthenticationFilter@2bf2d6eb, org.springframework.security.web.savedrequest.RequestCacheAwareFilter@307cf964, org.springframework.security.web.servletapi.SecurityContextHolderAwareRequestFilter@7d50f2a8, org.springframework.security.web.authentication.AnonymousAuthenticationFilter@4faf1f4, org.springframework.security.web.access.ExceptionTranslationFilter@4409cae6, org.springframework.security.web.access.intercept.AuthorizationFilter@7761e342]
2023-10-27 09:34:34 [main] WARN  o.s.s.c.a.web.builders.WebSecurity - You are asking Spring Security to ignore Mvc [pattern='/actuator/**']. This is not recommended -- please use permitAll via HttpSecurity#authorizeHttpRequests instead.
2023-10-27 09:34:34 [main] INFO  o.s.s.web.DefaultSecurityFilterChain - Will not secure Mvc [pattern='/actuator/**']
2023-10-27 09:34:34 [main] WARN  o.s.s.c.a.web.builders.WebSecurity - You are asking Spring Security to ignore Mvc [pattern='/encrypt/**']. This is not recommended -- please use permitAll via HttpSecurity#authorizeHttpRequests instead.
2023-10-27 09:34:34 [main] INFO  o.s.s.web.DefaultSecurityFilterChain - Will not secure Mvc [pattern='/encrypt/**']
2023-10-27 09:34:34 [main] WARN  o.s.s.c.a.web.builders.WebSecurity - You are asking Spring Security to ignore Mvc [pattern='decrypt/**']. This is not recommended -- please use permitAll via HttpSecurity#authorizeHttpRequests instead.
2023-10-27 09:34:34 [main] INFO  o.s.s.web.DefaultSecurityFilterChain - Will not secure Mvc [pattern='decrypt/**']
2023-10-27 09:34:35 [main] INFO  o.a.s.c.u.s.b.BouncyCastleSecurityProviderRegistrar - getOrCreateProvider(BC) created instance of org.bouncycastle.jce.provider.BouncyCastleProvider
2023-10-27 09:34:35 [main] INFO  o.a.s.c.u.s.e.EdDSASecurityProviderRegistrar - getOrCreateProvider(EdDSA) created instance of net.i2p.crypto.eddsa.EdDSASecurityProvider
2023-10-27 09:34:35 [main] INFO  o.a.s.c.i.DefaultIoServiceFactoryFactory - No detected/configured IoServiceFactoryFactory; using Nio2ServiceFactoryFactory
2023-10-27 09:34:39 [main] INFO  o.a.coyote.http11.Http11NioProtocol - Starting ProtocolHandler ["http-nio-8888"]
2023-10-27 09:34:39 [main] WARN  o.s.b.w.s.c.AnnotationConfigServletWebServerApplicationContext - Exception encountered during context initialization - cancelling refresh attempt: org.springframework.context.ApplicationContextException: Failed to start bean 'webServerStartStop'
2023-10-27 09:34:39 [main] INFO  o.a.coyote.http11.Http11NioProtocol - Pausing ProtocolHandler ["http-nio-8888"]
2023-10-27 09:34:39 [main] INFO  o.a.catalina.core.StandardService - Stopping service [Tomcat]
2023-10-27 09:34:39 [main] INFO  o.a.coyote.http11.Http11NioProtocol - Stopping ProtocolHandler ["http-nio-8888"]
2023-10-27 09:34:39 [main] INFO  o.a.coyote.http11.Http11NioProtocol - Destroying ProtocolHandler ["http-nio-8888"]
2023-10-27 09:34:39 [main] INFO  o.s.b.a.l.ConditionEvaluationReportLogger - 

Error starting ApplicationContext. To display the condition evaluation report re-run your application with 'debug' enabled.
2023-10-27 09:34:39 [main] ERROR o.s.b.d.LoggingFailureAnalysisReporter - 

***************************
APPLICATION FAILED TO START
***************************

Description:

Web server failed to start. Port 8888 was already in use.

Action:

Identify and stop the process that's listening on port 8888 or configure this application to listen on another port.

2023-10-27 09:34:55 [background-preinit] INFO  o.h.validator.internal.util.Version - HV000001: Hibernate Validator 8.0.1.Final
2023-10-27 09:34:55 [main] INFO  c.e.c.ConfigServerApplication - Starting ConfigServerApplication using Java 17.0.7 with PID 28249 (/Users/ttlinh/Work/Practice/Microservices/springboot-kafka-elastic/config-server/build/classes/java/main started by ttlinh in /Users/ttlinh/Work/Practice/Microservices/springboot-kafka-elastic/CommonConfig)
2023-10-27 09:34:55 [main] INFO  c.e.c.ConfigServerApplication - No active profile set, falling back to 1 default profile: "default"
2023-10-27 09:34:56 [main] INFO  o.s.cloud.context.scope.GenericScope - BeanFactory id=4b895139-da17-3bb4-ba00-40348301d424
2023-10-27 09:34:56 [main] INFO  o.s.b.w.e.tomcat.TomcatWebServer - Tomcat initialized with port(s): 8888 (http)
2023-10-27 09:34:56 [main] INFO  o.a.coyote.http11.Http11NioProtocol - Initializing ProtocolHandler ["http-nio-8888"]
2023-10-27 09:34:56 [main] INFO  o.a.catalina.core.StandardService - Starting service [Tomcat]
2023-10-27 09:34:56 [main] INFO  o.a.catalina.core.StandardEngine - Starting Servlet engine: [Apache Tomcat/10.1.13]
2023-10-27 09:34:56 [main] INFO  o.a.c.c.C.[Tomcat].[localhost].[/] - Initializing Spring embedded WebApplicationContext
2023-10-27 09:34:56 [main] INFO  o.s.b.w.s.c.ServletWebServerApplicationContext - Root WebApplicationContext: initialization completed in 521 ms
2023-10-27 09:34:56 [main] INFO  o.s.s.web.DefaultSecurityFilterChain - Will secure any request with [org.springframework.security.web.session.DisableEncodeUrlFilter@3f68a7f8, org.springframework.security.web.context.request.async.WebAsyncManagerIntegrationFilter@4faf1f4, org.springframework.security.web.context.SecurityContextHolderFilter@307cf964, org.springframework.security.web.header.HeaderWriterFilter@597d48ca, org.springframework.security.web.csrf.CsrfFilter@27e44e9c, org.springframework.security.web.authentication.logout.LogoutFilter@123307c4, org.springframework.security.web.authentication.UsernamePasswordAuthenticationFilter@5520f675, org.springframework.security.web.authentication.ui.DefaultLoginPageGeneratingFilter@154b8cb6, org.springframework.security.web.authentication.ui.DefaultLogoutPageGeneratingFilter@4f811029, org.springframework.security.web.authentication.www.BasicAuthenticationFilter@76a9a009, org.springframework.security.web.savedrequest.RequestCacheAwareFilter@66713605, org.springframework.security.web.servletapi.SecurityContextHolderAwareRequestFilter@37ca3ca8, org.springframework.security.web.authentication.AnonymousAuthenticationFilter@7f2b584b, org.springframework.security.web.access.ExceptionTranslationFilter@242ff747, org.springframework.security.web.access.intercept.AuthorizationFilter@4eb9ae4d]
2023-10-27 09:34:56 [main] WARN  o.s.s.c.a.web.builders.WebSecurity - You are asking Spring Security to ignore Mvc [pattern='/actuator/**']. This is not recommended -- please use permitAll via HttpSecurity#authorizeHttpRequests instead.
2023-10-27 09:34:56 [main] INFO  o.s.s.web.DefaultSecurityFilterChain - Will not secure Mvc [pattern='/actuator/**']
2023-10-27 09:34:56 [main] WARN  o.s.s.c.a.web.builders.WebSecurity - You are asking Spring Security to ignore Mvc [pattern='/encrypt/**']. This is not recommended -- please use permitAll via HttpSecurity#authorizeHttpRequests instead.
2023-10-27 09:34:56 [main] INFO  o.s.s.web.DefaultSecurityFilterChain - Will not secure Mvc [pattern='/encrypt/**']
2023-10-27 09:34:56 [main] WARN  o.s.s.c.a.web.builders.WebSecurity - You are asking Spring Security to ignore Mvc [pattern='decrypt/**']. This is not recommended -- please use permitAll via HttpSecurity#authorizeHttpRequests instead.
2023-10-27 09:34:56 [main] INFO  o.s.s.web.DefaultSecurityFilterChain - Will not secure Mvc [pattern='decrypt/**']
2023-10-27 09:34:57 [main] INFO  o.a.s.c.u.s.b.BouncyCastleSecurityProviderRegistrar - getOrCreateProvider(BC) created instance of org.bouncycastle.jce.provider.BouncyCastleProvider
2023-10-27 09:34:57 [main] INFO  o.a.s.c.u.s.e.EdDSASecurityProviderRegistrar - getOrCreateProvider(EdDSA) created instance of net.i2p.crypto.eddsa.EdDSASecurityProvider
2023-10-27 09:34:57 [main] INFO  o.a.s.c.i.DefaultIoServiceFactoryFactory - No detected/configured IoServiceFactoryFactory; using Nio2ServiceFactoryFactory
2023-10-27 09:35:01 [main] INFO  o.a.coyote.http11.Http11NioProtocol - Starting ProtocolHandler ["http-nio-8888"]
2023-10-27 09:35:01 [main] WARN  o.s.b.w.s.c.AnnotationConfigServletWebServerApplicationContext - Exception encountered during context initialization - cancelling refresh attempt: org.springframework.context.ApplicationContextException: Failed to start bean 'webServerStartStop'
2023-10-27 09:35:01 [main] INFO  o.a.coyote.http11.Http11NioProtocol - Pausing ProtocolHandler ["http-nio-8888"]
2023-10-27 09:35:01 [main] INFO  o.a.catalina.core.StandardService - Stopping service [Tomcat]
2023-10-27 09:35:01 [main] INFO  o.a.coyote.http11.Http11NioProtocol - Stopping ProtocolHandler ["http-nio-8888"]
2023-10-27 09:35:01 [main] INFO  o.a.coyote.http11.Http11NioProtocol - Destroying ProtocolHandler ["http-nio-8888"]
2023-10-27 09:35:01 [main] INFO  o.s.b.a.l.ConditionEvaluationReportLogger - 

Error starting ApplicationContext. To display the condition evaluation report re-run your application with 'debug' enabled.
2023-10-27 09:35:01 [main] ERROR o.s.b.d.LoggingFailureAnalysisReporter - 

***************************
APPLICATION FAILED TO START
***************************

Description:

Web server failed to start. Port 8888 was already in use.

Action:

Identify and stop the process that's listening on port 8888 or configure this application to listen on another port.

2023-10-27 09:42:55 [background-preinit] INFO  o.h.validator.internal.util.Version - HV000001: Hibernate Validator 8.0.1.Final
2023-10-27 09:42:55 [main] INFO  c.e.c.ConfigServerApplication - Starting ConfigServerApplication using Java 17.0.7 with PID 28574 (/Users/ttlinh/Work/Practice/Microservices/springboot-kafka-elastic/config-server/build/classes/java/main started by ttlinh in /Users/ttlinh/Work/Practice/Microservices/springboot-kafka-elastic/CommonConfig)
2023-10-27 09:42:55 [main] INFO  c.e.c.ConfigServerApplication - No active profile set, falling back to 1 default profile: "default"
2023-10-27 09:42:55 [main] INFO  o.s.cloud.context.scope.GenericScope - BeanFactory id=4b895139-da17-3bb4-ba00-40348301d424
2023-10-27 09:42:55 [main] INFO  o.s.b.w.e.tomcat.TomcatWebServer - Tomcat initialized with port(s): 8888 (http)
2023-10-27 09:42:55 [main] INFO  o.a.coyote.http11.Http11NioProtocol - Initializing ProtocolHandler ["http-nio-8888"]
2023-10-27 09:42:55 [main] INFO  o.a.catalina.core.StandardService - Starting service [Tomcat]
2023-10-27 09:42:55 [main] INFO  o.a.catalina.core.StandardEngine - Starting Servlet engine: [Apache Tomcat/10.1.13]
2023-10-27 09:42:55 [main] INFO  o.a.c.c.C.[Tomcat].[localhost].[/] - Initializing Spring embedded WebApplicationContext
2023-10-27 09:42:55 [main] INFO  o.s.b.w.s.c.ServletWebServerApplicationContext - Root WebApplicationContext: initialization completed in 576 ms
2023-10-27 09:42:56 [main] INFO  o.s.s.web.DefaultSecurityFilterChain - Will secure any request with [org.springframework.security.web.session.DisableEncodeUrlFilter@1693ff90, org.springframework.security.web.context.request.async.WebAsyncManagerIntegrationFilter@47058864, org.springframework.security.web.context.SecurityContextHolderFilter@27e44e9c, org.springframework.security.web.header.HeaderWriterFilter@646d810b, org.springframework.security.web.csrf.CsrfFilter@403364e9, org.springframework.security.web.authentication.logout.LogoutFilter@191ec193, org.springframework.security.web.authentication.UsernamePasswordAuthenticationFilter@1fe8f5e8, org.springframework.security.web.authentication.ui.DefaultLoginPageGeneratingFilter@b06d46d, org.springframework.security.web.authentication.ui.DefaultLogoutPageGeneratingFilter@ad3f70a, org.springframework.security.web.authentication.www.BasicAuthenticationFilter@6dd79214, org.springframework.security.web.savedrequest.RequestCacheAwareFilter@1bee0085, org.springframework.security.web.servletapi.SecurityContextHolderAwareRequestFilter@18a98913, org.springframework.security.web.authentication.AnonymousAuthenticationFilter@54ccb3, org.springframework.security.web.access.ExceptionTranslationFilter@3711c71c, org.springframework.security.web.access.intercept.AuthorizationFilter@2e0ad709]
2023-10-27 09:42:56 [main] WARN  o.s.s.c.a.web.builders.WebSecurity - You are asking Spring Security to ignore Mvc [pattern='/actuator/**']. This is not recommended -- please use permitAll via HttpSecurity#authorizeHttpRequests instead.
2023-10-27 09:42:56 [main] INFO  o.s.s.web.DefaultSecurityFilterChain - Will not secure Mvc [pattern='/actuator/**']
2023-10-27 09:42:56 [main] WARN  o.s.s.c.a.web.builders.WebSecurity - You are asking Spring Security to ignore Mvc [pattern='/encrypt/**']. This is not recommended -- please use permitAll via HttpSecurity#authorizeHttpRequests instead.
2023-10-27 09:42:56 [main] INFO  o.s.s.web.DefaultSecurityFilterChain - Will not secure Mvc [pattern='/encrypt/**']
2023-10-27 09:42:56 [main] WARN  o.s.s.c.a.web.builders.WebSecurity - You are asking Spring Security to ignore Mvc [pattern='decrypt/**']. This is not recommended -- please use permitAll via HttpSecurity#authorizeHttpRequests instead.
2023-10-27 09:42:56 [main] INFO  o.s.s.web.DefaultSecurityFilterChain - Will not secure Mvc [pattern='decrypt/**']
2023-10-27 09:42:56 [main] INFO  o.a.s.c.u.s.b.BouncyCastleSecurityProviderRegistrar - getOrCreateProvider(BC) created instance of org.bouncycastle.jce.provider.BouncyCastleProvider
2023-10-27 09:42:56 [main] INFO  o.a.s.c.u.s.e.EdDSASecurityProviderRegistrar - getOrCreateProvider(EdDSA) created instance of net.i2p.crypto.eddsa.EdDSASecurityProvider
2023-10-27 09:42:57 [main] INFO  o.a.s.c.i.DefaultIoServiceFactoryFactory - No detected/configured IoServiceFactoryFactory; using Nio2ServiceFactoryFactory
2023-10-27 09:43:01 [main] INFO  o.a.coyote.http11.Http11NioProtocol - Starting ProtocolHandler ["http-nio-8888"]
2023-10-27 09:43:01 [main] WARN  o.s.b.w.s.c.AnnotationConfigServletWebServerApplicationContext - Exception encountered during context initialization - cancelling refresh attempt: org.springframework.context.ApplicationContextException: Failed to start bean 'webServerStartStop'
2023-10-27 09:43:01 [main] INFO  o.a.coyote.http11.Http11NioProtocol - Pausing ProtocolHandler ["http-nio-8888"]
2023-10-27 09:43:01 [main] INFO  o.a.catalina.core.StandardService - Stopping service [Tomcat]
2023-10-27 09:43:01 [main] INFO  o.a.coyote.http11.Http11NioProtocol - Stopping ProtocolHandler ["http-nio-8888"]
2023-10-27 09:43:01 [main] INFO  o.a.coyote.http11.Http11NioProtocol - Destroying ProtocolHandler ["http-nio-8888"]
2023-10-27 09:43:01 [main] INFO  o.s.b.a.l.ConditionEvaluationReportLogger - 

Error starting ApplicationContext. To display the condition evaluation report re-run your application with 'debug' enabled.
2023-10-27 09:43:01 [main] ERROR o.s.b.d.LoggingFailureAnalysisReporter - 

***************************
APPLICATION FAILED TO START
***************************

Description:

Web server failed to start. Port 8888 was already in use.

Action:

Identify and stop the process that's listening on port 8888 or configure this application to listen on another port.

2023-10-27 09:51:19 [background-preinit] INFO  o.h.validator.internal.util.Version - HV000001: Hibernate Validator 8.0.1.Final
2023-10-27 09:51:19 [main] INFO  c.e.c.ConfigServerApplication - Starting ConfigServerApplication using Java 17.0.7 with PID 1596 (/Users/ttlinh/Work/Practice/Microservices/springboot-kafka-elastic/config-server/build/classes/java/main started by ttlinh in /Users/ttlinh/Work/Practice/Microservices/springboot-kafka-elastic/CommonConfig)
2023-10-27 09:51:19 [main] INFO  c.e.c.ConfigServerApplication - No active profile set, falling back to 1 default profile: "default"
2023-10-27 09:51:20 [main] INFO  o.s.cloud.context.scope.GenericScope - BeanFactory id=4b895139-da17-3bb4-ba00-40348301d424
2023-10-27 09:51:20 [main] INFO  o.s.b.w.e.tomcat.TomcatWebServer - Tomcat initialized with port(s): 8888 (http)
2023-10-27 09:51:20 [main] INFO  o.a.coyote.http11.Http11NioProtocol - Initializing ProtocolHandler ["http-nio-8888"]
2023-10-27 09:51:20 [main] INFO  o.a.catalina.core.StandardService - Starting service [Tomcat]
2023-10-27 09:51:20 [main] INFO  o.a.catalina.core.StandardEngine - Starting Servlet engine: [Apache Tomcat/10.1.13]
2023-10-27 09:51:20 [main] INFO  o.a.c.c.C.[Tomcat].[localhost].[/] - Initializing Spring embedded WebApplicationContext
2023-10-27 09:51:20 [main] INFO  o.s.b.w.s.c.ServletWebServerApplicationContext - Root WebApplicationContext: initialization completed in 627 ms
2023-10-27 09:51:20 [main] INFO  o.s.s.web.DefaultSecurityFilterChain - Will secure any request with [org.springframework.security.web.session.DisableEncodeUrlFilter@35563e4c, org.springframework.security.web.context.request.async.WebAsyncManagerIntegrationFilter@6dd79214, org.springframework.security.web.context.SecurityContextHolderFilter@33e3bd2e, org.springframework.security.web.header.HeaderWriterFilter@72c4a3aa, org.springframework.security.web.csrf.CsrfFilter@4c4c7d6c, org.springframework.security.web.authentication.logout.LogoutFilter@2ab09943, org.springframework.security.web.authentication.UsernamePasswordAuthenticationFilter@1b7554d4, org.springframework.security.web.authentication.ui.DefaultLoginPageGeneratingFilter@7dbae40, org.springframework.security.web.authentication.ui.DefaultLogoutPageGeneratingFilter@ef86c72, org.springframework.security.web.authentication.www.BasicAuthenticationFilter@53016b11, org.springframework.security.web.savedrequest.RequestCacheAwareFilter@30508066, org.springframework.security.web.servletapi.SecurityContextHolderAwareRequestFilter@1bee0085, org.springframework.security.web.authentication.AnonymousAuthenticationFilter@123307c4, org.springframework.security.web.access.ExceptionTranslationFilter@6af87130, org.springframework.security.web.access.intercept.AuthorizationFilter@7b297740]
2023-10-27 09:51:20 [main] WARN  o.s.s.c.a.web.builders.WebSecurity - You are asking Spring Security to ignore Mvc [pattern='/actuator/**']. This is not recommended -- please use permitAll via HttpSecurity#authorizeHttpRequests instead.
2023-10-27 09:51:20 [main] INFO  o.s.s.web.DefaultSecurityFilterChain - Will not secure Mvc [pattern='/actuator/**']
2023-10-27 09:51:20 [main] WARN  o.s.s.c.a.web.builders.WebSecurity - You are asking Spring Security to ignore Mvc [pattern='/encrypt/**']. This is not recommended -- please use permitAll via HttpSecurity#authorizeHttpRequests instead.
2023-10-27 09:51:20 [main] INFO  o.s.s.web.DefaultSecurityFilterChain - Will not secure Mvc [pattern='/encrypt/**']
2023-10-27 09:51:20 [main] WARN  o.s.s.c.a.web.builders.WebSecurity - You are asking Spring Security to ignore Mvc [pattern='decrypt/**']. This is not recommended -- please use permitAll via HttpSecurity#authorizeHttpRequests instead.
2023-10-27 09:51:20 [main] INFO  o.s.s.web.DefaultSecurityFilterChain - Will not secure Mvc [pattern='decrypt/**']
2023-10-27 09:51:20 [main] INFO  o.a.s.c.u.s.b.BouncyCastleSecurityProviderRegistrar - getOrCreateProvider(BC) created instance of org.bouncycastle.jce.provider.BouncyCastleProvider
2023-10-27 09:51:20 [main] INFO  o.a.s.c.u.s.e.EdDSASecurityProviderRegistrar - getOrCreateProvider(EdDSA) created instance of net.i2p.crypto.eddsa.EdDSASecurityProvider
2023-10-27 09:51:21 [main] INFO  o.a.s.c.i.DefaultIoServiceFactoryFactory - No detected/configured IoServiceFactoryFactory; using Nio2ServiceFactoryFactory
2023-10-27 09:51:25 [main] INFO  o.a.coyote.http11.Http11NioProtocol - Starting ProtocolHandler ["http-nio-8888"]
2023-10-27 09:51:25 [main] INFO  o.s.b.w.e.tomcat.TomcatWebServer - Tomcat started on port(s): 8888 (http) with context path ''
2023-10-27 09:51:25 [main] INFO  c.e.c.ConfigServerApplication - Started ConfigServerApplication in 6.202 seconds (process running for 6.595)
2023-10-27 09:51:37 [http-nio-8888-exec-1] INFO  o.a.c.c.C.[Tomcat].[localhost].[/] - Initializing Spring DispatcherServlet 'dispatcherServlet'
2023-10-27 09:51:37 [http-nio-8888-exec-1] INFO  o.s.web.servlet.DispatcherServlet - Initializing Servlet 'dispatcherServlet'
2023-10-27 09:51:37 [http-nio-8888-exec-1] INFO  o.s.web.servlet.DispatcherServlet - Completed initialization in 0 ms
2023-10-27 09:51:40 [http-nio-8888-exec-1] INFO  o.s.c.c.s.e.NativeEnvironmentRepository - Adding property source: Config resource 'file [/var/folders/sb/jdhnfqfx10lf655k623_tl400000gn/T/config-repo-5647511707804583378/config-client.yml]' via location 'file:/var/folders/sb/jdhnfqfx10lf655k623_tl400000gn/T/config-repo-5647511707804583378/'
2023-10-27 09:55:23 [http-nio-8888-exec-3] INFO  o.s.c.c.s.e.NativeEnvironmentRepository - Adding property source: Config resource 'file [/var/folders/sb/jdhnfqfx10lf655k623_tl400000gn/T/config-repo-5647511707804583378/config-client.yml]' via location 'file:/var/folders/sb/jdhnfqfx10lf655k623_tl400000gn/T/config-repo-5647511707804583378/'
2023-10-27 10:42:13 [http-nio-8888-exec-5] INFO  o.s.c.c.s.e.NativeEnvironmentRepository - Adding property source: Config resource 'file [/var/folders/sb/jdhnfqfx10lf655k623_tl400000gn/T/config-repo-5647511707804583378/config-client-elastic_query.yml]' via location 'file:/var/folders/sb/jdhnfqfx10lf655k623_tl400000gn/T/config-repo-5647511707804583378/'
2023-10-27 10:42:13 [http-nio-8888-exec-5] INFO  o.s.c.c.s.e.NativeEnvironmentRepository - Adding property source: Config resource 'file [/var/folders/sb/jdhnfqfx10lf655k623_tl400000gn/T/config-repo-5647511707804583378/config-client.yml]' via location 'file:/var/folders/sb/jdhnfqfx10lf655k623_tl400000gn/T/config-repo-5647511707804583378/'
2023-10-27 10:42:40 [http-nio-8888-exec-7] INFO  o.s.c.c.s.e.NativeEnvironmentRepository - Adding property source: Config resource 'file [/var/folders/sb/jdhnfqfx10lf655k623_tl400000gn/T/config-repo-5647511707804583378/config-client-elastic_query.yml]' via location 'file:/var/folders/sb/jdhnfqfx10lf655k623_tl400000gn/T/config-repo-5647511707804583378/'
2023-10-27 10:42:40 [http-nio-8888-exec-7] INFO  o.s.c.c.s.e.NativeEnvironmentRepository - Adding property source: Config resource 'file [/var/folders/sb/jdhnfqfx10lf655k623_tl400000gn/T/config-repo-5647511707804583378/config-client.yml]' via location 'file:/var/folders/sb/jdhnfqfx10lf655k623_tl400000gn/T/config-repo-5647511707804583378/'
2023-10-27 10:56:33 [http-nio-8888-exec-9] INFO  o.s.c.c.s.e.NativeEnvironmentRepository - Adding property source: Config resource 'file [/var/folders/sb/jdhnfqfx10lf655k623_tl400000gn/T/config-repo-5647511707804583378/config-client-elastic_query.yml]' via location 'file:/var/folders/sb/jdhnfqfx10lf655k623_tl400000gn/T/config-repo-5647511707804583378/'
2023-10-27 10:56:33 [http-nio-8888-exec-9] INFO  o.s.c.c.s.e.NativeEnvironmentRepository - Adding property source: Config resource 'file [/var/folders/sb/jdhnfqfx10lf655k623_tl400000gn/T/config-repo-5647511707804583378/config-client.yml]' via location 'file:/var/folders/sb/jdhnfqfx10lf655k623_tl400000gn/T/config-repo-5647511707804583378/'
2023-10-27 11:00:43 [background-preinit] INFO  o.h.validator.internal.util.Version - HV000001: Hibernate Validator 8.0.1.Final
2023-10-27 11:00:43 [main] INFO  c.e.c.ConfigServerApplication - Starting ConfigServerApplication using Java 17.0.7 with PID 3026 (/Users/ttlinh/Work/Practice/Microservices/springboot-kafka-elastic/config-server/build/classes/java/main started by ttlinh in /Users/ttlinh/Work/Practice/Microservices/springboot-kafka-elastic/CommonConfig)
2023-10-27 11:00:43 [main] INFO  c.e.c.ConfigServerApplication - No active profile set, falling back to 1 default profile: "default"
2023-10-27 11:00:43 [main] INFO  o.s.cloud.context.scope.GenericScope - BeanFactory id=4b895139-da17-3bb4-ba00-40348301d424
2023-10-27 11:00:43 [main] INFO  o.s.b.w.e.tomcat.TomcatWebServer - Tomcat initialized with port(s): 8888 (http)
2023-10-27 11:00:43 [main] INFO  o.a.coyote.http11.Http11NioProtocol - Initializing ProtocolHandler ["http-nio-8888"]
2023-10-27 11:00:43 [main] INFO  o.a.catalina.core.StandardService - Starting service [Tomcat]
2023-10-27 11:00:43 [main] INFO  o.a.catalina.core.StandardEngine - Starting Servlet engine: [Apache Tomcat/10.1.13]
2023-10-27 11:00:43 [main] INFO  o.a.c.c.C.[Tomcat].[localhost].[/] - Initializing Spring embedded WebApplicationContext
2023-10-27 11:00:43 [main] INFO  o.s.b.w.s.c.ServletWebServerApplicationContext - Root WebApplicationContext: initialization completed in 529 ms
2023-10-27 11:00:43 [main] INFO  o.s.s.web.DefaultSecurityFilterChain - Will secure any request with [org.springframework.security.web.session.DisableEncodeUrlFilter@2e0ad709, org.springframework.security.web.context.request.async.WebAsyncManagerIntegrationFilter@1fe8f5e8, org.springframework.security.web.context.SecurityContextHolderFilter@27ab206, org.springframework.security.web.header.HeaderWriterFilter@7be94cd6, org.springframework.security.web.csrf.CsrfFilter@87f501f, org.springframework.security.web.authentication.logout.LogoutFilter@4409cae6, org.springframework.security.web.authentication.UsernamePasswordAuthenticationFilter@2ab09943, org.springframework.security.web.authentication.ui.DefaultLoginPageGeneratingFilter@646d810b, org.springframework.security.web.authentication.ui.DefaultLogoutPageGeneratingFilter@39449465, org.springframework.security.web.authentication.www.BasicAuthenticationFilter@1b7554d4, org.springframework.security.web.savedrequest.RequestCacheAwareFilter@6cc48a17, org.springframework.security.web.servletapi.SecurityContextHolderAwareRequestFilter@22a4ca4a, org.springframework.security.web.authentication.AnonymousAuthenticationFilter@6e3dd5ce, org.springframework.security.web.access.ExceptionTranslationFilter@1ecf0ac6, org.springframework.security.web.access.intercept.AuthorizationFilter@66713605]
2023-10-27 11:00:43 [main] WARN  o.s.s.c.a.web.builders.WebSecurity - You are asking Spring Security to ignore Mvc [pattern='/actuator/**']. This is not recommended -- please use permitAll via HttpSecurity#authorizeHttpRequests instead.
2023-10-27 11:00:43 [main] INFO  o.s.s.web.DefaultSecurityFilterChain - Will not secure Mvc [pattern='/actuator/**']
2023-10-27 11:00:43 [main] WARN  o.s.s.c.a.web.builders.WebSecurity - You are asking Spring Security to ignore Mvc [pattern='/encrypt/**']. This is not recommended -- please use permitAll via HttpSecurity#authorizeHttpRequests instead.
2023-10-27 11:00:43 [main] INFO  o.s.s.web.DefaultSecurityFilterChain - Will not secure Mvc [pattern='/encrypt/**']
2023-10-27 11:00:43 [main] WARN  o.s.s.c.a.web.builders.WebSecurity - You are asking Spring Security to ignore Mvc [pattern='decrypt/**']. This is not recommended -- please use permitAll via HttpSecurity#authorizeHttpRequests instead.
2023-10-27 11:00:43 [main] INFO  o.s.s.web.DefaultSecurityFilterChain - Will not secure Mvc [pattern='decrypt/**']
2023-10-27 11:00:44 [main] INFO  o.a.s.c.u.s.b.BouncyCastleSecurityProviderRegistrar - getOrCreateProvider(BC) created instance of org.bouncycastle.jce.provider.BouncyCastleProvider
2023-10-27 11:00:44 [main] INFO  o.a.s.c.u.s.e.EdDSASecurityProviderRegistrar - getOrCreateProvider(EdDSA) created instance of net.i2p.crypto.eddsa.EdDSASecurityProvider
2023-10-27 11:00:44 [main] INFO  o.a.s.c.i.DefaultIoServiceFactoryFactory - No detected/configured IoServiceFactoryFactory; using Nio2ServiceFactoryFactory
2023-10-27 11:00:48 [main] INFO  o.a.coyote.http11.Http11NioProtocol - Starting ProtocolHandler ["http-nio-8888"]
2023-10-27 11:00:48 [main] INFO  o.s.b.w.e.tomcat.TomcatWebServer - Tomcat started on port(s): 8888 (http) with context path ''
2023-10-27 11:00:48 [main] INFO  c.e.c.ConfigServerApplication - Started ConfigServerApplication in 5.811 seconds (process running for 6.264)
2023-10-27 11:00:58 [http-nio-8888-exec-1] INFO  o.a.c.c.C.[Tomcat].[localhost].[/] - Initializing Spring DispatcherServlet 'dispatcherServlet'
2023-10-27 11:00:58 [http-nio-8888-exec-1] INFO  o.s.web.servlet.DispatcherServlet - Initializing Servlet 'dispatcherServlet'
2023-10-27 11:00:58 [http-nio-8888-exec-1] INFO  o.s.web.servlet.DispatcherServlet - Completed initialization in 1 ms
2023-10-27 11:01:01 [http-nio-8888-exec-1] INFO  o.s.c.c.s.e.NativeEnvironmentRepository - Adding property source: Config resource 'file [/var/folders/sb/jdhnfqfx10lf655k623_tl400000gn/T/config-repo-4780825253436625127/config-client-elastic_query.yml]' via location 'file:/var/folders/sb/jdhnfqfx10lf655k623_tl400000gn/T/config-repo-4780825253436625127/'
2023-10-27 11:01:01 [http-nio-8888-exec-1] INFO  o.s.c.c.s.e.NativeEnvironmentRepository - Adding property source: Config resource 'file [/var/folders/sb/jdhnfqfx10lf655k623_tl400000gn/T/config-repo-4780825253436625127/config-client.yml]' via location 'file:/var/folders/sb/jdhnfqfx10lf655k623_tl400000gn/T/config-repo-4780825253436625127/'
2023-10-27 11:28:56 [http-nio-8888-exec-3] INFO  o.s.c.c.s.e.NativeEnvironmentRepository - Adding property source: Config resource 'file [/var/folders/sb/jdhnfqfx10lf655k623_tl400000gn/T/config-repo-4780825253436625127/config-client-elastic_query.yml]' via location 'file:/var/folders/sb/jdhnfqfx10lf655k623_tl400000gn/T/config-repo-4780825253436625127/'
2023-10-27 11:28:56 [http-nio-8888-exec-3] INFO  o.s.c.c.s.e.NativeEnvironmentRepository - Adding property source: Config resource 'file [/var/folders/sb/jdhnfqfx10lf655k623_tl400000gn/T/config-repo-4780825253436625127/config-client.yml]' via location 'file:/var/folders/sb/jdhnfqfx10lf655k623_tl400000gn/T/config-repo-4780825253436625127/'
2023-10-27 11:31:16 [http-nio-8888-exec-5] INFO  o.s.c.c.s.e.NativeEnvironmentRepository - Adding property source: Config resource 'file [/var/folders/sb/jdhnfqfx10lf655k623_tl400000gn/T/config-repo-4780825253436625127/config-client-elastic_query.yml]' via location 'file:/var/folders/sb/jdhnfqfx10lf655k623_tl400000gn/T/config-repo-4780825253436625127/'
2023-10-27 11:31:16 [http-nio-8888-exec-5] INFO  o.s.c.c.s.e.NativeEnvironmentRepository - Adding property source: Config resource 'file [/var/folders/sb/jdhnfqfx10lf655k623_tl400000gn/T/config-repo-4780825253436625127/config-client.yml]' via location 'file:/var/folders/sb/jdhnfqfx10lf655k623_tl400000gn/T/config-repo-4780825253436625127/'
2023-10-27 11:38:41 [http-nio-8888-exec-7] INFO  o.s.c.c.s.e.NativeEnvironmentRepository - Adding property source: Config resource 'file [/var/folders/sb/jdhnfqfx10lf655k623_tl400000gn/T/config-repo-4780825253436625127/config-client-elastic_query.yml]' via location 'file:/var/folders/sb/jdhnfqfx10lf655k623_tl400000gn/T/config-repo-4780825253436625127/'
2023-10-27 11:38:41 [http-nio-8888-exec-7] INFO  o.s.c.c.s.e.NativeEnvironmentRepository - Adding property source: Config resource 'file [/var/folders/sb/jdhnfqfx10lf655k623_tl400000gn/T/config-repo-4780825253436625127/config-client.yml]' via location 'file:/var/folders/sb/jdhnfqfx10lf655k623_tl400000gn/T/config-repo-4780825253436625127/'
2023-10-27 11:39:38 [http-nio-8888-exec-9] INFO  o.s.c.c.s.e.NativeEnvironmentRepository - Adding property source: Config resource 'file [/var/folders/sb/jdhnfqfx10lf655k623_tl400000gn/T/config-repo-4780825253436625127/config-client-elastic_query.yml]' via location 'file:/var/folders/sb/jdhnfqfx10lf655k623_tl400000gn/T/config-repo-4780825253436625127/'
2023-10-27 11:39:38 [http-nio-8888-exec-9] INFO  o.s.c.c.s.e.NativeEnvironmentRepository - Adding property source: Config resource 'file [/var/folders/sb/jdhnfqfx10lf655k623_tl400000gn/T/config-repo-4780825253436625127/config-client.yml]' via location 'file:/var/folders/sb/jdhnfqfx10lf655k623_tl400000gn/T/config-repo-4780825253436625127/'
2023-10-27 11:42:01 [http-nio-8888-exec-1] INFO  o.s.c.c.s.e.NativeEnvironmentRepository - Adding property source: Config resource 'file [/var/folders/sb/jdhnfqfx10lf655k623_tl400000gn/T/config-repo-4780825253436625127/config-client-elastic_query.yml]' via location 'file:/var/folders/sb/jdhnfqfx10lf655k623_tl400000gn/T/config-repo-4780825253436625127/'
2023-10-27 11:42:01 [http-nio-8888-exec-1] INFO  o.s.c.c.s.e.NativeEnvironmentRepository - Adding property source: Config resource 'file [/var/folders/sb/jdhnfqfx10lf655k623_tl400000gn/T/config-repo-4780825253436625127/config-client.yml]' via location 'file:/var/folders/sb/jdhnfqfx10lf655k623_tl400000gn/T/config-repo-4780825253436625127/'
2023-10-27 11:46:17 [http-nio-8888-exec-3] INFO  o.s.c.c.s.e.NativeEnvironmentRepository - Adding property source: Config resource 'file [/var/folders/sb/jdhnfqfx10lf655k623_tl400000gn/T/config-repo-4780825253436625127/config-client-elastic_query.yml]' via location 'file:/var/folders/sb/jdhnfqfx10lf655k623_tl400000gn/T/config-repo-4780825253436625127/'
2023-10-27 11:46:17 [http-nio-8888-exec-3] INFO  o.s.c.c.s.e.NativeEnvironmentRepository - Adding property source: Config resource 'file [/var/folders/sb/jdhnfqfx10lf655k623_tl400000gn/T/config-repo-4780825253436625127/config-client.yml]' via location 'file:/var/folders/sb/jdhnfqfx10lf655k623_tl400000gn/T/config-repo-4780825253436625127/'
2023-10-27 12:07:36 [http-nio-8888-exec-5] INFO  o.s.c.c.s.e.NativeEnvironmentRepository - Adding property source: Config resource 'file [/var/folders/sb/jdhnfqfx10lf655k623_tl400000gn/T/config-repo-4780825253436625127/config-client-elastic_query.yml]' via location 'file:/var/folders/sb/jdhnfqfx10lf655k623_tl400000gn/T/config-repo-4780825253436625127/'
2023-10-27 12:07:36 [http-nio-8888-exec-5] INFO  o.s.c.c.s.e.NativeEnvironmentRepository - Adding property source: Config resource 'file [/var/folders/sb/jdhnfqfx10lf655k623_tl400000gn/T/config-repo-4780825253436625127/config-client.yml]' via location 'file:/var/folders/sb/jdhnfqfx10lf655k623_tl400000gn/T/config-repo-4780825253436625127/'
2023-10-27 12:12:14 [http-nio-8888-exec-7] INFO  o.s.c.c.s.e.NativeEnvironmentRepository - Adding property source: Config resource 'file [/var/folders/sb/jdhnfqfx10lf655k623_tl400000gn/T/config-repo-4780825253436625127/config-client-elastic_query.yml]' via location 'file:/var/folders/sb/jdhnfqfx10lf655k623_tl400000gn/T/config-repo-4780825253436625127/'
2023-10-27 12:12:14 [http-nio-8888-exec-7] INFO  o.s.c.c.s.e.NativeEnvironmentRepository - Adding property source: Config resource 'file [/var/folders/sb/jdhnfqfx10lf655k623_tl400000gn/T/config-repo-4780825253436625127/config-client.yml]' via location 'file:/var/folders/sb/jdhnfqfx10lf655k623_tl400000gn/T/config-repo-4780825253436625127/'
2023-10-27 12:19:09 [http-nio-8888-exec-9] INFO  o.s.c.c.s.e.NativeEnvironmentRepository - Adding property source: Config resource 'file [/var/folders/sb/jdhnfqfx10lf655k623_tl400000gn/T/config-repo-4780825253436625127/config-client-elastic_query.yml]' via location 'file:/var/folders/sb/jdhnfqfx10lf655k623_tl400000gn/T/config-repo-4780825253436625127/'
2023-10-27 12:19:09 [http-nio-8888-exec-9] INFO  o.s.c.c.s.e.NativeEnvironmentRepository - Adding property source: Config resource 'file [/var/folders/sb/jdhnfqfx10lf655k623_tl400000gn/T/config-repo-4780825253436625127/config-client.yml]' via location 'file:/var/folders/sb/jdhnfqfx10lf655k623_tl400000gn/T/config-repo-4780825253436625127/'
2023-10-27 12:32:14 [http-nio-8888-exec-1] INFO  o.s.c.c.s.e.NativeEnvironmentRepository - Adding property source: Config resource 'file [/var/folders/sb/jdhnfqfx10lf655k623_tl400000gn/T/config-repo-4780825253436625127/config-client-elastic_query.yml]' via location 'file:/var/folders/sb/jdhnfqfx10lf655k623_tl400000gn/T/config-repo-4780825253436625127/'
2023-10-27 12:32:14 [http-nio-8888-exec-1] INFO  o.s.c.c.s.e.NativeEnvironmentRepository - Adding property source: Config resource 'file [/var/folders/sb/jdhnfqfx10lf655k623_tl400000gn/T/config-repo-4780825253436625127/config-client.yml]' via location 'file:/var/folders/sb/jdhnfqfx10lf655k623_tl400000gn/T/config-repo-4780825253436625127/'
2023-10-27 12:36:29 [http-nio-8888-exec-3] INFO  o.s.c.c.s.e.NativeEnvironmentRepository - Adding property source: Config resource 'file [/var/folders/sb/jdhnfqfx10lf655k623_tl400000gn/T/config-repo-4780825253436625127/config-client-elastic_query.yml]' via location 'file:/var/folders/sb/jdhnfqfx10lf655k623_tl400000gn/T/config-repo-4780825253436625127/'
2023-10-27 12:36:29 [http-nio-8888-exec-3] INFO  o.s.c.c.s.e.NativeEnvironmentRepository - Adding property source: Config resource 'file [/var/folders/sb/jdhnfqfx10lf655k623_tl400000gn/T/config-repo-4780825253436625127/config-client.yml]' via location 'file:/var/folders/sb/jdhnfqfx10lf655k623_tl400000gn/T/config-repo-4780825253436625127/'
2023-10-27 12:38:27 [http-nio-8888-exec-5] INFO  o.s.c.c.s.e.NativeEnvironmentRepository - Adding property source: Config resource 'file [/var/folders/sb/jdhnfqfx10lf655k623_tl400000gn/T/config-repo-4780825253436625127/config-client-elastic_query.yml]' via location 'file:/var/folders/sb/jdhnfqfx10lf655k623_tl400000gn/T/config-repo-4780825253436625127/'
2023-10-27 12:38:27 [http-nio-8888-exec-5] INFO  o.s.c.c.s.e.NativeEnvironmentRepository - Adding property source: Config resource 'file [/var/folders/sb/jdhnfqfx10lf655k623_tl400000gn/T/config-repo-4780825253436625127/config-client.yml]' via location 'file:/var/folders/sb/jdhnfqfx10lf655k623_tl400000gn/T/config-repo-4780825253436625127/'
2023-10-27 12:41:27 [http-nio-8888-exec-7] INFO  o.s.c.c.s.e.NativeEnvironmentRepository - Adding property source: Config resource 'file [/var/folders/sb/jdhnfqfx10lf655k623_tl400000gn/T/config-repo-4780825253436625127/config-client-elastic_query.yml]' via location 'file:/var/folders/sb/jdhnfqfx10lf655k623_tl400000gn/T/config-repo-4780825253436625127/'
2023-10-27 12:41:27 [http-nio-8888-exec-7] INFO  o.s.c.c.s.e.NativeEnvironmentRepository - Adding property source: Config resource 'file [/var/folders/sb/jdhnfqfx10lf655k623_tl400000gn/T/config-repo-4780825253436625127/config-client.yml]' via location 'file:/var/folders/sb/jdhnfqfx10lf655k623_tl400000gn/T/config-repo-4780825253436625127/'
2023-10-27 13:10:03 [http-nio-8888-exec-9] INFO  o.s.c.c.s.e.NativeEnvironmentRepository - Adding property source: Config resource 'file [/var/folders/sb/jdhnfqfx10lf655k623_tl400000gn/T/config-repo-4780825253436625127/config-client-elastic_query.yml]' via location 'file:/var/folders/sb/jdhnfqfx10lf655k623_tl400000gn/T/config-repo-4780825253436625127/'
2023-10-27 13:10:03 [http-nio-8888-exec-9] INFO  o.s.c.c.s.e.NativeEnvironmentRepository - Adding property source: Config resource 'file [/var/folders/sb/jdhnfqfx10lf655k623_tl400000gn/T/config-repo-4780825253436625127/config-client.yml]' via location 'file:/var/folders/sb/jdhnfqfx10lf655k623_tl400000gn/T/config-repo-4780825253436625127/'
2023-10-27 13:11:29 [http-nio-8888-exec-1] INFO  o.s.c.c.s.e.NativeEnvironmentRepository - Adding property source: Config resource 'file [/var/folders/sb/jdhnfqfx10lf655k623_tl400000gn/T/config-repo-4780825253436625127/config-client-elastic_query.yml]' via location 'file:/var/folders/sb/jdhnfqfx10lf655k623_tl400000gn/T/config-repo-4780825253436625127/'
2023-10-27 13:11:29 [http-nio-8888-exec-1] INFO  o.s.c.c.s.e.NativeEnvironmentRepository - Adding property source: Config resource 'file [/var/folders/sb/jdhnfqfx10lf655k623_tl400000gn/T/config-repo-4780825253436625127/config-client.yml]' via location 'file:/var/folders/sb/jdhnfqfx10lf655k623_tl400000gn/T/config-repo-4780825253436625127/'
2023-10-27 14:08:23 [background-preinit] INFO  o.h.validator.internal.util.Version - HV000001: Hibernate Validator 8.0.1.Final
2023-10-27 14:08:23 [main] INFO  c.e.c.ConfigServerApplication - Starting ConfigServerApplication using Java 17.0.7 with PID 8387 (/Users/ttlinh/Work/Practice/Microservices/springboot-kafka-elastic/config-server/build/classes/java/main started by ttlinh in /Users/ttlinh/Work/Practice/Microservices/springboot-kafka-elastic/CommonConfig)
2023-10-27 14:08:23 [main] INFO  c.e.c.ConfigServerApplication - No active profile set, falling back to 1 default profile: "default"
2023-10-27 14:08:23 [main] INFO  o.s.cloud.context.scope.GenericScope - BeanFactory id=4b895139-da17-3bb4-ba00-40348301d424
2023-10-27 14:08:23 [main] INFO  o.s.b.w.e.tomcat.TomcatWebServer - Tomcat initialized with port(s): 8888 (http)
2023-10-27 14:08:23 [main] INFO  o.a.coyote.http11.Http11NioProtocol - Initializing ProtocolHandler ["http-nio-8888"]
2023-10-27 14:08:23 [main] INFO  o.a.catalina.core.StandardService - Starting service [Tomcat]
2023-10-27 14:08:23 [main] INFO  o.a.catalina.core.StandardEngine - Starting Servlet engine: [Apache Tomcat/10.1.13]
2023-10-27 14:08:24 [main] INFO  o.a.c.c.C.[Tomcat].[localhost].[/] - Initializing Spring embedded WebApplicationContext
2023-10-27 14:08:24 [main] INFO  o.s.b.w.s.c.ServletWebServerApplicationContext - Root WebApplicationContext: initialization completed in 540 ms
2023-10-27 14:08:24 [main] INFO  o.s.s.web.DefaultSecurityFilterChain - Will secure any request with [org.springframework.security.web.session.DisableEncodeUrlFilter@123307c4, org.springframework.security.web.context.request.async.WebAsyncManagerIntegrationFilter@1693ff90, org.springframework.security.web.context.SecurityContextHolderFilter@9408857, org.springframework.security.web.header.HeaderWriterFilter@33e3bd2e, org.springframework.security.web.csrf.CsrfFilter@6f3bd37f, org.springframework.security.web.authentication.logout.LogoutFilter@37ca3ca8, org.springframework.security.web.authentication.UsernamePasswordAuthenticationFilter@2e0ad709, org.springframework.security.web.authentication.ui.DefaultLoginPageGeneratingFilter@5175d9ad, org.springframework.security.web.authentication.ui.DefaultLogoutPageGeneratingFilter@47058864, org.springframework.security.web.authentication.www.BasicAuthenticationFilter@35563e4c, org.springframework.security.web.savedrequest.RequestCacheAwareFilter@2f09e6b2, org.springframework.security.web.servletapi.SecurityContextHolderAwareRequestFilter@73a845cb, org.springframework.security.web.authentication.AnonymousAuthenticationFilter@ad3f70a, org.springframework.security.web.access.ExceptionTranslationFilter@1e495414, org.springframework.security.web.access.intercept.AuthorizationFilter@1ea930eb]
2023-10-27 14:08:24 [main] WARN  o.s.s.c.a.web.builders.WebSecurity - You are asking Spring Security to ignore Mvc [pattern='/actuator/**']. This is not recommended -- please use permitAll via HttpSecurity#authorizeHttpRequests instead.
2023-10-27 14:08:24 [main] INFO  o.s.s.web.DefaultSecurityFilterChain - Will not secure Mvc [pattern='/actuator/**']
2023-10-27 14:08:24 [main] WARN  o.s.s.c.a.web.builders.WebSecurity - You are asking Spring Security to ignore Mvc [pattern='/encrypt/**']. This is not recommended -- please use permitAll via HttpSecurity#authorizeHttpRequests instead.
2023-10-27 14:08:24 [main] INFO  o.s.s.web.DefaultSecurityFilterChain - Will not secure Mvc [pattern='/encrypt/**']
2023-10-27 14:08:24 [main] WARN  o.s.s.c.a.web.builders.WebSecurity - You are asking Spring Security to ignore Mvc [pattern='decrypt/**']. This is not recommended -- please use permitAll via HttpSecurity#authorizeHttpRequests instead.
2023-10-27 14:08:24 [main] INFO  o.s.s.web.DefaultSecurityFilterChain - Will not secure Mvc [pattern='decrypt/**']
2023-10-27 14:08:24 [main] DEBUG o.s.c.c.s.s.GitCredentialsProviderFactory - Constructing UsernamePasswordCredentialsProvider for URI https://github.com/ttlinh-O/config-server-repository
2023-10-27 14:08:24 [main] INFO  o.a.s.c.u.s.b.BouncyCastleSecurityProviderRegistrar - getOrCreateProvider(BC) created instance of org.bouncycastle.jce.provider.BouncyCastleProvider
2023-10-27 14:08:24 [main] INFO  o.a.s.c.u.s.e.EdDSASecurityProviderRegistrar - getOrCreateProvider(EdDSA) created instance of net.i2p.crypto.eddsa.EdDSASecurityProvider
2023-10-27 14:08:25 [main] INFO  o.a.s.c.i.DefaultIoServiceFactoryFactory - No detected/configured IoServiceFactoryFactory; using Nio2ServiceFactoryFactory
2023-10-27 14:08:29 [main] INFO  o.a.coyote.http11.Http11NioProtocol - Starting ProtocolHandler ["http-nio-8888"]
2023-10-27 14:08:29 [main] INFO  o.s.b.w.e.tomcat.TomcatWebServer - Tomcat started on port(s): 8888 (http) with context path ''
2023-10-27 14:08:29 [main] INFO  c.e.c.ConfigServerApplication - Started ConfigServerApplication in 6.122 seconds (process running for 6.716)
2023-10-27 14:08:37 [http-nio-8888-exec-1] INFO  o.a.c.c.C.[Tomcat].[localhost].[/] - Initializing Spring DispatcherServlet 'dispatcherServlet'
2023-10-27 14:08:37 [http-nio-8888-exec-1] INFO  o.s.web.servlet.DispatcherServlet - Initializing Servlet 'dispatcherServlet'
2023-10-27 14:08:37 [http-nio-8888-exec-1] INFO  o.s.web.servlet.DispatcherServlet - Completed initialization in 0 ms
2023-10-27 14:08:37 [http-nio-8888-exec-1] DEBUG o.s.security.web.FilterChainProxy - Securing GET /elastic-query-service,config-client/elastic_query
2023-10-27 14:08:37 [http-nio-8888-exec-1] DEBUG o.s.s.a.d.DaoAuthenticationProvider - Authenticated user
2023-10-27 14:08:37 [http-nio-8888-exec-1] DEBUG o.s.s.w.a.w.BasicAuthenticationFilter - Set SecurityContextHolder to UsernamePasswordAuthenticationToken [Principal=org.springframework.security.core.userdetails.User [Username=spring_cloud_user, Password=[PROTECTED], Enabled=true, AccountNonExpired=true, credentialsNonExpired=true, AccountNonLocked=true, Granted Authorities=[]], Credentials=[PROTECTED], Authenticated=true, Details=WebAuthenticationDetails [RemoteIpAddress=127.0.0.1, SessionId=null], Granted Authorities=[]]
2023-10-27 14:08:37 [http-nio-8888-exec-1] DEBUG o.s.security.web.FilterChainProxy - Secured GET /elastic-query-service,config-client/elastic_query
2023-10-27 14:08:37 [http-nio-8888-exec-1] DEBUG o.s.c.c.s.s.GitCredentialsProviderFactory - Constructing UsernamePasswordCredentialsProvider for URI https://github.com/ttlinh-O/config-server-repository
2023-10-27 14:08:40 [http-nio-8888-exec-1] INFO  o.s.c.c.s.e.NativeEnvironmentRepository - Adding property source: Config resource 'file [/var/folders/sb/jdhnfqfx10lf655k623_tl400000gn/T/config-repo-7186792201368417057/config-client-elastic_query.yml]' via location 'file:/var/folders/sb/jdhnfqfx10lf655k623_tl400000gn/T/config-repo-7186792201368417057/'
2023-10-27 14:08:40 [http-nio-8888-exec-1] INFO  o.s.c.c.s.e.NativeEnvironmentRepository - Adding property source: Config resource 'file [/var/folders/sb/jdhnfqfx10lf655k623_tl400000gn/T/config-repo-7186792201368417057/config-client.yml]' via location 'file:/var/folders/sb/jdhnfqfx10lf655k623_tl400000gn/T/config-repo-7186792201368417057/'
2023-10-27 14:11:41 [http-nio-8888-exec-3] DEBUG o.s.security.web.FilterChainProxy - Securing GET /elastic-query-service,config-client/elastic_query
2023-10-27 14:11:41 [http-nio-8888-exec-3] DEBUG o.s.s.a.d.DaoAuthenticationProvider - Authenticated user
2023-10-27 14:11:41 [http-nio-8888-exec-3] DEBUG o.s.s.w.a.w.BasicAuthenticationFilter - Set SecurityContextHolder to UsernamePasswordAuthenticationToken [Principal=org.springframework.security.core.userdetails.User [Username=spring_cloud_user, Password=[PROTECTED], Enabled=true, AccountNonExpired=true, credentialsNonExpired=true, AccountNonLocked=true, Granted Authorities=[]], Credentials=[PROTECTED], Authenticated=true, Details=WebAuthenticationDetails [RemoteIpAddress=127.0.0.1, SessionId=null], Granted Authorities=[]]
2023-10-27 14:11:41 [http-nio-8888-exec-3] DEBUG o.s.security.web.FilterChainProxy - Secured GET /elastic-query-service,config-client/elastic_query
2023-10-27 14:11:41 [http-nio-8888-exec-3] DEBUG o.s.c.c.s.s.GitCredentialsProviderFactory - Constructing UsernamePasswordCredentialsProvider for URI https://github.com/ttlinh-O/config-server-repository
2023-10-27 14:11:44 [http-nio-8888-exec-3] INFO  o.s.c.c.s.e.NativeEnvironmentRepository - Adding property source: Config resource 'file [/var/folders/sb/jdhnfqfx10lf655k623_tl400000gn/T/config-repo-7186792201368417057/config-client-elastic_query.yml]' via location 'file:/var/folders/sb/jdhnfqfx10lf655k623_tl400000gn/T/config-repo-7186792201368417057/'
2023-10-27 14:11:44 [http-nio-8888-exec-3] INFO  o.s.c.c.s.e.NativeEnvironmentRepository - Adding property source: Config resource 'file [/var/folders/sb/jdhnfqfx10lf655k623_tl400000gn/T/config-repo-7186792201368417057/config-client.yml]' via location 'file:/var/folders/sb/jdhnfqfx10lf655k623_tl400000gn/T/config-repo-7186792201368417057/'
2023-10-27 14:12:43 [http-nio-8888-exec-5] DEBUG o.s.security.web.FilterChainProxy - Securing GET /elastic-query-service,config-client/elastic_query
2023-10-27 14:12:43 [http-nio-8888-exec-5] DEBUG o.s.s.a.d.DaoAuthenticationProvider - Authenticated user
2023-10-27 14:12:43 [http-nio-8888-exec-5] DEBUG o.s.s.w.a.w.BasicAuthenticationFilter - Set SecurityContextHolder to UsernamePasswordAuthenticationToken [Principal=org.springframework.security.core.userdetails.User [Username=spring_cloud_user, Password=[PROTECTED], Enabled=true, AccountNonExpired=true, credentialsNonExpired=true, AccountNonLocked=true, Granted Authorities=[]], Credentials=[PROTECTED], Authenticated=true, Details=WebAuthenticationDetails [RemoteIpAddress=127.0.0.1, SessionId=null], Granted Authorities=[]]
2023-10-27 14:12:43 [http-nio-8888-exec-5] DEBUG o.s.security.web.FilterChainProxy - Secured GET /elastic-query-service,config-client/elastic_query
2023-10-27 14:12:43 [http-nio-8888-exec-5] DEBUG o.s.c.c.s.s.GitCredentialsProviderFactory - Constructing UsernamePasswordCredentialsProvider for URI https://github.com/ttlinh-O/config-server-repository
2023-10-27 14:12:47 [http-nio-8888-exec-5] INFO  o.s.c.c.s.e.NativeEnvironmentRepository - Adding property source: Config resource 'file [/var/folders/sb/jdhnfqfx10lf655k623_tl400000gn/T/config-repo-7186792201368417057/config-client-elastic_query.yml]' via location 'file:/var/folders/sb/jdhnfqfx10lf655k623_tl400000gn/T/config-repo-7186792201368417057/'
2023-10-27 14:12:47 [http-nio-8888-exec-5] INFO  o.s.c.c.s.e.NativeEnvironmentRepository - Adding property source: Config resource 'file [/var/folders/sb/jdhnfqfx10lf655k623_tl400000gn/T/config-repo-7186792201368417057/config-client.yml]' via location 'file:/var/folders/sb/jdhnfqfx10lf655k623_tl400000gn/T/config-repo-7186792201368417057/'
2023-10-27 14:24:38 [http-nio-8888-exec-7] DEBUG o.s.security.web.FilterChainProxy - Securing GET /elastic-query-service,config-client/elastic_query
2023-10-27 14:24:38 [http-nio-8888-exec-7] DEBUG o.s.s.a.d.DaoAuthenticationProvider - Authenticated user
2023-10-27 14:24:38 [http-nio-8888-exec-7] DEBUG o.s.s.w.a.w.BasicAuthenticationFilter - Set SecurityContextHolder to UsernamePasswordAuthenticationToken [Principal=org.springframework.security.core.userdetails.User [Username=spring_cloud_user, Password=[PROTECTED], Enabled=true, AccountNonExpired=true, credentialsNonExpired=true, AccountNonLocked=true, Granted Authorities=[]], Credentials=[PROTECTED], Authenticated=true, Details=WebAuthenticationDetails [RemoteIpAddress=127.0.0.1, SessionId=null], Granted Authorities=[]]
2023-10-27 14:24:38 [http-nio-8888-exec-7] DEBUG o.s.security.web.FilterChainProxy - Secured GET /elastic-query-service,config-client/elastic_query
2023-10-27 14:24:38 [http-nio-8888-exec-7] DEBUG o.s.c.c.s.s.GitCredentialsProviderFactory - Constructing UsernamePasswordCredentialsProvider for URI https://github.com/ttlinh-O/config-server-repository
2023-10-27 14:24:41 [http-nio-8888-exec-7] INFO  o.s.c.c.s.e.NativeEnvironmentRepository - Adding property source: Config resource 'file [/var/folders/sb/jdhnfqfx10lf655k623_tl400000gn/T/config-repo-7186792201368417057/config-client-elastic_query.yml]' via location 'file:/var/folders/sb/jdhnfqfx10lf655k623_tl400000gn/T/config-repo-7186792201368417057/'
2023-10-27 14:24:41 [http-nio-8888-exec-7] INFO  o.s.c.c.s.e.NativeEnvironmentRepository - Adding property source: Config resource 'file [/var/folders/sb/jdhnfqfx10lf655k623_tl400000gn/T/config-repo-7186792201368417057/config-client.yml]' via location 'file:/var/folders/sb/jdhnfqfx10lf655k623_tl400000gn/T/config-repo-7186792201368417057/'
2023-10-27 14:30:10 [http-nio-8888-exec-9] DEBUG o.s.security.web.FilterChainProxy - Securing GET /elastic-query-service,config-client/elastic_query
2023-10-27 14:30:10 [http-nio-8888-exec-9] DEBUG o.s.s.a.d.DaoAuthenticationProvider - Authenticated user
2023-10-27 14:30:10 [http-nio-8888-exec-9] DEBUG o.s.s.w.a.w.BasicAuthenticationFilter - Set SecurityContextHolder to UsernamePasswordAuthenticationToken [Principal=org.springframework.security.core.userdetails.User [Username=spring_cloud_user, Password=[PROTECTED], Enabled=true, AccountNonExpired=true, credentialsNonExpired=true, AccountNonLocked=true, Granted Authorities=[]], Credentials=[PROTECTED], Authenticated=true, Details=WebAuthenticationDetails [RemoteIpAddress=127.0.0.1, SessionId=null], Granted Authorities=[]]
2023-10-27 14:30:10 [http-nio-8888-exec-9] DEBUG o.s.security.web.FilterChainProxy - Secured GET /elastic-query-service,config-client/elastic_query
2023-10-27 14:30:10 [http-nio-8888-exec-9] DEBUG o.s.c.c.s.s.GitCredentialsProviderFactory - Constructing UsernamePasswordCredentialsProvider for URI https://github.com/ttlinh-O/config-server-repository
2023-10-27 14:30:13 [http-nio-8888-exec-9] INFO  o.s.c.c.s.e.NativeEnvironmentRepository - Adding property source: Config resource 'file [/var/folders/sb/jdhnfqfx10lf655k623_tl400000gn/T/config-repo-7186792201368417057/config-client-elastic_query.yml]' via location 'file:/var/folders/sb/jdhnfqfx10lf655k623_tl400000gn/T/config-repo-7186792201368417057/'
2023-10-27 14:30:13 [http-nio-8888-exec-9] INFO  o.s.c.c.s.e.NativeEnvironmentRepository - Adding property source: Config resource 'file [/var/folders/sb/jdhnfqfx10lf655k623_tl400000gn/T/config-repo-7186792201368417057/config-client.yml]' via location 'file:/var/folders/sb/jdhnfqfx10lf655k623_tl400000gn/T/config-repo-7186792201368417057/'
2023-10-27 14:59:02 [background-preinit] INFO  o.h.validator.internal.util.Version - HV000001: Hibernate Validator 8.0.1.Final
2023-10-27 14:59:02 [main] INFO  c.e.c.ConfigServerApplication - Starting ConfigServerApplication using Java 17.0.7 with PID 10211 (/Users/ttlinh/Work/Practice/Microservices/springboot-kafka-elastic/config-server/build/classes/java/main started by ttlinh in /Users/ttlinh/Work/Practice/Microservices/springboot-kafka-elastic/CommonConfig)
2023-10-27 14:59:02 [main] INFO  c.e.c.ConfigServerApplication - No active profile set, falling back to 1 default profile: "default"
2023-10-27 14:59:03 [main] INFO  o.s.cloud.context.scope.GenericScope - BeanFactory id=4b895139-da17-3bb4-ba00-40348301d424
2023-10-27 14:59:03 [main] INFO  o.s.b.w.e.tomcat.TomcatWebServer - Tomcat initialized with port(s): 8888 (http)
2023-10-27 14:59:03 [main] INFO  o.a.coyote.http11.Http11NioProtocol - Initializing ProtocolHandler ["http-nio-8888"]
2023-10-27 14:59:03 [main] INFO  o.a.catalina.core.StandardService - Starting service [Tomcat]
2023-10-27 14:59:03 [main] INFO  o.a.catalina.core.StandardEngine - Starting Servlet engine: [Apache Tomcat/10.1.13]
2023-10-27 14:59:03 [main] INFO  o.a.c.c.C.[Tomcat].[localhost].[/] - Initializing Spring embedded WebApplicationContext
2023-10-27 14:59:03 [main] INFO  o.s.b.w.s.c.ServletWebServerApplicationContext - Root WebApplicationContext: initialization completed in 800 ms
2023-10-27 14:59:03 [main] INFO  o.s.s.web.DefaultSecurityFilterChain - Will secure any request with [org.springframework.security.web.session.DisableEncodeUrlFilter@1be52861, org.springframework.security.web.context.request.async.WebAsyncManagerIntegrationFilter@5fb5ad40, org.springframework.security.web.context.SecurityContextHolderFilter@2abc55c4, org.springframework.security.web.header.HeaderWriterFilter@2a99ca99, org.springframework.security.web.csrf.CsrfFilter@6ce26986, org.springframework.security.web.authentication.logout.LogoutFilter@6c07ad6b, org.springframework.security.web.authentication.UsernamePasswordAuthenticationFilter@6a8a551e, org.springframework.security.web.authentication.ui.DefaultLoginPageGeneratingFilter@19cdc217, org.springframework.security.web.authentication.ui.DefaultLogoutPageGeneratingFilter@615439f7, org.springframework.security.web.authentication.www.BasicAuthenticationFilter@77c66a4f, org.springframework.security.web.savedrequest.RequestCacheAwareFilter@71c0b742, org.springframework.security.web.servletapi.SecurityContextHolderAwareRequestFilter@65600fb3, org.springframework.security.web.authentication.AnonymousAuthenticationFilter@632cf7d3, org.springframework.security.web.access.ExceptionTranslationFilter@149aa7b2, org.springframework.security.web.access.intercept.AuthorizationFilter@45bbc52f]
2023-10-27 14:59:03 [main] WARN  o.s.s.c.a.web.builders.WebSecurity - You are asking Spring Security to ignore Mvc [pattern='/actuator/**']. This is not recommended -- please use permitAll via HttpSecurity#authorizeHttpRequests instead.
2023-10-27 14:59:03 [main] INFO  o.s.s.web.DefaultSecurityFilterChain - Will not secure Mvc [pattern='/actuator/**']
2023-10-27 14:59:03 [main] WARN  o.s.s.c.a.web.builders.WebSecurity - You are asking Spring Security to ignore Mvc [pattern='/encrypt/**']. This is not recommended -- please use permitAll via HttpSecurity#authorizeHttpRequests instead.
2023-10-27 14:59:03 [main] INFO  o.s.s.web.DefaultSecurityFilterChain - Will not secure Mvc [pattern='/encrypt/**']
2023-10-27 14:59:03 [main] WARN  o.s.s.c.a.web.builders.WebSecurity - You are asking Spring Security to ignore Mvc [pattern='decrypt/**']. This is not recommended -- please use permitAll via HttpSecurity#authorizeHttpRequests instead.
2023-10-27 14:59:03 [main] INFO  o.s.s.web.DefaultSecurityFilterChain - Will not secure Mvc [pattern='decrypt/**']
2023-10-27 14:59:03 [main] DEBUG o.s.c.c.s.s.GitCredentialsProviderFactory - Constructing UsernamePasswordCredentialsProvider for URI https://github.com/ttlinh-O/config-server-repository
2023-10-27 14:59:04 [main] INFO  o.a.s.c.u.s.b.BouncyCastleSecurityProviderRegistrar - getOrCreateProvider(BC) created instance of org.bouncycastle.jce.provider.BouncyCastleProvider
2023-10-27 14:59:04 [main] INFO  o.a.s.c.u.s.e.EdDSASecurityProviderRegistrar - getOrCreateProvider(EdDSA) created instance of net.i2p.crypto.eddsa.EdDSASecurityProvider
2023-10-27 14:59:04 [main] INFO  o.a.s.c.i.DefaultIoServiceFactoryFactory - No detected/configured IoServiceFactoryFactory; using Nio2ServiceFactoryFactory
2023-10-27 14:59:09 [main] INFO  o.a.coyote.http11.Http11NioProtocol - Starting ProtocolHandler ["http-nio-8888"]
2023-10-27 14:59:09 [main] INFO  o.s.b.w.e.tomcat.TomcatWebServer - Tomcat started on port(s): 8888 (http) with context path ''
2023-10-27 14:59:09 [main] INFO  c.e.c.ConfigServerApplication - Started ConfigServerApplication in 6.729 seconds (process running for 7.366)
2023-10-27 14:59:12 [http-nio-8888-exec-1] INFO  o.a.c.c.C.[Tomcat].[localhost].[/] - Initializing Spring DispatcherServlet 'dispatcherServlet'
2023-10-27 14:59:12 [http-nio-8888-exec-1] INFO  o.s.web.servlet.DispatcherServlet - Initializing Servlet 'dispatcherServlet'
2023-10-27 14:59:12 [http-nio-8888-exec-1] INFO  o.s.web.servlet.DispatcherServlet - Completed initialization in 1 ms
2023-10-27 14:59:12 [http-nio-8888-exec-1] DEBUG o.s.security.web.FilterChainProxy - Securing GET /kafka-to-elastic-service,config-client/kafka_to_elastic
2023-10-27 14:59:12 [http-nio-8888-exec-1] DEBUG o.s.s.a.d.DaoAuthenticationProvider - Authenticated user
2023-10-27 14:59:12 [http-nio-8888-exec-1] DEBUG o.s.s.w.a.w.BasicAuthenticationFilter - Set SecurityContextHolder to UsernamePasswordAuthenticationToken [Principal=org.springframework.security.core.userdetails.User [Username=spring_cloud_user, Password=[PROTECTED], Enabled=true, AccountNonExpired=true, credentialsNonExpired=true, AccountNonLocked=true, Granted Authorities=[]], Credentials=[PROTECTED], Authenticated=true, Details=WebAuthenticationDetails [RemoteIpAddress=127.0.0.1, SessionId=null], Granted Authorities=[]]
2023-10-27 14:59:12 [http-nio-8888-exec-1] DEBUG o.s.security.web.FilterChainProxy - Secured GET /kafka-to-elastic-service,config-client/kafka_to_elastic
2023-10-27 14:59:12 [http-nio-8888-exec-1] DEBUG o.s.c.c.s.s.GitCredentialsProviderFactory - Constructing UsernamePasswordCredentialsProvider for URI https://github.com/ttlinh-O/config-server-repository
2023-10-27 14:59:14 [http-nio-8888-exec-2] DEBUG o.s.security.web.FilterChainProxy - Securing GET /twitter-to-kafka-service,config-client/twitter_to_kafka
2023-10-27 14:59:14 [http-nio-8888-exec-2] DEBUG o.s.s.a.d.DaoAuthenticationProvider - Authenticated user
2023-10-27 14:59:14 [http-nio-8888-exec-2] DEBUG o.s.s.w.a.w.BasicAuthenticationFilter - Set SecurityContextHolder to UsernamePasswordAuthenticationToken [Principal=org.springframework.security.core.userdetails.User [Username=spring_cloud_user, Password=[PROTECTED], Enabled=true, AccountNonExpired=true, credentialsNonExpired=true, AccountNonLocked=true, Granted Authorities=[]], Credentials=[PROTECTED], Authenticated=true, Details=WebAuthenticationDetails [RemoteIpAddress=127.0.0.1, SessionId=null], Granted Authorities=[]]
2023-10-27 14:59:14 [http-nio-8888-exec-2] DEBUG o.s.security.web.FilterChainProxy - Secured GET /twitter-to-kafka-service,config-client/twitter_to_kafka
2023-10-27 14:59:15 [http-nio-8888-exec-1] INFO  o.s.c.c.s.e.NativeEnvironmentRepository - Adding property source: Config resource 'file [/var/folders/sb/jdhnfqfx10lf655k623_tl400000gn/T/config-repo-23769836722427871/config-client-kafka_to_elastic.yml]' via location 'file:/var/folders/sb/jdhnfqfx10lf655k623_tl400000gn/T/config-repo-23769836722427871/'
2023-10-27 14:59:15 [http-nio-8888-exec-1] INFO  o.s.c.c.s.e.NativeEnvironmentRepository - Adding property source: Config resource 'file [/var/folders/sb/jdhnfqfx10lf655k623_tl400000gn/T/config-repo-23769836722427871/config-client.yml]' via location 'file:/var/folders/sb/jdhnfqfx10lf655k623_tl400000gn/T/config-repo-23769836722427871/'
2023-10-27 14:59:15 [http-nio-8888-exec-2] DEBUG o.s.c.c.s.s.GitCredentialsProviderFactory - Constructing UsernamePasswordCredentialsProvider for URI https://github.com/ttlinh-O/config-server-repository
2023-10-27 14:59:19 [http-nio-8888-exec-2] INFO  o.s.c.c.s.e.NativeEnvironmentRepository - Adding property source: Config resource 'file [/var/folders/sb/jdhnfqfx10lf655k623_tl400000gn/T/config-repo-23769836722427871/config-client-twitter_to_kafka.yml]' via location 'file:/var/folders/sb/jdhnfqfx10lf655k623_tl400000gn/T/config-repo-23769836722427871/'
2023-10-27 14:59:19 [http-nio-8888-exec-2] INFO  o.s.c.c.s.e.NativeEnvironmentRepository - Adding property source: Config resource 'file [/var/folders/sb/jdhnfqfx10lf655k623_tl400000gn/T/config-repo-23769836722427871/config-client.yml]' via location 'file:/var/folders/sb/jdhnfqfx10lf655k623_tl400000gn/T/config-repo-23769836722427871/'
2023-10-27 14:59:56 [http-nio-8888-exec-4] DEBUG o.s.security.web.FilterChainProxy - Securing GET /elastic-query-service,config-client/elastic_query
2023-10-27 14:59:56 [http-nio-8888-exec-4] DEBUG o.s.s.a.d.DaoAuthenticationProvider - Authenticated user
2023-10-27 14:59:56 [http-nio-8888-exec-4] DEBUG o.s.s.w.a.w.BasicAuthenticationFilter - Set SecurityContextHolder to UsernamePasswordAuthenticationToken [Principal=org.springframework.security.core.userdetails.User [Username=spring_cloud_user, Password=[PROTECTED], Enabled=true, AccountNonExpired=true, credentialsNonExpired=true, AccountNonLocked=true, Granted Authorities=[]], Credentials=[PROTECTED], Authenticated=true, Details=WebAuthenticationDetails [RemoteIpAddress=127.0.0.1, SessionId=null], Granted Authorities=[]]
2023-10-27 14:59:56 [http-nio-8888-exec-4] DEBUG o.s.security.web.FilterChainProxy - Secured GET /elastic-query-service,config-client/elastic_query
2023-10-27 14:59:56 [http-nio-8888-exec-4] DEBUG o.s.c.c.s.s.GitCredentialsProviderFactory - Constructing UsernamePasswordCredentialsProvider for URI https://github.com/ttlinh-O/config-server-repository
2023-10-27 15:00:00 [http-nio-8888-exec-4] INFO  o.s.c.c.s.e.NativeEnvironmentRepository - Adding property source: Config resource 'file [/var/folders/sb/jdhnfqfx10lf655k623_tl400000gn/T/config-repo-23769836722427871/config-client-elastic_query.yml]' via location 'file:/var/folders/sb/jdhnfqfx10lf655k623_tl400000gn/T/config-repo-23769836722427871/'
2023-10-27 15:00:00 [http-nio-8888-exec-4] INFO  o.s.c.c.s.e.NativeEnvironmentRepository - Adding property source: Config resource 'file [/var/folders/sb/jdhnfqfx10lf655k623_tl400000gn/T/config-repo-23769836722427871/config-client.yml]' via location 'file:/var/folders/sb/jdhnfqfx10lf655k623_tl400000gn/T/config-repo-23769836722427871/'
2023-10-27 15:00:17 [http-nio-8888-exec-6] DEBUG o.s.security.web.FilterChainProxy - Securing GET /elastic-query-service,config-client/elastic_query
2023-10-27 15:00:17 [http-nio-8888-exec-6] DEBUG o.s.s.a.d.DaoAuthenticationProvider - Authenticated user
2023-10-27 15:00:17 [http-nio-8888-exec-6] DEBUG o.s.s.w.a.w.BasicAuthenticationFilter - Set SecurityContextHolder to UsernamePasswordAuthenticationToken [Principal=org.springframework.security.core.userdetails.User [Username=spring_cloud_user, Password=[PROTECTED], Enabled=true, AccountNonExpired=true, credentialsNonExpired=true, AccountNonLocked=true, Granted Authorities=[]], Credentials=[PROTECTED], Authenticated=true, Details=WebAuthenticationDetails [RemoteIpAddress=127.0.0.1, SessionId=null], Granted Authorities=[]]
2023-10-27 15:00:17 [http-nio-8888-exec-6] DEBUG o.s.security.web.FilterChainProxy - Secured GET /elastic-query-service,config-client/elastic_query
2023-10-27 15:00:17 [http-nio-8888-exec-6] DEBUG o.s.c.c.s.s.GitCredentialsProviderFactory - Constructing UsernamePasswordCredentialsProvider for URI https://github.com/ttlinh-O/config-server-repository
2023-10-27 15:00:20 [http-nio-8888-exec-6] INFO  o.s.c.c.s.e.NativeEnvironmentRepository - Adding property source: Config resource 'file [/var/folders/sb/jdhnfqfx10lf655k623_tl400000gn/T/config-repo-23769836722427871/config-client-elastic_query.yml]' via location 'file:/var/folders/sb/jdhnfqfx10lf655k623_tl400000gn/T/config-repo-23769836722427871/'
2023-10-27 15:00:20 [http-nio-8888-exec-6] INFO  o.s.c.c.s.e.NativeEnvironmentRepository - Adding property source: Config resource 'file [/var/folders/sb/jdhnfqfx10lf655k623_tl400000gn/T/config-repo-23769836722427871/config-client.yml]' via location 'file:/var/folders/sb/jdhnfqfx10lf655k623_tl400000gn/T/config-repo-23769836722427871/'
2023-10-27 15:20:32 [http-nio-8888-exec-8] DEBUG o.s.security.web.FilterChainProxy - Securing GET /elastic-query-service,config-client/elastic_query
2023-10-27 15:20:32 [http-nio-8888-exec-8] DEBUG o.s.s.a.d.DaoAuthenticationProvider - Authenticated user
2023-10-27 15:20:32 [http-nio-8888-exec-8] DEBUG o.s.s.w.a.w.BasicAuthenticationFilter - Set SecurityContextHolder to UsernamePasswordAuthenticationToken [Principal=org.springframework.security.core.userdetails.User [Username=spring_cloud_user, Password=[PROTECTED], Enabled=true, AccountNonExpired=true, credentialsNonExpired=true, AccountNonLocked=true, Granted Authorities=[]], Credentials=[PROTECTED], Authenticated=true, Details=WebAuthenticationDetails [RemoteIpAddress=127.0.0.1, SessionId=null], Granted Authorities=[]]
2023-10-27 15:20:32 [http-nio-8888-exec-8] DEBUG o.s.security.web.FilterChainProxy - Secured GET /elastic-query-service,config-client/elastic_query
2023-10-27 15:20:32 [http-nio-8888-exec-8] DEBUG o.s.c.c.s.s.GitCredentialsProviderFactory - Constructing UsernamePasswordCredentialsProvider for URI https://github.com/ttlinh-O/config-server-repository
2023-10-27 15:20:35 [http-nio-8888-exec-8] INFO  o.s.c.c.s.e.NativeEnvironmentRepository - Adding property source: Config resource 'file [/var/folders/sb/jdhnfqfx10lf655k623_tl400000gn/T/config-repo-23769836722427871/config-client-elastic_query.yml]' via location 'file:/var/folders/sb/jdhnfqfx10lf655k623_tl400000gn/T/config-repo-23769836722427871/'
2023-10-27 15:20:35 [http-nio-8888-exec-8] INFO  o.s.c.c.s.e.NativeEnvironmentRepository - Adding property source: Config resource 'file [/var/folders/sb/jdhnfqfx10lf655k623_tl400000gn/T/config-repo-23769836722427871/config-client.yml]' via location 'file:/var/folders/sb/jdhnfqfx10lf655k623_tl400000gn/T/config-repo-23769836722427871/'
2023-10-27 15:20:43 [http-nio-8888-exec-10] DEBUG o.s.security.web.FilterChainProxy - Securing GET /elastic-query-service,config-client/elastic_query
2023-10-27 15:20:43 [http-nio-8888-exec-10] DEBUG o.s.s.a.d.DaoAuthenticationProvider - Authenticated user
2023-10-27 15:20:43 [http-nio-8888-exec-10] DEBUG o.s.s.w.a.w.BasicAuthenticationFilter - Set SecurityContextHolder to UsernamePasswordAuthenticationToken [Principal=org.springframework.security.core.userdetails.User [Username=spring_cloud_user, Password=[PROTECTED], Enabled=true, AccountNonExpired=true, credentialsNonExpired=true, AccountNonLocked=true, Granted Authorities=[]], Credentials=[PROTECTED], Authenticated=true, Details=WebAuthenticationDetails [RemoteIpAddress=127.0.0.1, SessionId=null], Granted Authorities=[]]
2023-10-27 15:20:43 [http-nio-8888-exec-10] DEBUG o.s.security.web.FilterChainProxy - Secured GET /elastic-query-service,config-client/elastic_query
2023-10-27 15:20:43 [http-nio-8888-exec-10] DEBUG o.s.c.c.s.s.GitCredentialsProviderFactory - Constructing UsernamePasswordCredentialsProvider for URI https://github.com/ttlinh-O/config-server-repository
2023-10-27 15:20:46 [http-nio-8888-exec-10] INFO  o.s.c.c.s.e.NativeEnvironmentRepository - Adding property source: Config resource 'file [/var/folders/sb/jdhnfqfx10lf655k623_tl400000gn/T/config-repo-23769836722427871/config-client-elastic_query.yml]' via location 'file:/var/folders/sb/jdhnfqfx10lf655k623_tl400000gn/T/config-repo-23769836722427871/'
2023-10-27 15:20:46 [http-nio-8888-exec-10] INFO  o.s.c.c.s.e.NativeEnvironmentRepository - Adding property source: Config resource 'file [/var/folders/sb/jdhnfqfx10lf655k623_tl400000gn/T/config-repo-23769836722427871/config-client.yml]' via location 'file:/var/folders/sb/jdhnfqfx10lf655k623_tl400000gn/T/config-repo-23769836722427871/'
2023-10-27 15:25:07 [http-nio-8888-exec-3] DEBUG o.s.security.web.FilterChainProxy - Securing GET /elastic-query-service,config-client/elastic_query
2023-10-27 15:25:07 [http-nio-8888-exec-3] DEBUG o.s.s.a.d.DaoAuthenticationProvider - Authenticated user
2023-10-27 15:25:07 [http-nio-8888-exec-3] DEBUG o.s.s.w.a.w.BasicAuthenticationFilter - Set SecurityContextHolder to UsernamePasswordAuthenticationToken [Principal=org.springframework.security.core.userdetails.User [Username=spring_cloud_user, Password=[PROTECTED], Enabled=true, AccountNonExpired=true, credentialsNonExpired=true, AccountNonLocked=true, Granted Authorities=[]], Credentials=[PROTECTED], Authenticated=true, Details=WebAuthenticationDetails [RemoteIpAddress=127.0.0.1, SessionId=null], Granted Authorities=[]]
2023-10-27 15:25:07 [http-nio-8888-exec-3] DEBUG o.s.security.web.FilterChainProxy - Secured GET /elastic-query-service,config-client/elastic_query
2023-10-27 15:25:07 [http-nio-8888-exec-3] DEBUG o.s.c.c.s.s.GitCredentialsProviderFactory - Constructing UsernamePasswordCredentialsProvider for URI https://github.com/ttlinh-O/config-server-repository
2023-10-27 15:25:11 [http-nio-8888-exec-3] INFO  o.s.c.c.s.e.MultipleJGitEnvironmentRepository - Fetched for remote main and found 1 updates
2023-10-27 15:25:11 [http-nio-8888-exec-3] INFO  o.s.c.c.s.e.NativeEnvironmentRepository - Adding property source: Config resource 'file [/var/folders/sb/jdhnfqfx10lf655k623_tl400000gn/T/config-repo-23769836722427871/config-client-elastic_query.yml]' via location 'file:/var/folders/sb/jdhnfqfx10lf655k623_tl400000gn/T/config-repo-23769836722427871/'
2023-10-27 15:25:11 [http-nio-8888-exec-3] INFO  o.s.c.c.s.e.NativeEnvironmentRepository - Adding property source: Config resource 'file [/var/folders/sb/jdhnfqfx10lf655k623_tl400000gn/T/config-repo-23769836722427871/config-client.yml]' via location 'file:/var/folders/sb/jdhnfqfx10lf655k623_tl400000gn/T/config-repo-23769836722427871/'
2023-10-27 15:26:51 [http-nio-8888-exec-4] DEBUG o.s.security.web.FilterChainProxy - Securing GET /elastic-query-service,config-client/elastic_query
2023-10-27 15:26:51 [http-nio-8888-exec-4] DEBUG o.s.s.a.d.DaoAuthenticationProvider - Authenticated user
2023-10-27 15:26:51 [http-nio-8888-exec-4] DEBUG o.s.s.w.a.w.BasicAuthenticationFilter - Set SecurityContextHolder to UsernamePasswordAuthenticationToken [Principal=org.springframework.security.core.userdetails.User [Username=spring_cloud_user, Password=[PROTECTED], Enabled=true, AccountNonExpired=true, credentialsNonExpired=true, AccountNonLocked=true, Granted Authorities=[]], Credentials=[PROTECTED], Authenticated=true, Details=WebAuthenticationDetails [RemoteIpAddress=127.0.0.1, SessionId=null], Granted Authorities=[]]
2023-10-27 15:26:51 [http-nio-8888-exec-4] DEBUG o.s.security.web.FilterChainProxy - Secured GET /elastic-query-service,config-client/elastic_query
2023-10-27 15:26:51 [http-nio-8888-exec-4] DEBUG o.s.c.c.s.s.GitCredentialsProviderFactory - Constructing UsernamePasswordCredentialsProvider for URI https://github.com/ttlinh-O/config-server-repository
2023-10-27 15:26:54 [http-nio-8888-exec-4] INFO  o.s.c.c.s.e.NativeEnvironmentRepository - Adding property source: Config resource 'file [/var/folders/sb/jdhnfqfx10lf655k623_tl400000gn/T/config-repo-23769836722427871/config-client-elastic_query.yml]' via location 'file:/var/folders/sb/jdhnfqfx10lf655k623_tl400000gn/T/config-repo-23769836722427871/'
2023-10-27 15:26:54 [http-nio-8888-exec-4] INFO  o.s.c.c.s.e.NativeEnvironmentRepository - Adding property source: Config resource 'file [/var/folders/sb/jdhnfqfx10lf655k623_tl400000gn/T/config-repo-23769836722427871/config-client.yml]' via location 'file:/var/folders/sb/jdhnfqfx10lf655k623_tl400000gn/T/config-repo-23769836722427871/'
2023-10-27 15:30:53 [http-nio-8888-exec-6] DEBUG o.s.security.web.FilterChainProxy - Securing GET /elastic-query-service,config-client/elastic_query
2023-10-27 15:30:53 [http-nio-8888-exec-6] DEBUG o.s.s.a.d.DaoAuthenticationProvider - Authenticated user
2023-10-27 15:30:53 [http-nio-8888-exec-6] DEBUG o.s.s.w.a.w.BasicAuthenticationFilter - Set SecurityContextHolder to UsernamePasswordAuthenticationToken [Principal=org.springframework.security.core.userdetails.User [Username=spring_cloud_user, Password=[PROTECTED], Enabled=true, AccountNonExpired=true, credentialsNonExpired=true, AccountNonLocked=true, Granted Authorities=[]], Credentials=[PROTECTED], Authenticated=true, Details=WebAuthenticationDetails [RemoteIpAddress=127.0.0.1, SessionId=null], Granted Authorities=[]]
2023-10-27 15:30:53 [http-nio-8888-exec-6] DEBUG o.s.security.web.FilterChainProxy - Secured GET /elastic-query-service,config-client/elastic_query
2023-10-27 15:30:53 [http-nio-8888-exec-6] DEBUG o.s.c.c.s.s.GitCredentialsProviderFactory - Constructing UsernamePasswordCredentialsProvider for URI https://github.com/ttlinh-O/config-server-repository
2023-10-27 15:30:56 [http-nio-8888-exec-6] INFO  o.s.c.c.s.e.NativeEnvironmentRepository - Adding property source: Config resource 'file [/var/folders/sb/jdhnfqfx10lf655k623_tl400000gn/T/config-repo-23769836722427871/config-client-elastic_query.yml]' via location 'file:/var/folders/sb/jdhnfqfx10lf655k623_tl400000gn/T/config-repo-23769836722427871/'
2023-10-27 15:30:56 [http-nio-8888-exec-6] INFO  o.s.c.c.s.e.NativeEnvironmentRepository - Adding property source: Config resource 'file [/var/folders/sb/jdhnfqfx10lf655k623_tl400000gn/T/config-repo-23769836722427871/config-client.yml]' via location 'file:/var/folders/sb/jdhnfqfx10lf655k623_tl400000gn/T/config-repo-23769836722427871/'
2023-10-27 15:32:11 [http-nio-8888-exec-8] DEBUG o.s.security.web.FilterChainProxy - Securing GET /elastic-query-service,config-client/elastic_query
2023-10-27 15:32:11 [http-nio-8888-exec-8] DEBUG o.s.s.a.d.DaoAuthenticationProvider - Authenticated user
2023-10-27 15:32:11 [http-nio-8888-exec-8] DEBUG o.s.s.w.a.w.BasicAuthenticationFilter - Set SecurityContextHolder to UsernamePasswordAuthenticationToken [Principal=org.springframework.security.core.userdetails.User [Username=spring_cloud_user, Password=[PROTECTED], Enabled=true, AccountNonExpired=true, credentialsNonExpired=true, AccountNonLocked=true, Granted Authorities=[]], Credentials=[PROTECTED], Authenticated=true, Details=WebAuthenticationDetails [RemoteIpAddress=127.0.0.1, SessionId=null], Granted Authorities=[]]
2023-10-27 15:32:11 [http-nio-8888-exec-8] DEBUG o.s.security.web.FilterChainProxy - Secured GET /elastic-query-service,config-client/elastic_query
2023-10-27 15:32:11 [http-nio-8888-exec-8] DEBUG o.s.c.c.s.s.GitCredentialsProviderFactory - Constructing UsernamePasswordCredentialsProvider for URI https://github.com/ttlinh-O/config-server-repository
2023-10-27 15:32:14 [http-nio-8888-exec-8] INFO  o.s.c.c.s.e.NativeEnvironmentRepository - Adding property source: Config resource 'file [/var/folders/sb/jdhnfqfx10lf655k623_tl400000gn/T/config-repo-23769836722427871/config-client-elastic_query.yml]' via location 'file:/var/folders/sb/jdhnfqfx10lf655k623_tl400000gn/T/config-repo-23769836722427871/'
2023-10-27 15:32:14 [http-nio-8888-exec-8] INFO  o.s.c.c.s.e.NativeEnvironmentRepository - Adding property source: Config resource 'file [/var/folders/sb/jdhnfqfx10lf655k623_tl400000gn/T/config-repo-23769836722427871/config-client.yml]' via location 'file:/var/folders/sb/jdhnfqfx10lf655k623_tl400000gn/T/config-repo-23769836722427871/'
2023-10-27 15:33:34 [http-nio-8888-exec-10] DEBUG o.s.security.web.FilterChainProxy - Securing GET /elastic-query-service,config-client/elastic_query
2023-10-27 15:33:34 [http-nio-8888-exec-10] DEBUG o.s.s.a.d.DaoAuthenticationProvider - Authenticated user
2023-10-27 15:33:34 [http-nio-8888-exec-10] DEBUG o.s.s.w.a.w.BasicAuthenticationFilter - Set SecurityContextHolder to UsernamePasswordAuthenticationToken [Principal=org.springframework.security.core.userdetails.User [Username=spring_cloud_user, Password=[PROTECTED], Enabled=true, AccountNonExpired=true, credentialsNonExpired=true, AccountNonLocked=true, Granted Authorities=[]], Credentials=[PROTECTED], Authenticated=true, Details=WebAuthenticationDetails [RemoteIpAddress=127.0.0.1, SessionId=null], Granted Authorities=[]]
2023-10-27 15:33:34 [http-nio-8888-exec-10] DEBUG o.s.security.web.FilterChainProxy - Secured GET /elastic-query-service,config-client/elastic_query
2023-10-27 15:33:34 [http-nio-8888-exec-10] DEBUG o.s.c.c.s.s.GitCredentialsProviderFactory - Constructing UsernamePasswordCredentialsProvider for URI https://github.com/ttlinh-O/config-server-repository
2023-10-27 15:33:38 [http-nio-8888-exec-10] INFO  o.s.c.c.s.e.NativeEnvironmentRepository - Adding property source: Config resource 'file [/var/folders/sb/jdhnfqfx10lf655k623_tl400000gn/T/config-repo-23769836722427871/config-client-elastic_query.yml]' via location 'file:/var/folders/sb/jdhnfqfx10lf655k623_tl400000gn/T/config-repo-23769836722427871/'
2023-10-27 15:33:38 [http-nio-8888-exec-10] INFO  o.s.c.c.s.e.NativeEnvironmentRepository - Adding property source: Config resource 'file [/var/folders/sb/jdhnfqfx10lf655k623_tl400000gn/T/config-repo-23769836722427871/config-client.yml]' via location 'file:/var/folders/sb/jdhnfqfx10lf655k623_tl400000gn/T/config-repo-23769836722427871/'
2023-10-27 15:38:28 [http-nio-8888-exec-3] DEBUG o.s.security.web.FilterChainProxy - Securing GET /elastic-query-service,config-client/elastic_query
2023-10-27 15:38:28 [http-nio-8888-exec-3] DEBUG o.s.s.a.d.DaoAuthenticationProvider - Authenticated user
2023-10-27 15:38:28 [http-nio-8888-exec-3] DEBUG o.s.s.w.a.w.BasicAuthenticationFilter - Set SecurityContextHolder to UsernamePasswordAuthenticationToken [Principal=org.springframework.security.core.userdetails.User [Username=spring_cloud_user, Password=[PROTECTED], Enabled=true, AccountNonExpired=true, credentialsNonExpired=true, AccountNonLocked=true, Granted Authorities=[]], Credentials=[PROTECTED], Authenticated=true, Details=WebAuthenticationDetails [RemoteIpAddress=127.0.0.1, SessionId=null], Granted Authorities=[]]
2023-10-27 15:38:28 [http-nio-8888-exec-3] DEBUG o.s.security.web.FilterChainProxy - Secured GET /elastic-query-service,config-client/elastic_query
2023-10-27 15:38:28 [http-nio-8888-exec-3] DEBUG o.s.c.c.s.s.GitCredentialsProviderFactory - Constructing UsernamePasswordCredentialsProvider for URI https://github.com/ttlinh-O/config-server-repository
2023-10-27 15:38:31 [http-nio-8888-exec-3] INFO  o.s.c.c.s.e.NativeEnvironmentRepository - Adding property source: Config resource 'file [/var/folders/sb/jdhnfqfx10lf655k623_tl400000gn/T/config-repo-23769836722427871/config-client-elastic_query.yml]' via location 'file:/var/folders/sb/jdhnfqfx10lf655k623_tl400000gn/T/config-repo-23769836722427871/'
2023-10-27 15:38:31 [http-nio-8888-exec-3] INFO  o.s.c.c.s.e.NativeEnvironmentRepository - Adding property source: Config resource 'file [/var/folders/sb/jdhnfqfx10lf655k623_tl400000gn/T/config-repo-23769836722427871/config-client.yml]' via location 'file:/var/folders/sb/jdhnfqfx10lf655k623_tl400000gn/T/config-repo-23769836722427871/'
2023-10-27 15:59:55 [http-nio-8888-exec-4] DEBUG o.s.security.web.FilterChainProxy - Securing GET /elastic-query-service,config-client/elastic_query
2023-10-27 15:59:55 [http-nio-8888-exec-4] DEBUG o.s.s.a.d.DaoAuthenticationProvider - Authenticated user
2023-10-27 15:59:55 [http-nio-8888-exec-4] DEBUG o.s.s.w.a.w.BasicAuthenticationFilter - Set SecurityContextHolder to UsernamePasswordAuthenticationToken [Principal=org.springframework.security.core.userdetails.User [Username=spring_cloud_user, Password=[PROTECTED], Enabled=true, AccountNonExpired=true, credentialsNonExpired=true, AccountNonLocked=true, Granted Authorities=[]], Credentials=[PROTECTED], Authenticated=true, Details=WebAuthenticationDetails [RemoteIpAddress=127.0.0.1, SessionId=null], Granted Authorities=[]]
2023-10-27 15:59:55 [http-nio-8888-exec-4] DEBUG o.s.security.web.FilterChainProxy - Secured GET /elastic-query-service,config-client/elastic_query
2023-10-27 15:59:55 [http-nio-8888-exec-4] DEBUG o.s.c.c.s.s.GitCredentialsProviderFactory - Constructing UsernamePasswordCredentialsProvider for URI https://github.com/ttlinh-O/config-server-repository
2023-10-27 15:59:58 [http-nio-8888-exec-4] INFO  o.s.c.c.s.e.NativeEnvironmentRepository - Adding property source: Config resource 'file [/var/folders/sb/jdhnfqfx10lf655k623_tl400000gn/T/config-repo-23769836722427871/config-client-elastic_query.yml]' via location 'file:/var/folders/sb/jdhnfqfx10lf655k623_tl400000gn/T/config-repo-23769836722427871/'
2023-10-27 15:59:58 [http-nio-8888-exec-4] INFO  o.s.c.c.s.e.NativeEnvironmentRepository - Adding property source: Config resource 'file [/var/folders/sb/jdhnfqfx10lf655k623_tl400000gn/T/config-repo-23769836722427871/config-client.yml]' via location 'file:/var/folders/sb/jdhnfqfx10lf655k623_tl400000gn/T/config-repo-23769836722427871/'
2023-10-27 21:41:24 [background-preinit] INFO  o.h.validator.internal.util.Version - HV000001: Hibernate Validator 8.0.1.Final
2023-10-27 21:41:24 [main] INFO  c.e.c.ConfigServerApplication - Starting ConfigServerApplication using Java 17.0.7 with PID 15357 (/Users/ttlinh/Work/Practice/Microservices/springboot-kafka-elastic/config-server/build/classes/java/main started by ttlinh in /Users/ttlinh/Work/Practice/Microservices/springboot-kafka-elastic/CommonConfig)
2023-10-27 21:41:24 [main] INFO  c.e.c.ConfigServerApplication - No active profile set, falling back to 1 default profile: "default"
2023-10-27 21:41:24 [main] INFO  o.s.cloud.context.scope.GenericScope - BeanFactory id=4b895139-da17-3bb4-ba00-40348301d424
2023-10-27 21:41:25 [main] INFO  o.s.b.w.e.tomcat.TomcatWebServer - Tomcat initialized with port(s): 8888 (http)
2023-10-27 21:41:25 [main] INFO  o.a.coyote.http11.Http11NioProtocol - Initializing ProtocolHandler ["http-nio-8888"]
2023-10-27 21:41:25 [main] INFO  o.a.catalina.core.StandardService - Starting service [Tomcat]
2023-10-27 21:41:25 [main] INFO  o.a.catalina.core.StandardEngine - Starting Servlet engine: [Apache Tomcat/10.1.13]
2023-10-27 21:41:25 [main] INFO  o.a.c.c.C.[Tomcat].[localhost].[/] - Initializing Spring embedded WebApplicationContext
2023-10-27 21:41:25 [main] INFO  o.s.b.w.s.c.ServletWebServerApplicationContext - Root WebApplicationContext: initialization completed in 542 ms
2023-10-27 21:41:25 [main] INFO  o.s.s.web.DefaultSecurityFilterChain - Will secure any request with [org.springframework.security.web.session.DisableEncodeUrlFilter@35563e4c, org.springframework.security.web.context.request.async.WebAsyncManagerIntegrationFilter@6dd79214, org.springframework.security.web.context.SecurityContextHolderFilter@33e3bd2e, org.springframework.security.web.header.HeaderWriterFilter@72c4a3aa, org.springframework.security.web.csrf.CsrfFilter@4c4c7d6c, org.springframework.security.web.authentication.logout.LogoutFilter@2ab09943, org.springframework.security.web.authentication.UsernamePasswordAuthenticationFilter@1b7554d4, org.springframework.security.web.authentication.ui.DefaultLoginPageGeneratingFilter@7dbae40, org.springframework.security.web.authentication.ui.DefaultLogoutPageGeneratingFilter@ef86c72, org.springframework.security.web.authentication.www.BasicAuthenticationFilter@53016b11, org.springframework.security.web.savedrequest.RequestCacheAwareFilter@30508066, org.springframework.security.web.servletapi.SecurityContextHolderAwareRequestFilter@1bee0085, org.springframework.security.web.authentication.AnonymousAuthenticationFilter@123307c4, org.springframework.security.web.access.ExceptionTranslationFilter@6af87130, org.springframework.security.web.access.intercept.AuthorizationFilter@7b297740]
2023-10-27 21:41:25 [main] WARN  o.s.s.c.a.web.builders.WebSecurity - You are asking Spring Security to ignore Mvc [pattern='/actuator/**']. This is not recommended -- please use permitAll via HttpSecurity#authorizeHttpRequests instead.
2023-10-27 21:41:25 [main] INFO  o.s.s.web.DefaultSecurityFilterChain - Will not secure Mvc [pattern='/actuator/**']
2023-10-27 21:41:25 [main] WARN  o.s.s.c.a.web.builders.WebSecurity - You are asking Spring Security to ignore Mvc [pattern='/encrypt/**']. This is not recommended -- please use permitAll via HttpSecurity#authorizeHttpRequests instead.
2023-10-27 21:41:25 [main] INFO  o.s.s.web.DefaultSecurityFilterChain - Will not secure Mvc [pattern='/encrypt/**']
2023-10-27 21:41:25 [main] WARN  o.s.s.c.a.web.builders.WebSecurity - You are asking Spring Security to ignore Mvc [pattern='decrypt/**']. This is not recommended -- please use permitAll via HttpSecurity#authorizeHttpRequests instead.
2023-10-27 21:41:25 [main] INFO  o.s.s.web.DefaultSecurityFilterChain - Will not secure Mvc [pattern='decrypt/**']
2023-10-27 21:41:25 [main] DEBUG o.s.c.c.s.s.GitCredentialsProviderFactory - Constructing UsernamePasswordCredentialsProvider for URI https://github.com/ttlinh-O/config-server-repository
2023-10-27 21:41:25 [main] INFO  o.a.s.c.u.s.b.BouncyCastleSecurityProviderRegistrar - getOrCreateProvider(BC) created instance of org.bouncycastle.jce.provider.BouncyCastleProvider
2023-10-27 21:41:25 [main] INFO  o.a.s.c.u.s.e.EdDSASecurityProviderRegistrar - getOrCreateProvider(EdDSA) created instance of net.i2p.crypto.eddsa.EdDSASecurityProvider
2023-10-27 21:41:26 [main] INFO  o.a.s.c.i.DefaultIoServiceFactoryFactory - No detected/configured IoServiceFactoryFactory; using Nio2ServiceFactoryFactory
2023-10-27 21:41:30 [main] INFO  o.a.coyote.http11.Http11NioProtocol - Starting ProtocolHandler ["http-nio-8888"]
2023-10-27 21:41:30 [main] INFO  o.s.b.w.e.tomcat.TomcatWebServer - Tomcat started on port(s): 8888 (http) with context path ''
2023-10-27 21:41:30 [main] INFO  c.e.c.ConfigServerApplication - Started ConfigServerApplication in 5.892 seconds (process running for 6.421)
2023-10-27 21:41:34 [http-nio-8888-exec-1] INFO  o.a.c.c.C.[Tomcat].[localhost].[/] - Initializing Spring DispatcherServlet 'dispatcherServlet'
2023-10-27 21:41:34 [http-nio-8888-exec-1] INFO  o.s.web.servlet.DispatcherServlet - Initializing Servlet 'dispatcherServlet'
2023-10-27 21:41:34 [http-nio-8888-exec-1] INFO  o.s.web.servlet.DispatcherServlet - Completed initialization in 1 ms
2023-10-27 21:41:34 [http-nio-8888-exec-1] DEBUG o.s.security.web.FilterChainProxy - Securing GET /elastic-query-service,config-client/elastic_query
2023-10-27 21:41:34 [http-nio-8888-exec-1] DEBUG o.s.s.a.d.DaoAuthenticationProvider - Authenticated user
2023-10-27 21:41:34 [http-nio-8888-exec-1] DEBUG o.s.s.w.a.w.BasicAuthenticationFilter - Set SecurityContextHolder to UsernamePasswordAuthenticationToken [Principal=org.springframework.security.core.userdetails.User [Username=spring_cloud_user, Password=[PROTECTED], Enabled=true, AccountNonExpired=true, credentialsNonExpired=true, AccountNonLocked=true, Granted Authorities=[]], Credentials=[PROTECTED], Authenticated=true, Details=WebAuthenticationDetails [RemoteIpAddress=127.0.0.1, SessionId=null], Granted Authorities=[]]
2023-10-27 21:41:34 [http-nio-8888-exec-1] DEBUG o.s.security.web.FilterChainProxy - Secured GET /elastic-query-service,config-client/elastic_query
2023-10-27 21:41:34 [http-nio-8888-exec-1] DEBUG o.s.c.c.s.s.GitCredentialsProviderFactory - Constructing UsernamePasswordCredentialsProvider for URI https://github.com/ttlinh-O/config-server-repository
2023-10-27 21:41:37 [http-nio-8888-exec-1] INFO  o.s.c.c.s.e.NativeEnvironmentRepository - Adding property source: Config resource 'file [/var/folders/sb/jdhnfqfx10lf655k623_tl400000gn/T/config-repo-1481181398446144733/config-client-elastic_query.yml]' via location 'file:/var/folders/sb/jdhnfqfx10lf655k623_tl400000gn/T/config-repo-1481181398446144733/'
2023-10-27 21:41:37 [http-nio-8888-exec-1] INFO  o.s.c.c.s.e.NativeEnvironmentRepository - Adding property source: Config resource 'file [/var/folders/sb/jdhnfqfx10lf655k623_tl400000gn/T/config-repo-1481181398446144733/config-client.yml]' via location 'file:/var/folders/sb/jdhnfqfx10lf655k623_tl400000gn/T/config-repo-1481181398446144733/'
