2023-10-26 08:40:22 [background-preinit] INFO  o.h.validator.internal.util.Version - HV000001: Hibernate Validator 8.0.1.Final
2023-10-26 08:40:22 [main] INFO  c.e.c.ConfigServerApplication - Starting ConfigServerApplication using Java 17.0.7 with PID 11711 (/Users/ttlinh/Work/Practice/Microservices/springboot-kafka-elastic/config-server/build/classes/java/main started by ttlinh in /Users/ttlinh/Work/Practice/Microservices/springboot-kafka-elastic/CommonConfig)
2023-10-26 08:40:22 [main] INFO  c.e.c.ConfigServerApplication - No active profile set, falling back to 1 default profile: "default"
2023-10-26 08:40:23 [main] INFO  o.s.cloud.context.scope.GenericScope - BeanFactory id=4b895139-da17-3bb4-ba00-40348301d424
2023-10-26 08:40:23 [main] INFO  o.s.b.w.e.tomcat.TomcatWebServer - Tomcat initialized with port(s): 8888 (http)
2023-10-26 08:40:23 [main] INFO  o.a.coyote.http11.Http11NioProtocol - Initializing ProtocolHandler ["http-nio-8888"]
2023-10-26 08:40:23 [main] INFO  o.a.catalina.core.StandardService - Starting service [Tomcat]
2023-10-26 08:40:23 [main] INFO  o.a.catalina.core.StandardEngine - Starting Servlet engine: [Apache Tomcat/10.1.13]
2023-10-26 08:40:23 [main] INFO  o.a.c.c.C.[Tomcat].[localhost].[/] - Initializing Spring embedded WebApplicationContext
2023-10-26 08:40:23 [main] INFO  o.s.b.w.s.c.ServletWebServerApplicationContext - Root WebApplicationContext: initialization completed in 582 ms
2023-10-26 08:40:23 [main] INFO  o.s.s.web.DefaultSecurityFilterChain - Will secure any request with [org.springframework.security.web.session.DisableEncodeUrlFilter@191ec193, org.springframework.security.web.context.request.async.WebAsyncManagerIntegrationFilter@6321a5aa, org.springframework.security.web.context.SecurityContextHolderFilter@6f3bd37f, org.springframework.security.web.header.HeaderWriterFilter@4c4c7d6c, org.springframework.security.web.csrf.CsrfFilter@11c581a0, org.springframework.security.web.authentication.logout.LogoutFilter@18a98913, org.springframework.security.web.authentication.UsernamePasswordAuthenticationFilter@14e750c5, org.springframework.security.web.authentication.ui.DefaultLoginPageGeneratingFilter@6cc48a17, org.springframework.security.web.authentication.ui.DefaultLogoutPageGeneratingFilter@1c7f9861, org.springframework.security.web.authentication.www.BasicAuthenticationFilter@7d50f2a8, org.springframework.security.web.savedrequest.RequestCacheAwareFilter@447521e, org.springframework.security.web.servletapi.SecurityContextHolderAwareRequestFilter@7be94cd6, org.springframework.security.web.authentication.AnonymousAuthenticationFilter@7a36c83a, org.springframework.security.web.access.ExceptionTranslationFilter@1edfedf1, org.springframework.security.web.access.intercept.AuthorizationFilter@4409cae6]
2023-10-26 08:40:23 [main] WARN  o.s.s.c.a.web.builders.WebSecurity - You are asking Spring Security to ignore Mvc [pattern='/actuator/**']. This is not recommended -- please use permitAll via HttpSecurity#authorizeHttpRequests instead.
2023-10-26 08:40:23 [main] INFO  o.s.s.web.DefaultSecurityFilterChain - Will not secure Mvc [pattern='/actuator/**']
2023-10-26 08:40:23 [main] WARN  o.s.s.c.a.web.builders.WebSecurity - You are asking Spring Security to ignore Mvc [pattern='/encrypt/**']. This is not recommended -- please use permitAll via HttpSecurity#authorizeHttpRequests instead.
2023-10-26 08:40:23 [main] INFO  o.s.s.web.DefaultSecurityFilterChain - Will not secure Mvc [pattern='/encrypt/**']
2023-10-26 08:40:23 [main] WARN  o.s.s.c.a.web.builders.WebSecurity - You are asking Spring Security to ignore Mvc [pattern='decrypt/**']. This is not recommended -- please use permitAll via HttpSecurity#authorizeHttpRequests instead.
2023-10-26 08:40:23 [main] INFO  o.s.s.web.DefaultSecurityFilterChain - Will not secure Mvc [pattern='decrypt/**']
2023-10-26 08:40:24 [main] INFO  o.a.s.c.u.s.b.BouncyCastleSecurityProviderRegistrar - getOrCreateProvider(BC) created instance of org.bouncycastle.jce.provider.BouncyCastleProvider
2023-10-26 08:40:24 [main] INFO  o.a.s.c.u.s.e.EdDSASecurityProviderRegistrar - getOrCreateProvider(EdDSA) created instance of net.i2p.crypto.eddsa.EdDSASecurityProvider
2023-10-26 08:40:24 [main] INFO  o.a.s.c.i.DefaultIoServiceFactoryFactory - No detected/configured IoServiceFactoryFactory; using Nio2ServiceFactoryFactory
2023-10-26 08:40:29 [main] INFO  o.a.coyote.http11.Http11NioProtocol - Starting ProtocolHandler ["http-nio-8888"]
2023-10-26 08:40:29 [main] INFO  o.s.b.w.e.tomcat.TomcatWebServer - Tomcat started on port(s): 8888 (http) with context path ''
2023-10-26 08:40:29 [main] INFO  c.e.c.ConfigServerApplication - Started ConfigServerApplication in 6.385 seconds (process running for 7.044)
2023-10-26 08:46:47 [http-nio-8888-exec-1] INFO  o.a.c.c.C.[Tomcat].[localhost].[/] - Initializing Spring DispatcherServlet 'dispatcherServlet'
2023-10-26 08:46:47 [http-nio-8888-exec-1] INFO  o.s.web.servlet.DispatcherServlet - Initializing Servlet 'dispatcherServlet'
2023-10-26 08:46:47 [http-nio-8888-exec-1] INFO  o.s.web.servlet.DispatcherServlet - Completed initialization in 2 ms
2023-10-26 08:46:50 [http-nio-8888-exec-1] INFO  o.s.c.c.s.e.NativeEnvironmentRepository - Adding property source: Config resource 'file [/var/folders/sb/jdhnfqfx10lf655k623_tl400000gn/T/config-repo-3567870297299949742/config-client-twitter_to_kafka.yml]' via location 'file:/var/folders/sb/jdhnfqfx10lf655k623_tl400000gn/T/config-repo-3567870297299949742/'
2023-10-26 08:46:50 [http-nio-8888-exec-1] INFO  o.s.c.c.s.e.NativeEnvironmentRepository - Adding property source: Config resource 'file [/var/folders/sb/jdhnfqfx10lf655k623_tl400000gn/T/config-repo-3567870297299949742/config-client.yml]' via location 'file:/var/folders/sb/jdhnfqfx10lf655k623_tl400000gn/T/config-repo-3567870297299949742/'
2023-10-26 08:47:02 [http-nio-8888-exec-2] INFO  o.s.c.c.s.e.NativeEnvironmentRepository - Adding property source: Config resource 'file [/var/folders/sb/jdhnfqfx10lf655k623_tl400000gn/T/config-repo-3567870297299949742/config-client-kafka_to_elastic.yml]' via location 'file:/var/folders/sb/jdhnfqfx10lf655k623_tl400000gn/T/config-repo-3567870297299949742/'
2023-10-26 08:47:02 [http-nio-8888-exec-2] INFO  o.s.c.c.s.e.NativeEnvironmentRepository - Adding property source: Config resource 'file [/var/folders/sb/jdhnfqfx10lf655k623_tl400000gn/T/config-repo-3567870297299949742/config-client.yml]' via location 'file:/var/folders/sb/jdhnfqfx10lf655k623_tl400000gn/T/config-repo-3567870297299949742/'
2023-10-26 08:48:23 [http-nio-8888-exec-5] INFO  o.s.c.c.s.e.NativeEnvironmentRepository - Adding property source: Config resource 'file [/var/folders/sb/jdhnfqfx10lf655k623_tl400000gn/T/config-repo-3567870297299949742/config-client-kafka_to_elastic.yml]' via location 'file:/var/folders/sb/jdhnfqfx10lf655k623_tl400000gn/T/config-repo-3567870297299949742/'
2023-10-26 08:48:23 [http-nio-8888-exec-5] INFO  o.s.c.c.s.e.NativeEnvironmentRepository - Adding property source: Config resource 'file [/var/folders/sb/jdhnfqfx10lf655k623_tl400000gn/T/config-repo-3567870297299949742/config-client.yml]' via location 'file:/var/folders/sb/jdhnfqfx10lf655k623_tl400000gn/T/config-repo-3567870297299949742/'
2023-10-26 08:50:15 [http-nio-8888-exec-7] INFO  o.s.c.c.s.e.NativeEnvironmentRepository - Adding property source: Config resource 'file [/var/folders/sb/jdhnfqfx10lf655k623_tl400000gn/T/config-repo-3567870297299949742/config-client-kafka_to_elastic.yml]' via location 'file:/var/folders/sb/jdhnfqfx10lf655k623_tl400000gn/T/config-repo-3567870297299949742/'
2023-10-26 08:50:15 [http-nio-8888-exec-7] INFO  o.s.c.c.s.e.NativeEnvironmentRepository - Adding property source: Config resource 'file [/var/folders/sb/jdhnfqfx10lf655k623_tl400000gn/T/config-repo-3567870297299949742/config-client.yml]' via location 'file:/var/folders/sb/jdhnfqfx10lf655k623_tl400000gn/T/config-repo-3567870297299949742/'
2023-10-26 09:17:01 [http-nio-8888-exec-9] INFO  o.s.c.c.s.e.MultipleJGitEnvironmentRepository - Fetched for remote main and found 1 updates
2023-10-26 09:17:01 [http-nio-8888-exec-9] INFO  o.s.c.c.s.e.NativeEnvironmentRepository - Adding property source: Config resource 'file [/var/folders/sb/jdhnfqfx10lf655k623_tl400000gn/T/config-repo-3567870297299949742/config-client-kafka_to_elastic.yml]' via location 'file:/var/folders/sb/jdhnfqfx10lf655k623_tl400000gn/T/config-repo-3567870297299949742/'
2023-10-26 09:17:01 [http-nio-8888-exec-9] INFO  o.s.c.c.s.e.NativeEnvironmentRepository - Adding property source: Config resource 'file [/var/folders/sb/jdhnfqfx10lf655k623_tl400000gn/T/config-repo-3567870297299949742/config-client.yml]' via location 'file:/var/folders/sb/jdhnfqfx10lf655k623_tl400000gn/T/config-repo-3567870297299949742/'
2023-10-26 09:46:33 [http-nio-8888-exec-1] INFO  o.s.c.c.s.e.NativeEnvironmentRepository - Adding property source: Config resource 'file [/var/folders/sb/jdhnfqfx10lf655k623_tl400000gn/T/config-repo-3567870297299949742/config-client-kafka_to_elastic.yml]' via location 'file:/var/folders/sb/jdhnfqfx10lf655k623_tl400000gn/T/config-repo-3567870297299949742/'
2023-10-26 09:46:33 [http-nio-8888-exec-1] INFO  o.s.c.c.s.e.NativeEnvironmentRepository - Adding property source: Config resource 'file [/var/folders/sb/jdhnfqfx10lf655k623_tl400000gn/T/config-repo-3567870297299949742/config-client.yml]' via location 'file:/var/folders/sb/jdhnfqfx10lf655k623_tl400000gn/T/config-repo-3567870297299949742/'
2023-10-26 09:50:47 [http-nio-8888-exec-3] INFO  o.s.c.c.s.e.NativeEnvironmentRepository - Adding property source: Config resource 'file [/var/folders/sb/jdhnfqfx10lf655k623_tl400000gn/T/config-repo-3567870297299949742/config-client-kafka_to_elastic.yml]' via location 'file:/var/folders/sb/jdhnfqfx10lf655k623_tl400000gn/T/config-repo-3567870297299949742/'
2023-10-26 09:50:47 [http-nio-8888-exec-3] INFO  o.s.c.c.s.e.NativeEnvironmentRepository - Adding property source: Config resource 'file [/var/folders/sb/jdhnfqfx10lf655k623_tl400000gn/T/config-repo-3567870297299949742/config-client.yml]' via location 'file:/var/folders/sb/jdhnfqfx10lf655k623_tl400000gn/T/config-repo-3567870297299949742/'
2023-10-26 13:07:00 [background-preinit] INFO  o.h.validator.internal.util.Version - HV000001: Hibernate Validator 8.0.1.Final
2023-10-26 13:07:00 [main] INFO  c.e.c.ConfigServerApplication - Starting ConfigServerApplication using Java 17.0.7 with PID 16984 (/Users/ttlinh/Work/Practice/Microservices/springboot-kafka-elastic/config-server/build/classes/java/main started by ttlinh in /Users/ttlinh/Work/Practice/Microservices/springboot-kafka-elastic/CommonConfig)
2023-10-26 13:07:00 [main] INFO  c.e.c.ConfigServerApplication - No active profile set, falling back to 1 default profile: "default"
2023-10-26 13:07:00 [main] INFO  o.s.cloud.context.scope.GenericScope - BeanFactory id=4b895139-da17-3bb4-ba00-40348301d424
2023-10-26 13:07:00 [main] INFO  o.s.b.w.e.tomcat.TomcatWebServer - Tomcat initialized with port(s): 8888 (http)
2023-10-26 13:07:00 [main] INFO  o.a.coyote.http11.Http11NioProtocol - Initializing ProtocolHandler ["http-nio-8888"]
2023-10-26 13:07:00 [main] INFO  o.a.catalina.core.StandardService - Starting service [Tomcat]
2023-10-26 13:07:00 [main] INFO  o.a.catalina.core.StandardEngine - Starting Servlet engine: [Apache Tomcat/10.1.13]
2023-10-26 13:07:00 [main] INFO  o.a.c.c.C.[Tomcat].[localhost].[/] - Initializing Spring embedded WebApplicationContext
2023-10-26 13:07:00 [main] INFO  o.s.b.w.s.c.ServletWebServerApplicationContext - Root WebApplicationContext: initialization completed in 714 ms
2023-10-26 13:07:01 [main] INFO  o.s.s.web.DefaultSecurityFilterChain - Will secure any request with [org.springframework.security.web.session.DisableEncodeUrlFilter@621f23ac, org.springframework.security.web.context.request.async.WebAsyncManagerIntegrationFilter@7761e342, org.springframework.security.web.context.SecurityContextHolderFilter@73a845cb, org.springframework.security.web.header.HeaderWriterFilter@1bee0085, org.springframework.security.web.csrf.CsrfFilter@7be94cd6, org.springframework.security.web.authentication.logout.LogoutFilter@7b297740, org.springframework.security.web.authentication.UsernamePasswordAuthenticationFilter@53125718, org.springframework.security.web.authentication.ui.DefaultLoginPageGeneratingFilter@14e750c5, org.springframework.security.web.authentication.ui.DefaultLogoutPageGeneratingFilter@51f68849, org.springframework.security.web.authentication.www.BasicAuthenticationFilter@ad3f70a, org.springframework.security.web.savedrequest.RequestCacheAwareFilter@7dbae40, org.springframework.security.web.servletapi.SecurityContextHolderAwareRequestFilter@b06d46d, org.springframework.security.web.authentication.AnonymousAuthenticationFilter@4eb9ae4d, org.springframework.security.web.access.ExceptionTranslationFilter@27e44e9c, org.springframework.security.web.access.intercept.AuthorizationFilter@4ee8051c]
2023-10-26 13:07:01 [main] WARN  o.s.s.c.a.web.builders.WebSecurity - You are asking Spring Security to ignore Mvc [pattern='/actuator/**']. This is not recommended -- please use permitAll via HttpSecurity#authorizeHttpRequests instead.
2023-10-26 13:07:01 [main] INFO  o.s.s.web.DefaultSecurityFilterChain - Will not secure Mvc [pattern='/actuator/**']
2023-10-26 13:07:01 [main] WARN  o.s.s.c.a.web.builders.WebSecurity - You are asking Spring Security to ignore Mvc [pattern='/encrypt/**']. This is not recommended -- please use permitAll via HttpSecurity#authorizeHttpRequests instead.
2023-10-26 13:07:01 [main] INFO  o.s.s.web.DefaultSecurityFilterChain - Will not secure Mvc [pattern='/encrypt/**']
2023-10-26 13:07:01 [main] WARN  o.s.s.c.a.web.builders.WebSecurity - You are asking Spring Security to ignore Mvc [pattern='decrypt/**']. This is not recommended -- please use permitAll via HttpSecurity#authorizeHttpRequests instead.
2023-10-26 13:07:01 [main] INFO  o.s.s.web.DefaultSecurityFilterChain - Will not secure Mvc [pattern='decrypt/**']
2023-10-26 13:07:01 [main] INFO  o.a.s.c.u.s.b.BouncyCastleSecurityProviderRegistrar - getOrCreateProvider(BC) created instance of org.bouncycastle.jce.provider.BouncyCastleProvider
2023-10-26 13:07:01 [main] INFO  o.a.s.c.u.s.e.EdDSASecurityProviderRegistrar - getOrCreateProvider(EdDSA) created instance of net.i2p.crypto.eddsa.EdDSASecurityProvider
2023-10-26 13:07:01 [main] INFO  o.a.s.c.i.DefaultIoServiceFactoryFactory - No detected/configured IoServiceFactoryFactory; using Nio2ServiceFactoryFactory
2023-10-26 13:07:06 [main] INFO  o.a.coyote.http11.Http11NioProtocol - Starting ProtocolHandler ["http-nio-8888"]
2023-10-26 13:07:06 [main] INFO  o.s.b.w.e.tomcat.TomcatWebServer - Tomcat started on port(s): 8888 (http) with context path ''
2023-10-26 13:07:06 [main] INFO  c.e.c.ConfigServerApplication - Started ConfigServerApplication in 6.348 seconds (process running for 6.819)
2023-10-26 13:07:08 [http-nio-8888-exec-1] INFO  o.a.c.c.C.[Tomcat].[localhost].[/] - Initializing Spring DispatcherServlet 'dispatcherServlet'
2023-10-26 13:07:08 [http-nio-8888-exec-1] INFO  o.s.web.servlet.DispatcherServlet - Initializing Servlet 'dispatcherServlet'
2023-10-26 13:07:08 [http-nio-8888-exec-1] INFO  o.s.web.servlet.DispatcherServlet - Completed initialization in 1 ms
2023-10-26 13:07:11 [http-nio-8888-exec-1] INFO  o.s.c.c.s.e.NativeEnvironmentRepository - Adding property source: Config resource 'file [/var/folders/sb/jdhnfqfx10lf655k623_tl400000gn/T/config-repo-6795926122034226123/config-client-twitter_to_kafka.yml]' via location 'file:/var/folders/sb/jdhnfqfx10lf655k623_tl400000gn/T/config-repo-6795926122034226123/'
2023-10-26 13:07:11 [http-nio-8888-exec-1] INFO  o.s.c.c.s.e.NativeEnvironmentRepository - Adding property source: Config resource 'file [/var/folders/sb/jdhnfqfx10lf655k623_tl400000gn/T/config-repo-6795926122034226123/config-client.yml]' via location 'file:/var/folders/sb/jdhnfqfx10lf655k623_tl400000gn/T/config-repo-6795926122034226123/'
2023-10-26 13:07:27 [http-nio-8888-exec-2] INFO  o.s.c.c.s.e.NativeEnvironmentRepository - Adding property source: Config resource 'file [/var/folders/sb/jdhnfqfx10lf655k623_tl400000gn/T/config-repo-6795926122034226123/config-client-kafka_to_elastic.yml]' via location 'file:/var/folders/sb/jdhnfqfx10lf655k623_tl400000gn/T/config-repo-6795926122034226123/'
2023-10-26 13:07:27 [http-nio-8888-exec-2] INFO  o.s.c.c.s.e.NativeEnvironmentRepository - Adding property source: Config resource 'file [/var/folders/sb/jdhnfqfx10lf655k623_tl400000gn/T/config-repo-6795926122034226123/config-client.yml]' via location 'file:/var/folders/sb/jdhnfqfx10lf655k623_tl400000gn/T/config-repo-6795926122034226123/'
2023-10-26 13:13:33 [http-nio-8888-exec-5] INFO  o.s.c.c.s.e.NativeEnvironmentRepository - Adding property source: Config resource 'file [/var/folders/sb/jdhnfqfx10lf655k623_tl400000gn/T/config-repo-6795926122034226123/config-client-kafka_to_elastic.yml]' via location 'file:/var/folders/sb/jdhnfqfx10lf655k623_tl400000gn/T/config-repo-6795926122034226123/'
2023-10-26 13:13:33 [http-nio-8888-exec-5] INFO  o.s.c.c.s.e.NativeEnvironmentRepository - Adding property source: Config resource 'file [/var/folders/sb/jdhnfqfx10lf655k623_tl400000gn/T/config-repo-6795926122034226123/config-client.yml]' via location 'file:/var/folders/sb/jdhnfqfx10lf655k623_tl400000gn/T/config-repo-6795926122034226123/'
2023-10-26 21:32:59 [background-preinit] INFO  o.h.validator.internal.util.Version - HV000001: Hibernate Validator 8.0.1.Final
2023-10-26 21:32:59 [main] INFO  c.e.c.ConfigServerApplication - Starting ConfigServerApplication using Java 17.0.7 with PID 23912 (/Users/ttlinh/Work/Practice/Microservices/springboot-kafka-elastic/config-server/build/classes/java/main started by ttlinh in /Users/ttlinh/Work/Practice/Microservices/springboot-kafka-elastic/CommonConfig)
2023-10-26 21:32:59 [main] INFO  c.e.c.ConfigServerApplication - No active profile set, falling back to 1 default profile: "default"
2023-10-26 21:33:00 [main] INFO  o.s.cloud.context.scope.GenericScope - BeanFactory id=4b895139-da17-3bb4-ba00-40348301d424
2023-10-26 21:33:00 [main] INFO  o.s.b.w.e.tomcat.TomcatWebServer - Tomcat initialized with port(s): 8888 (http)
2023-10-26 21:33:00 [main] INFO  o.a.coyote.http11.Http11NioProtocol - Initializing ProtocolHandler ["http-nio-8888"]
2023-10-26 21:33:00 [main] INFO  o.a.catalina.core.StandardService - Starting service [Tomcat]
2023-10-26 21:33:00 [main] INFO  o.a.catalina.core.StandardEngine - Starting Servlet engine: [Apache Tomcat/10.1.13]
2023-10-26 21:33:00 [main] INFO  o.a.c.c.C.[Tomcat].[localhost].[/] - Initializing Spring embedded WebApplicationContext
2023-10-26 21:33:00 [main] INFO  o.s.b.w.s.c.ServletWebServerApplicationContext - Root WebApplicationContext: initialization completed in 550 ms
2023-10-26 21:33:00 [main] INFO  o.s.s.web.DefaultSecurityFilterChain - Will secure any request with [org.springframework.security.web.session.DisableEncodeUrlFilter@1ea930eb, org.springframework.security.web.context.request.async.WebAsyncManagerIntegrationFilter@2e0ad709, org.springframework.security.web.context.SecurityContextHolderFilter@463045fb, org.springframework.security.web.header.HeaderWriterFilter@458031da, org.springframework.security.web.csrf.CsrfFilter@99a8de3, org.springframework.security.web.authentication.logout.LogoutFilter@7911cc15, org.springframework.security.web.authentication.UsernamePasswordAuthenticationFilter@66713605, org.springframework.security.web.authentication.ui.DefaultLoginPageGeneratingFilter@33e3bd2e, org.springframework.security.web.authentication.ui.DefaultLogoutPageGeneratingFilter@1fe8f5e8, org.springframework.security.web.authentication.www.BasicAuthenticationFilter@7b297740, org.springframework.security.web.savedrequest.RequestCacheAwareFilter@3344d163, org.springframework.security.web.servletapi.SecurityContextHolderAwareRequestFilter@6af87130, org.springframework.security.web.authentication.AnonymousAuthenticationFilter@39449465, org.springframework.security.web.access.ExceptionTranslationFilter@2fde9469, org.springframework.security.web.access.intercept.AuthorizationFilter@374ccb9]
2023-10-26 21:33:00 [main] WARN  o.s.s.c.a.web.builders.WebSecurity - You are asking Spring Security to ignore Mvc [pattern='/actuator/**']. This is not recommended -- please use permitAll via HttpSecurity#authorizeHttpRequests instead.
2023-10-26 21:33:00 [main] INFO  o.s.s.web.DefaultSecurityFilterChain - Will not secure Mvc [pattern='/actuator/**']
2023-10-26 21:33:00 [main] WARN  o.s.s.c.a.web.builders.WebSecurity - You are asking Spring Security to ignore Mvc [pattern='/encrypt/**']. This is not recommended -- please use permitAll via HttpSecurity#authorizeHttpRequests instead.
2023-10-26 21:33:00 [main] INFO  o.s.s.web.DefaultSecurityFilterChain - Will not secure Mvc [pattern='/encrypt/**']
2023-10-26 21:33:00 [main] WARN  o.s.s.c.a.web.builders.WebSecurity - You are asking Spring Security to ignore Mvc [pattern='decrypt/**']. This is not recommended -- please use permitAll via HttpSecurity#authorizeHttpRequests instead.
2023-10-26 21:33:00 [main] INFO  o.s.s.web.DefaultSecurityFilterChain - Will not secure Mvc [pattern='decrypt/**']
2023-10-26 21:33:00 [main] INFO  o.a.s.c.u.s.b.BouncyCastleSecurityProviderRegistrar - getOrCreateProvider(BC) created instance of org.bouncycastle.jce.provider.BouncyCastleProvider
2023-10-26 21:33:00 [main] INFO  o.a.s.c.u.s.e.EdDSASecurityProviderRegistrar - getOrCreateProvider(EdDSA) created instance of net.i2p.crypto.eddsa.EdDSASecurityProvider
2023-10-26 21:33:01 [main] INFO  o.a.s.c.i.DefaultIoServiceFactoryFactory - No detected/configured IoServiceFactoryFactory; using Nio2ServiceFactoryFactory
2023-10-26 21:33:05 [main] INFO  o.a.coyote.http11.Http11NioProtocol - Starting ProtocolHandler ["http-nio-8888"]
2023-10-26 21:33:05 [main] INFO  o.s.b.w.e.tomcat.TomcatWebServer - Tomcat started on port(s): 8888 (http) with context path ''
2023-10-26 21:33:05 [main] INFO  c.e.c.ConfigServerApplication - Started ConfigServerApplication in 5.997 seconds (process running for 6.521)
2023-10-26 22:14:49 [http-nio-8888-exec-1] INFO  o.a.c.c.C.[Tomcat].[localhost].[/] - Initializing Spring DispatcherServlet 'dispatcherServlet'
2023-10-26 22:14:49 [http-nio-8888-exec-1] INFO  o.s.web.servlet.DispatcherServlet - Initializing Servlet 'dispatcherServlet'
2023-10-26 22:14:49 [http-nio-8888-exec-1] INFO  o.s.web.servlet.DispatcherServlet - Completed initialization in 22 ms
2023-10-26 22:14:52 [http-nio-8888-exec-1] INFO  o.s.c.c.s.e.MultipleJGitEnvironmentRepository - Fetched for remote main and found 1 updates
2023-10-26 22:14:52 [http-nio-8888-exec-1] INFO  o.s.c.c.s.e.NativeEnvironmentRepository - Adding property source: Config resource 'file [/var/folders/sb/jdhnfqfx10lf655k623_tl400000gn/T/config-repo-10194652408789986870/config-client.yml]' via location 'file:/var/folders/sb/jdhnfqfx10lf655k623_tl400000gn/T/config-repo-10194652408789986870/'
2023-10-26 22:15:48 [http-nio-8888-exec-3] INFO  o.s.c.c.s.e.NativeEnvironmentRepository - Adding property source: Config resource 'file [/var/folders/sb/jdhnfqfx10lf655k623_tl400000gn/T/config-repo-10194652408789986870/config-client.yml]' via location 'file:/var/folders/sb/jdhnfqfx10lf655k623_tl400000gn/T/config-repo-10194652408789986870/'
2023-10-26 22:24:48 [http-nio-8888-exec-5] INFO  o.s.c.c.s.e.MultipleJGitEnvironmentRepository - Fetched for remote main and found 1 updates
2023-10-26 22:24:48 [http-nio-8888-exec-5] INFO  o.s.c.c.s.e.NativeEnvironmentRepository - Adding property source: Config resource 'file [/var/folders/sb/jdhnfqfx10lf655k623_tl400000gn/T/config-repo-10194652408789986870/config-client.yml]' via location 'file:/var/folders/sb/jdhnfqfx10lf655k623_tl400000gn/T/config-repo-10194652408789986870/'
2023-10-26 22:28:51 [http-nio-8888-exec-7] INFO  o.s.c.c.s.e.NativeEnvironmentRepository - Adding property source: Config resource 'file [/var/folders/sb/jdhnfqfx10lf655k623_tl400000gn/T/config-repo-10194652408789986870/config-client.yml]' via location 'file:/var/folders/sb/jdhnfqfx10lf655k623_tl400000gn/T/config-repo-10194652408789986870/'
