2023-10-28 21:42:13 [background-preinit] INFO  o.h.validator.internal.util.Version - HV000001: Hibernate Validator 8.0.1.Final
2023-10-28 21:42:13 [main] INFO  c.e.c.ConfigServerApplication - Starting ConfigServerApplication using Java 17.0.7 with PID 21867 (/Users/ttlinh/Work/Practice/Microservices/springboot-kafka-elastic/config-server/build/classes/java/main started by ttlinh in /Users/ttlinh/Work/Practice/Microservices/springboot-kafka-elastic/CommonConfig)
2023-10-28 21:42:13 [main] INFO  c.e.c.ConfigServerApplication - No active profile set, falling back to 1 default profile: "default"
2023-10-28 21:42:13 [main] INFO  o.s.cloud.context.scope.GenericScope - BeanFactory id=4b895139-da17-3bb4-ba00-40348301d424
2023-10-28 21:42:13 [main] INFO  o.s.b.w.e.tomcat.TomcatWebServer - Tomcat initialized with port(s): 8888 (http)
2023-10-28 21:42:13 [main] INFO  o.a.coyote.http11.Http11NioProtocol - Initializing ProtocolHandler ["http-nio-8888"]
2023-10-28 21:42:13 [main] INFO  o.a.catalina.core.StandardService - Starting service [Tomcat]
2023-10-28 21:42:13 [main] INFO  o.a.catalina.core.StandardEngine - Starting Servlet engine: [Apache Tomcat/10.1.13]
2023-10-28 21:42:13 [main] INFO  o.a.c.c.C.[Tomcat].[localhost].[/] - Initializing Spring embedded WebApplicationContext
2023-10-28 21:42:13 [main] INFO  o.s.b.w.s.c.ServletWebServerApplicationContext - Root WebApplicationContext: initialization completed in 548 ms
2023-10-28 21:42:14 [main] INFO  o.s.s.web.DefaultSecurityFilterChain - Will secure any request with [org.springframework.security.web.session.DisableEncodeUrlFilter@53016b11, org.springframework.security.web.context.request.async.WebAsyncManagerIntegrationFilter@7af327e3, org.springframework.security.web.context.SecurityContextHolderFilter@72c4a3aa, org.springframework.security.web.header.HeaderWriterFilter@7f22687e, org.springframework.security.web.csrf.CsrfFilter@482f7af0, org.springframework.security.web.authentication.logout.LogoutFilter@307cf964, org.springframework.security.web.authentication.UsernamePasswordAuthenticationFilter@7a36c83a, org.springframework.security.web.authentication.ui.DefaultLoginPageGeneratingFilter@13f40d71, org.springframework.security.web.authentication.ui.DefaultLogoutPageGeneratingFilter@743d0d44, org.springframework.security.web.authentication.www.BasicAuthenticationFilter@16f7f59f, org.springframework.security.web.savedrequest.RequestCacheAwareFilter@3711c71c, org.springframework.security.web.servletapi.SecurityContextHolderAwareRequestFilter@9408857, org.springframework.security.web.authentication.AnonymousAuthenticationFilter@35563e4c, org.springframework.security.web.access.ExceptionTranslationFilter@6cc48a17, org.springframework.security.web.access.intercept.AuthorizationFilter@1c7f9861]
2023-10-28 21:42:14 [main] WARN  o.s.s.c.a.web.builders.WebSecurity - You are asking Spring Security to ignore Mvc [pattern='/actuator/**']. This is not recommended -- please use permitAll via HttpSecurity#authorizeHttpRequests instead.
2023-10-28 21:42:14 [main] INFO  o.s.s.web.DefaultSecurityFilterChain - Will not secure Mvc [pattern='/actuator/**']
2023-10-28 21:42:14 [main] WARN  o.s.s.c.a.web.builders.WebSecurity - You are asking Spring Security to ignore Mvc [pattern='/encrypt/**']. This is not recommended -- please use permitAll via HttpSecurity#authorizeHttpRequests instead.
2023-10-28 21:42:14 [main] INFO  o.s.s.web.DefaultSecurityFilterChain - Will not secure Mvc [pattern='/encrypt/**']
2023-10-28 21:42:14 [main] WARN  o.s.s.c.a.web.builders.WebSecurity - You are asking Spring Security to ignore Mvc [pattern='decrypt/**']. This is not recommended -- please use permitAll via HttpSecurity#authorizeHttpRequests instead.
2023-10-28 21:42:14 [main] INFO  o.s.s.web.DefaultSecurityFilterChain - Will not secure Mvc [pattern='decrypt/**']
2023-10-28 21:42:14 [main] DEBUG o.s.c.c.s.s.GitCredentialsProviderFactory - Constructing UsernamePasswordCredentialsProvider for URI https://github.com/ttlinh-O/config-server-repository
2023-10-28 21:42:14 [main] INFO  o.a.s.c.u.s.b.BouncyCastleSecurityProviderRegistrar - getOrCreateProvider(BC) created instance of org.bouncycastle.jce.provider.BouncyCastleProvider
2023-10-28 21:42:14 [main] INFO  o.a.s.c.u.s.e.EdDSASecurityProviderRegistrar - getOrCreateProvider(EdDSA) created instance of net.i2p.crypto.eddsa.EdDSASecurityProvider
2023-10-28 21:42:14 [main] INFO  o.a.s.c.i.DefaultIoServiceFactoryFactory - No detected/configured IoServiceFactoryFactory; using Nio2ServiceFactoryFactory
2023-10-28 21:42:19 [main] INFO  o.a.coyote.http11.Http11NioProtocol - Starting ProtocolHandler ["http-nio-8888"]
2023-10-28 21:42:19 [main] INFO  o.s.b.w.e.tomcat.TomcatWebServer - Tomcat started on port(s): 8888 (http) with context path ''
2023-10-28 21:42:19 [main] INFO  c.e.c.ConfigServerApplication - Started ConfigServerApplication in 6.164 seconds (process running for 6.513)
2023-10-28 21:51:03 [http-nio-8888-exec-1] INFO  o.a.c.c.C.[Tomcat].[localhost].[/] - Initializing Spring DispatcherServlet 'dispatcherServlet'
2023-10-28 21:51:03 [http-nio-8888-exec-1] INFO  o.s.web.servlet.DispatcherServlet - Initializing Servlet 'dispatcherServlet'
2023-10-28 21:51:03 [http-nio-8888-exec-1] INFO  o.s.web.servlet.DispatcherServlet - Completed initialization in 2 ms
2023-10-28 21:51:03 [http-nio-8888-exec-1] DEBUG o.s.security.web.FilterChainProxy - Securing GET /elastic-query-web-client,config-client/elastic_query_web
2023-10-28 21:51:04 [http-nio-8888-exec-1] DEBUG o.s.s.a.d.DaoAuthenticationProvider - Authenticated user
2023-10-28 21:51:04 [http-nio-8888-exec-1] DEBUG o.s.s.w.a.w.BasicAuthenticationFilter - Set SecurityContextHolder to UsernamePasswordAuthenticationToken [Principal=org.springframework.security.core.userdetails.User [Username=spring_cloud_user, Password=[PROTECTED], Enabled=true, AccountNonExpired=true, credentialsNonExpired=true, AccountNonLocked=true, Granted Authorities=[]], Credentials=[PROTECTED], Authenticated=true, Details=WebAuthenticationDetails [RemoteIpAddress=127.0.0.1, SessionId=null], Granted Authorities=[]]
2023-10-28 21:51:04 [http-nio-8888-exec-1] DEBUG o.s.security.web.FilterChainProxy - Secured GET /elastic-query-web-client,config-client/elastic_query_web
2023-10-28 21:51:04 [http-nio-8888-exec-1] DEBUG o.s.c.c.s.s.GitCredentialsProviderFactory - Constructing UsernamePasswordCredentialsProvider for URI https://github.com/ttlinh-O/config-server-repository
2023-10-28 21:51:07 [http-nio-8888-exec-1] INFO  o.s.c.c.s.e.MultipleJGitEnvironmentRepository - Fetched for remote main and found 1 updates
2023-10-28 21:51:07 [http-nio-8888-exec-1] INFO  o.s.c.c.s.e.NativeEnvironmentRepository - Adding property source: Config resource 'file [/var/folders/sb/jdhnfqfx10lf655k623_tl400000gn/T/config-repo-9154950437239901102/config-client-elastic_query_web.yml]' via location 'file:/var/folders/sb/jdhnfqfx10lf655k623_tl400000gn/T/config-repo-9154950437239901102/'
2023-10-28 21:51:07 [http-nio-8888-exec-1] INFO  o.s.c.c.s.e.NativeEnvironmentRepository - Adding property source: Config resource 'file [/var/folders/sb/jdhnfqfx10lf655k623_tl400000gn/T/config-repo-9154950437239901102/config-client.yml]' via location 'file:/var/folders/sb/jdhnfqfx10lf655k623_tl400000gn/T/config-repo-9154950437239901102/'
2023-10-28 21:52:38 [http-nio-8888-exec-3] DEBUG o.s.security.web.FilterChainProxy - Securing GET /elastic-query-web-client,config-client/elastic_query_web
2023-10-28 21:52:38 [http-nio-8888-exec-3] DEBUG o.s.s.a.d.DaoAuthenticationProvider - Authenticated user
2023-10-28 21:52:38 [http-nio-8888-exec-3] DEBUG o.s.s.w.a.w.BasicAuthenticationFilter - Set SecurityContextHolder to UsernamePasswordAuthenticationToken [Principal=org.springframework.security.core.userdetails.User [Username=spring_cloud_user, Password=[PROTECTED], Enabled=true, AccountNonExpired=true, credentialsNonExpired=true, AccountNonLocked=true, Granted Authorities=[]], Credentials=[PROTECTED], Authenticated=true, Details=WebAuthenticationDetails [RemoteIpAddress=127.0.0.1, SessionId=null], Granted Authorities=[]]
2023-10-28 21:52:38 [http-nio-8888-exec-3] DEBUG o.s.security.web.FilterChainProxy - Secured GET /elastic-query-web-client,config-client/elastic_query_web
2023-10-28 21:52:38 [http-nio-8888-exec-3] DEBUG o.s.c.c.s.s.GitCredentialsProviderFactory - Constructing UsernamePasswordCredentialsProvider for URI https://github.com/ttlinh-O/config-server-repository
2023-10-28 21:52:41 [http-nio-8888-exec-3] INFO  o.s.c.c.s.e.NativeEnvironmentRepository - Adding property source: Config resource 'file [/var/folders/sb/jdhnfqfx10lf655k623_tl400000gn/T/config-repo-9154950437239901102/config-client-elastic_query_web.yml]' via location 'file:/var/folders/sb/jdhnfqfx10lf655k623_tl400000gn/T/config-repo-9154950437239901102/'
2023-10-28 21:52:41 [http-nio-8888-exec-3] INFO  o.s.c.c.s.e.NativeEnvironmentRepository - Adding property source: Config resource 'file [/var/folders/sb/jdhnfqfx10lf655k623_tl400000gn/T/config-repo-9154950437239901102/config-client.yml]' via location 'file:/var/folders/sb/jdhnfqfx10lf655k623_tl400000gn/T/config-repo-9154950437239901102/'
2023-10-28 23:26:19 [background-preinit] INFO  o.h.validator.internal.util.Version - HV000001: Hibernate Validator 8.0.1.Final
2023-10-28 23:26:19 [main] INFO  c.e.c.ConfigServerApplication - Starting ConfigServerApplication using Java 17.0.7 with PID 25138 (/Users/ttlinh/Work/Practice/Microservices/springboot-kafka-elastic/config-server/build/classes/java/main started by ttlinh in /Users/ttlinh/Work/Practice/Microservices/springboot-kafka-elastic/CommonConfig)
2023-10-28 23:26:19 [main] INFO  c.e.c.ConfigServerApplication - No active profile set, falling back to 1 default profile: "default"
2023-10-28 23:26:19 [main] INFO  o.s.cloud.context.scope.GenericScope - BeanFactory id=4b895139-da17-3bb4-ba00-40348301d424
2023-10-28 23:26:20 [main] INFO  o.s.b.w.e.tomcat.TomcatWebServer - Tomcat initialized with port(s): 8888 (http)
2023-10-28 23:26:20 [main] INFO  o.a.coyote.http11.Http11NioProtocol - Initializing ProtocolHandler ["http-nio-8888"]
2023-10-28 23:26:20 [main] INFO  o.a.catalina.core.StandardService - Starting service [Tomcat]
2023-10-28 23:26:20 [main] INFO  o.a.catalina.core.StandardEngine - Starting Servlet engine: [Apache Tomcat/10.1.13]
2023-10-28 23:26:20 [main] INFO  o.a.c.c.C.[Tomcat].[localhost].[/] - Initializing Spring embedded WebApplicationContext
2023-10-28 23:26:20 [main] INFO  o.s.b.w.s.c.ServletWebServerApplicationContext - Root WebApplicationContext: initialization completed in 556 ms
2023-10-28 23:26:20 [main] INFO  o.s.s.web.DefaultSecurityFilterChain - Will secure any request with [org.springframework.security.web.session.DisableEncodeUrlFilter@154b8cb6, org.springframework.security.web.context.request.async.WebAsyncManagerIntegrationFilter@7b297740, org.springframework.security.web.context.SecurityContextHolderFilter@1ecf0ac6, org.springframework.security.web.header.HeaderWriterFilter@403364e9, org.springframework.security.web.csrf.CsrfFilter@34c62fdf, org.springframework.security.web.authentication.logout.LogoutFilter@5175d9ad, org.springframework.security.web.authentication.UsernamePasswordAuthenticationFilter@77324a58, org.springframework.security.web.authentication.ui.DefaultLoginPageGeneratingFilter@22a4ca4a, org.springframework.security.web.authentication.ui.DefaultLogoutPageGeneratingFilter@1b7554d4, org.springframework.security.web.authentication.www.BasicAuthenticationFilter@6321a5aa, org.springframework.security.web.savedrequest.RequestCacheAwareFilter@7be94cd6, org.springframework.security.web.servletapi.SecurityContextHolderAwareRequestFilter@3344d163, org.springframework.security.web.authentication.AnonymousAuthenticationFilter@57ce2898, org.springframework.security.web.access.ExceptionTranslationFilter@1e56bc9b, org.springframework.security.web.access.intercept.AuthorizationFilter@597d48ca]
2023-10-28 23:26:20 [main] WARN  o.s.s.c.a.web.builders.WebSecurity - You are asking Spring Security to ignore Mvc [pattern='/actuator/**']. This is not recommended -- please use permitAll via HttpSecurity#authorizeHttpRequests instead.
2023-10-28 23:26:20 [main] INFO  o.s.s.web.DefaultSecurityFilterChain - Will not secure Mvc [pattern='/actuator/**']
2023-10-28 23:26:20 [main] WARN  o.s.s.c.a.web.builders.WebSecurity - You are asking Spring Security to ignore Mvc [pattern='/encrypt/**']. This is not recommended -- please use permitAll via HttpSecurity#authorizeHttpRequests instead.
2023-10-28 23:26:20 [main] INFO  o.s.s.web.DefaultSecurityFilterChain - Will not secure Mvc [pattern='/encrypt/**']
2023-10-28 23:26:20 [main] WARN  o.s.s.c.a.web.builders.WebSecurity - You are asking Spring Security to ignore Mvc [pattern='decrypt/**']. This is not recommended -- please use permitAll via HttpSecurity#authorizeHttpRequests instead.
2023-10-28 23:26:20 [main] INFO  o.s.s.web.DefaultSecurityFilterChain - Will not secure Mvc [pattern='decrypt/**']
2023-10-28 23:26:20 [main] DEBUG o.s.c.c.s.s.GitCredentialsProviderFactory - Constructing UsernamePasswordCredentialsProvider for URI https://github.com/ttlinh-O/config-server-repository
2023-10-28 23:26:20 [main] INFO  o.a.s.c.u.s.b.BouncyCastleSecurityProviderRegistrar - getOrCreateProvider(BC) created instance of org.bouncycastle.jce.provider.BouncyCastleProvider
2023-10-28 23:26:20 [main] INFO  o.a.s.c.u.s.e.EdDSASecurityProviderRegistrar - getOrCreateProvider(EdDSA) created instance of net.i2p.crypto.eddsa.EdDSASecurityProvider
2023-10-28 23:26:21 [main] INFO  o.a.s.c.i.DefaultIoServiceFactoryFactory - No detected/configured IoServiceFactoryFactory; using Nio2ServiceFactoryFactory
2023-10-28 23:26:25 [main] INFO  o.a.coyote.http11.Http11NioProtocol - Starting ProtocolHandler ["http-nio-8888"]
2023-10-28 23:26:25 [main] INFO  o.s.b.w.e.tomcat.TomcatWebServer - Tomcat started on port(s): 8888 (http) with context path ''
2023-10-28 23:26:25 [main] INFO  c.e.c.ConfigServerApplication - Started ConfigServerApplication in 6.536 seconds (process running for 7.205)
2023-10-28 23:26:31 [http-nio-8888-exec-1] INFO  o.a.c.c.C.[Tomcat].[localhost].[/] - Initializing Spring DispatcherServlet 'dispatcherServlet'
2023-10-28 23:26:31 [http-nio-8888-exec-1] INFO  o.s.web.servlet.DispatcherServlet - Initializing Servlet 'dispatcherServlet'
2023-10-28 23:26:31 [http-nio-8888-exec-1] INFO  o.s.web.servlet.DispatcherServlet - Completed initialization in 4 ms
2023-10-28 23:26:31 [http-nio-8888-exec-1] DEBUG o.s.security.web.FilterChainProxy - Securing GET /elastic-query-web-client,config-client/elastic_query_web
2023-10-28 23:26:32 [http-nio-8888-exec-1] DEBUG o.s.s.a.d.DaoAuthenticationProvider - Authenticated user
2023-10-28 23:26:32 [http-nio-8888-exec-1] DEBUG o.s.s.w.a.w.BasicAuthenticationFilter - Set SecurityContextHolder to UsernamePasswordAuthenticationToken [Principal=org.springframework.security.core.userdetails.User [Username=spring_cloud_user, Password=[PROTECTED], Enabled=true, AccountNonExpired=true, credentialsNonExpired=true, AccountNonLocked=true, Granted Authorities=[]], Credentials=[PROTECTED], Authenticated=true, Details=WebAuthenticationDetails [RemoteIpAddress=127.0.0.1, SessionId=null], Granted Authorities=[]]
2023-10-28 23:26:32 [http-nio-8888-exec-1] DEBUG o.s.security.web.FilterChainProxy - Secured GET /elastic-query-web-client,config-client/elastic_query_web
2023-10-28 23:26:32 [http-nio-8888-exec-1] DEBUG o.s.c.c.s.s.GitCredentialsProviderFactory - Constructing UsernamePasswordCredentialsProvider for URI https://github.com/ttlinh-O/config-server-repository
2023-10-28 23:26:35 [http-nio-8888-exec-1] INFO  o.s.c.c.s.e.NativeEnvironmentRepository - Adding property source: Config resource 'file [/var/folders/sb/jdhnfqfx10lf655k623_tl400000gn/T/config-repo-2289400466433756153/config-client-elastic_query_web.yml]' via location 'file:/var/folders/sb/jdhnfqfx10lf655k623_tl400000gn/T/config-repo-2289400466433756153/'
2023-10-28 23:26:35 [http-nio-8888-exec-1] INFO  o.s.c.c.s.e.NativeEnvironmentRepository - Adding property source: Config resource 'file [/var/folders/sb/jdhnfqfx10lf655k623_tl400000gn/T/config-repo-2289400466433756153/config-client.yml]' via location 'file:/var/folders/sb/jdhnfqfx10lf655k623_tl400000gn/T/config-repo-2289400466433756153/'
2023-10-28 23:28:50 [http-nio-8888-exec-3] DEBUG o.s.security.web.FilterChainProxy - Securing GET /elastic-query-web-client,config-client/elastic_query_web
2023-10-28 23:28:50 [http-nio-8888-exec-3] DEBUG o.s.s.a.d.DaoAuthenticationProvider - Authenticated user
2023-10-28 23:28:50 [http-nio-8888-exec-3] DEBUG o.s.s.w.a.w.BasicAuthenticationFilter - Set SecurityContextHolder to UsernamePasswordAuthenticationToken [Principal=org.springframework.security.core.userdetails.User [Username=spring_cloud_user, Password=[PROTECTED], Enabled=true, AccountNonExpired=true, credentialsNonExpired=true, AccountNonLocked=true, Granted Authorities=[]], Credentials=[PROTECTED], Authenticated=true, Details=WebAuthenticationDetails [RemoteIpAddress=127.0.0.1, SessionId=null], Granted Authorities=[]]
2023-10-28 23:28:50 [http-nio-8888-exec-3] DEBUG o.s.security.web.FilterChainProxy - Secured GET /elastic-query-web-client,config-client/elastic_query_web
2023-10-28 23:28:50 [http-nio-8888-exec-3] DEBUG o.s.c.c.s.s.GitCredentialsProviderFactory - Constructing UsernamePasswordCredentialsProvider for URI https://github.com/ttlinh-O/config-server-repository
2023-10-28 23:28:53 [http-nio-8888-exec-3] INFO  o.s.c.c.s.e.NativeEnvironmentRepository - Adding property source: Config resource 'file [/var/folders/sb/jdhnfqfx10lf655k623_tl400000gn/T/config-repo-2289400466433756153/config-client-elastic_query_web.yml]' via location 'file:/var/folders/sb/jdhnfqfx10lf655k623_tl400000gn/T/config-repo-2289400466433756153/'
2023-10-28 23:28:53 [http-nio-8888-exec-3] INFO  o.s.c.c.s.e.NativeEnvironmentRepository - Adding property source: Config resource 'file [/var/folders/sb/jdhnfqfx10lf655k623_tl400000gn/T/config-repo-2289400466433756153/config-client.yml]' via location 'file:/var/folders/sb/jdhnfqfx10lf655k623_tl400000gn/T/config-repo-2289400466433756153/'
2023-10-28 23:35:49 [http-nio-8888-exec-5] DEBUG o.s.security.web.FilterChainProxy - Securing GET /elastic-query-web-client,config-client/elastic_query_web
2023-10-28 23:35:49 [http-nio-8888-exec-5] DEBUG o.s.s.a.d.DaoAuthenticationProvider - Authenticated user
2023-10-28 23:35:49 [http-nio-8888-exec-5] DEBUG o.s.s.w.a.w.BasicAuthenticationFilter - Set SecurityContextHolder to UsernamePasswordAuthenticationToken [Principal=org.springframework.security.core.userdetails.User [Username=spring_cloud_user, Password=[PROTECTED], Enabled=true, AccountNonExpired=true, credentialsNonExpired=true, AccountNonLocked=true, Granted Authorities=[]], Credentials=[PROTECTED], Authenticated=true, Details=WebAuthenticationDetails [RemoteIpAddress=127.0.0.1, SessionId=null], Granted Authorities=[]]
2023-10-28 23:35:49 [http-nio-8888-exec-5] DEBUG o.s.security.web.FilterChainProxy - Secured GET /elastic-query-web-client,config-client/elastic_query_web
2023-10-28 23:35:49 [http-nio-8888-exec-5] DEBUG o.s.c.c.s.s.GitCredentialsProviderFactory - Constructing UsernamePasswordCredentialsProvider for URI https://github.com/ttlinh-O/config-server-repository
2023-10-28 23:35:52 [http-nio-8888-exec-5] INFO  o.s.c.c.s.e.NativeEnvironmentRepository - Adding property source: Config resource 'file [/var/folders/sb/jdhnfqfx10lf655k623_tl400000gn/T/config-repo-2289400466433756153/config-client-elastic_query_web.yml]' via location 'file:/var/folders/sb/jdhnfqfx10lf655k623_tl400000gn/T/config-repo-2289400466433756153/'
2023-10-28 23:35:52 [http-nio-8888-exec-5] INFO  o.s.c.c.s.e.NativeEnvironmentRepository - Adding property source: Config resource 'file [/var/folders/sb/jdhnfqfx10lf655k623_tl400000gn/T/config-repo-2289400466433756153/config-client.yml]' via location 'file:/var/folders/sb/jdhnfqfx10lf655k623_tl400000gn/T/config-repo-2289400466433756153/'
2023-10-28 23:37:27 [http-nio-8888-exec-7] DEBUG o.s.security.web.FilterChainProxy - Securing GET /elastic-query-web-client,config-client/elastic_query_web
2023-10-28 23:37:27 [http-nio-8888-exec-7] DEBUG o.s.s.a.d.DaoAuthenticationProvider - Authenticated user
2023-10-28 23:37:27 [http-nio-8888-exec-7] DEBUG o.s.s.w.a.w.BasicAuthenticationFilter - Set SecurityContextHolder to UsernamePasswordAuthenticationToken [Principal=org.springframework.security.core.userdetails.User [Username=spring_cloud_user, Password=[PROTECTED], Enabled=true, AccountNonExpired=true, credentialsNonExpired=true, AccountNonLocked=true, Granted Authorities=[]], Credentials=[PROTECTED], Authenticated=true, Details=WebAuthenticationDetails [RemoteIpAddress=127.0.0.1, SessionId=null], Granted Authorities=[]]
2023-10-28 23:37:27 [http-nio-8888-exec-7] DEBUG o.s.security.web.FilterChainProxy - Secured GET /elastic-query-web-client,config-client/elastic_query_web
2023-10-28 23:37:27 [http-nio-8888-exec-7] DEBUG o.s.c.c.s.s.GitCredentialsProviderFactory - Constructing UsernamePasswordCredentialsProvider for URI https://github.com/ttlinh-O/config-server-repository
2023-10-28 23:37:31 [http-nio-8888-exec-7] INFO  o.s.c.c.s.e.NativeEnvironmentRepository - Adding property source: Config resource 'file [/var/folders/sb/jdhnfqfx10lf655k623_tl400000gn/T/config-repo-2289400466433756153/config-client-elastic_query_web.yml]' via location 'file:/var/folders/sb/jdhnfqfx10lf655k623_tl400000gn/T/config-repo-2289400466433756153/'
2023-10-28 23:37:31 [http-nio-8888-exec-7] INFO  o.s.c.c.s.e.NativeEnvironmentRepository - Adding property source: Config resource 'file [/var/folders/sb/jdhnfqfx10lf655k623_tl400000gn/T/config-repo-2289400466433756153/config-client.yml]' via location 'file:/var/folders/sb/jdhnfqfx10lf655k623_tl400000gn/T/config-repo-2289400466433756153/'
2023-10-28 23:41:44 [http-nio-8888-exec-9] DEBUG o.s.security.web.FilterChainProxy - Securing GET /elastic-query-web-client,config-client/elastic_query_web
2023-10-28 23:41:44 [http-nio-8888-exec-9] DEBUG o.s.s.a.d.DaoAuthenticationProvider - Authenticated user
2023-10-28 23:41:44 [http-nio-8888-exec-9] DEBUG o.s.s.w.a.w.BasicAuthenticationFilter - Set SecurityContextHolder to UsernamePasswordAuthenticationToken [Principal=org.springframework.security.core.userdetails.User [Username=spring_cloud_user, Password=[PROTECTED], Enabled=true, AccountNonExpired=true, credentialsNonExpired=true, AccountNonLocked=true, Granted Authorities=[]], Credentials=[PROTECTED], Authenticated=true, Details=WebAuthenticationDetails [RemoteIpAddress=127.0.0.1, SessionId=null], Granted Authorities=[]]
2023-10-28 23:41:44 [http-nio-8888-exec-9] DEBUG o.s.security.web.FilterChainProxy - Secured GET /elastic-query-web-client,config-client/elastic_query_web
2023-10-28 23:41:44 [http-nio-8888-exec-9] DEBUG o.s.c.c.s.s.GitCredentialsProviderFactory - Constructing UsernamePasswordCredentialsProvider for URI https://github.com/ttlinh-O/config-server-repository
2023-10-28 23:41:47 [http-nio-8888-exec-9] INFO  o.s.c.c.s.e.NativeEnvironmentRepository - Adding property source: Config resource 'file [/var/folders/sb/jdhnfqfx10lf655k623_tl400000gn/T/config-repo-2289400466433756153/config-client-elastic_query_web.yml]' via location 'file:/var/folders/sb/jdhnfqfx10lf655k623_tl400000gn/T/config-repo-2289400466433756153/'
2023-10-28 23:41:47 [http-nio-8888-exec-9] INFO  o.s.c.c.s.e.NativeEnvironmentRepository - Adding property source: Config resource 'file [/var/folders/sb/jdhnfqfx10lf655k623_tl400000gn/T/config-repo-2289400466433756153/config-client.yml]' via location 'file:/var/folders/sb/jdhnfqfx10lf655k623_tl400000gn/T/config-repo-2289400466433756153/'
