2023-10-22 20:02:26 [restartedMain] INFO  c.e.t.TwitterToKafkaServiceApplication - Starting TwitterToKafkaServiceApplication using Java 17.0.7 with PID 71165 (/Users/ttlinh/Work/Practice/Microservices/springboot-kafka-elastic/twitter-to-kafka-service/build/classes/java/main started by ttlinh in /Users/ttlinh/Work/Practice/Microservices/springboot-kafka-elastic/CommonConfig)
2023-10-22 20:02:26 [restartedMain] INFO  c.e.t.TwitterToKafkaServiceApplication - The following 1 profile is active: "twitter_to_kafka"
2023-10-22 20:02:26 [restartedMain] INFO  o.s.c.c.c.ConfigServerConfigDataLoader - Fetching config from server at : http://localhost:8888
2023-10-22 20:02:26 [restartedMain] INFO  o.s.c.c.c.ConfigServerConfigDataLoader - Located environment: name=twitter-to-kafka-service,config-client, profiles=[twitter_to_kafka], label=null, version=2d2baa66c2d9497428d2ac1b8cdd8d47b1f9b351, state=null
2023-10-22 20:02:26 [restartedMain] DEBUG o.s.c.c.c.ConfigServerConfigDataLoader - Environment twitter-to-kafka-service,config-client has 2 property sources with 38 properties.
2023-10-22 20:02:26 [restartedMain] INFO  o.s.b.d.e.DevToolsPropertyDefaultsPostProcessor - Devtools property defaults active! Set 'spring.devtools.add-properties' to 'false' to disable
2023-10-22 20:02:26 [restartedMain] INFO  o.s.b.d.e.DevToolsPropertyDefaultsPostProcessor - For additional web related logging consider setting the 'logging.level.web' property to 'DEBUG'
2023-10-22 20:02:26 [restartedMain] WARN  o.s.c.a.AnnotationTypeMapping - Support for convention-based annotation attribute overrides is deprecated and will be removed in Spring Framework 6.2. Please annotate the following attributes in @org.springframework.retry.annotation.EnableRetry with appropriate @AliasFor declarations: [proxyTargetClass]
2023-10-22 20:02:27 [restartedMain] INFO  o.s.cloud.context.scope.GenericScope - BeanFactory id=60af84c6-8ba1-356f-8d1f-5d5f7feb8bc8
2023-10-22 20:02:27 [restartedMain] INFO  o.s.c.s.PostProcessorRegistrationDelegate$BeanPostProcessorChecker - Bean 'org.springframework.retry.annotation.RetryConfiguration' of type [org.springframework.retry.annotation.RetryConfiguration] is not eligible for getting processed by all BeanPostProcessors (for example: not eligible for auto-proxying)
2023-10-22 20:02:27 [restartedMain] INFO  o.a.k.c.admin.AdminClientConfig - AdminClientConfig values: 
	auto.include.jmx.reporter = true
	bootstrap.servers = [localhost:19092, localhost:29092, localhost:39092]
	client.dns.lookup = use_all_dns_ips
	client.id = 
	connections.max.idle.ms = 300000
	default.api.timeout.ms = 60000
	metadata.max.age.ms = 300000
	metric.reporters = []
	metrics.num.samples = 2
	metrics.recording.level = INFO
	metrics.sample.window.ms = 30000
	receive.buffer.bytes = 65536
	reconnect.backoff.max.ms = 1000
	reconnect.backoff.ms = 50
	request.timeout.ms = 30000
	retries = 2147483647
	retry.backoff.ms = 100
	sasl.client.callback.handler.class = null
	sasl.jaas.config = null
	sasl.kerberos.kinit.cmd = /usr/bin/kinit
	sasl.kerberos.min.time.before.relogin = 60000
	sasl.kerberos.service.name = null
	sasl.kerberos.ticket.renew.jitter = 0.05
	sasl.kerberos.ticket.renew.window.factor = 0.8
	sasl.login.callback.handler.class = null
	sasl.login.class = null
	sasl.login.connect.timeout.ms = null
	sasl.login.read.timeout.ms = null
	sasl.login.refresh.buffer.seconds = 300
	sasl.login.refresh.min.period.seconds = 60
	sasl.login.refresh.window.factor = 0.8
	sasl.login.refresh.window.jitter = 0.05
	sasl.login.retry.backoff.max.ms = 10000
	sasl.login.retry.backoff.ms = 100
	sasl.mechanism = GSSAPI
	sasl.oauthbearer.clock.skew.seconds = 30
	sasl.oauthbearer.expected.audience = null
	sasl.oauthbearer.expected.issuer = null
	sasl.oauthbearer.jwks.endpoint.refresh.ms = 3600000
	sasl.oauthbearer.jwks.endpoint.retry.backoff.max.ms = 10000
	sasl.oauthbearer.jwks.endpoint.retry.backoff.ms = 100
	sasl.oauthbearer.jwks.endpoint.url = null
	sasl.oauthbearer.scope.claim.name = scope
	sasl.oauthbearer.sub.claim.name = sub
	sasl.oauthbearer.token.endpoint.url = null
	security.protocol = PLAINTEXT
	security.providers = null
	send.buffer.bytes = 131072
	socket.connection.setup.timeout.max.ms = 30000
	socket.connection.setup.timeout.ms = 10000
	ssl.cipher.suites = null
	ssl.enabled.protocols = [TLSv1.2, TLSv1.3]
	ssl.endpoint.identification.algorithm = https
	ssl.engine.factory.class = null
	ssl.key.password = null
	ssl.keymanager.algorithm = SunX509
	ssl.keystore.certificate.chain = null
	ssl.keystore.key = null
	ssl.keystore.location = null
	ssl.keystore.password = null
	ssl.keystore.type = JKS
	ssl.protocol = TLSv1.3
	ssl.provider = null
	ssl.secure.random.implementation = null
	ssl.trustmanager.algorithm = PKIX
	ssl.truststore.certificates = null
	ssl.truststore.location = null
	ssl.truststore.password = null
	ssl.truststore.type = JKS

2023-10-22 20:02:27 [restartedMain] INFO  o.a.kafka.common.utils.AppInfoParser - Kafka version: 3.4.1
2023-10-22 20:02:27 [restartedMain] INFO  o.a.kafka.common.utils.AppInfoParser - Kafka commitId: 8a516edc2755df89
2023-10-22 20:02:27 [restartedMain] INFO  o.a.kafka.common.utils.AppInfoParser - Kafka startTimeMs: 1697979747309
2023-10-22 20:02:27 [restartedMain] INFO  o.s.b.a.s.r.ReactiveUserDetailsServiceAutoConfiguration - 

Using generated security password: 296a132c-d118-4c98-a64b-950e2d036bb1

2023-10-22 20:02:27 [restartedMain] WARN  o.s.b.d.a.OptionalLiveReloadServer - Unable to start LiveReload server
2023-10-22 20:02:27 [restartedMain] INFO  o.s.b.w.e.netty.NettyWebServer - Netty started on port 8181
2023-10-22 20:02:27 [restartedMain] INFO  c.e.t.TwitterToKafkaServiceApplication - Started TwitterToKafkaServiceApplication in 4.974 seconds (process running for 5.423)
2023-10-22 20:02:27 [restartedMain] INFO  c.e.t.TwitterToKafkaServiceApplication - initializing TwitterToKafka
2023-10-22 20:02:27 [restartedMain] INFO  c.e.k.admin.client.KafkaAdminClient - Creating 1 topics, attempt 0
2023-10-22 20:02:27 [restartedMain] INFO  c.e.k.admin.client.KafkaAdminClient - Create topic result [KafkaFuture{value=null,exception=null,done=false}]
2023-10-22 20:02:27 [restartedMain] INFO  c.e.k.admin.client.KafkaAdminClient - Reading kafka topic [twitter-topic], attempt 0
2023-10-22 20:02:27 [restartedMain] ERROR i.n.r.d.DnsServerAddressStreamProviders - Unable to load io.netty.resolver.dns.macos.MacOSDnsServerAddressStreamProvider, fallback to system defaults. This may result in incorrect DNS resolutions on MacOS. Check whether you have a dependency on 'io.netty:netty-resolver-dns-native-macos'. Use DEBUG level to see the full stack: java.lang.UnsatisfiedLinkError: failed to load the required native library
2023-10-22 20:02:27 [restartedMain] INFO  c.e.t.i.i.KafkaStreamingInitializer - Topics with name [twitter-topic] is ready for operation!
2023-10-22 20:02:27 [restartedMain] INFO  c.e.t.r.impl.MockKafkaStreamRunner - Starting mock filtering twitter streams for keywords [Java, Microservices, Spring, Kafka, Elasticsearch]
2023-10-22 20:02:27 [pool-4-thread-1] INFO  c.e.t.l.TwitterToKafkaStatusListener - Twitter status with text ultricies ultricies consectetuer massa elit magna Spring malesuada libero amet purus
2023-10-22 20:02:27 [pool-4-thread-1] INFO  c.m.d.k.p.c.s.i.TwitterKafkaProducer - Sending message 'twitter-topic' to topic 'twitter-topic'
2023-10-22 20:02:27 [pool-4-thread-1] INFO  o.a.k.c.producer.ProducerConfig - ProducerConfig values: 
	acks = -1
	auto.include.jmx.reporter = true
	batch.size = 1638400
	bootstrap.servers = [localhost:19092, localhost:29092, localhost:39092]
	buffer.memory = 33554432
	client.dns.lookup = use_all_dns_ips
	client.id = producer-1
	compression.type = snappy
	connections.max.idle.ms = 540000
	delivery.timeout.ms = 120000
	enable.idempotence = true
	interceptor.classes = []
	key.serializer = class org.apache.kafka.common.serialization.LongSerializer
	linger.ms = 5
	max.block.ms = 60000
	max.in.flight.requests.per.connection = 5
	max.request.size = 1048576
	metadata.max.age.ms = 300000
	metadata.max.idle.ms = 300000
	metric.reporters = []
	metrics.num.samples = 2
	metrics.recording.level = INFO
	metrics.sample.window.ms = 30000
	partitioner.adaptive.partitioning.enable = true
	partitioner.availability.timeout.ms = 0
	partitioner.class = null
	partitioner.ignore.keys = false
	receive.buffer.bytes = 32768
	reconnect.backoff.max.ms = 1000
	reconnect.backoff.ms = 50
	request.timeout.ms = 60000
	retries = 5
	retry.backoff.ms = 100
	sasl.client.callback.handler.class = null
	sasl.jaas.config = null
	sasl.kerberos.kinit.cmd = /usr/bin/kinit
	sasl.kerberos.min.time.before.relogin = 60000
	sasl.kerberos.service.name = null
	sasl.kerberos.ticket.renew.jitter = 0.05
	sasl.kerberos.ticket.renew.window.factor = 0.8
	sasl.login.callback.handler.class = null
	sasl.login.class = null
	sasl.login.connect.timeout.ms = null
	sasl.login.read.timeout.ms = null
	sasl.login.refresh.buffer.seconds = 300
	sasl.login.refresh.min.period.seconds = 60
	sasl.login.refresh.window.factor = 0.8
	sasl.login.refresh.window.jitter = 0.05
	sasl.login.retry.backoff.max.ms = 10000
	sasl.login.retry.backoff.ms = 100
	sasl.mechanism = GSSAPI
	sasl.oauthbearer.clock.skew.seconds = 30
	sasl.oauthbearer.expected.audience = null
	sasl.oauthbearer.expected.issuer = null
	sasl.oauthbearer.jwks.endpoint.refresh.ms = 3600000
	sasl.oauthbearer.jwks.endpoint.retry.backoff.max.ms = 10000
	sasl.oauthbearer.jwks.endpoint.retry.backoff.ms = 100
	sasl.oauthbearer.jwks.endpoint.url = null
	sasl.oauthbearer.scope.claim.name = scope
	sasl.oauthbearer.sub.claim.name = sub
	sasl.oauthbearer.token.endpoint.url = null
	security.protocol = PLAINTEXT
	security.providers = null
	send.buffer.bytes = 131072
	socket.connection.setup.timeout.max.ms = 30000
	socket.connection.setup.timeout.ms = 10000
	ssl.cipher.suites = null
	ssl.enabled.protocols = [TLSv1.2, TLSv1.3]
	ssl.endpoint.identification.algorithm = https
	ssl.engine.factory.class = null
	ssl.key.password = null
	ssl.keymanager.algorithm = SunX509
	ssl.keystore.certificate.chain = null
	ssl.keystore.key = null
	ssl.keystore.location = null
	ssl.keystore.password = null
	ssl.keystore.type = JKS
	ssl.protocol = TLSv1.3
	ssl.provider = null
	ssl.secure.random.implementation = null
	ssl.trustmanager.algorithm = PKIX
	ssl.truststore.certificates = null
	ssl.truststore.location = null
	ssl.truststore.password = null
	ssl.truststore.type = JKS
	transaction.timeout.ms = 60000
	transactional.id = null
	value.serializer = class io.confluent.kafka.serializers.KafkaAvroSerializer

2023-10-22 20:02:27 [pool-4-thread-1] INFO  i.c.k.s.KafkaAvroSerializerConfig - KafkaAvroSerializerConfig values: 
	bearer.auth.token = [hidden]
	schema.registry.url = [http://localhost:8081]
	basic.auth.user.info = [hidden]
	auto.register.schemas = true
	max.schemas.per.subject = 1000
	basic.auth.credentials.source = URL
	schema.registry.basic.auth.user.info = [hidden]
	bearer.auth.credentials.source = STATIC_TOKEN
	value.subject.name.strategy = class io.confluent.kafka.serializers.subject.TopicNameStrategy
	key.subject.name.strategy = class io.confluent.kafka.serializers.subject.TopicNameStrategy

2023-10-22 20:02:27 [pool-4-thread-1] INFO  o.a.k.clients.producer.KafkaProducer - [Producer clientId=producer-1] Instantiated an idempotent producer.
2023-10-22 20:02:27 [pool-4-thread-1] INFO  o.a.kafka.common.utils.AppInfoParser - Kafka version: 3.4.1
2023-10-22 20:02:27 [pool-4-thread-1] INFO  o.a.kafka.common.utils.AppInfoParser - Kafka commitId: 8a516edc2755df89
2023-10-22 20:02:27 [pool-4-thread-1] INFO  o.a.kafka.common.utils.AppInfoParser - Kafka startTimeMs: 1697979747966
2023-10-22 20:02:27 [kafka-producer-network-thread | producer-1] INFO  org.apache.kafka.clients.Metadata - [Producer clientId=producer-1] Resetting the last seen epoch of partition twitter-topic-0 to 0 since the associated topicId changed from null to r1lioH2JQvavRC38QVT5TA
2023-10-22 20:02:27 [kafka-producer-network-thread | producer-1] INFO  org.apache.kafka.clients.Metadata - [Producer clientId=producer-1] Resetting the last seen epoch of partition twitter-topic-2 to 0 since the associated topicId changed from null to r1lioH2JQvavRC38QVT5TA
2023-10-22 20:02:27 [kafka-producer-network-thread | producer-1] INFO  org.apache.kafka.clients.Metadata - [Producer clientId=producer-1] Resetting the last seen epoch of partition twitter-topic-1 to 0 since the associated topicId changed from null to r1lioH2JQvavRC38QVT5TA
2023-10-22 20:02:27 [kafka-producer-network-thread | producer-1] INFO  org.apache.kafka.clients.Metadata - [Producer clientId=producer-1] Cluster ID: fap8gso8SsqIpQu74iO2EA
2023-10-22 20:02:27 [kafka-producer-network-thread | producer-1] INFO  o.a.k.c.p.i.TransactionManager - [Producer clientId=producer-1] ProducerId set to 5 with epoch 0
2023-10-22 20:02:28 [kafka-producer-network-thread | producer-1] INFO  c.m.d.k.p.c.s.i.TwitterKafkaProducer - Receive new metadata. Topic: twitter-topic; Partition 1; Offset 62; Timestamp: 1697979747974, at time 125381627744166
2023-10-22 20:02:38 [pool-4-thread-1] INFO  c.e.t.l.TwitterToKafkaStatusListener - Twitter status with text purus posuere dolor porttitor sit posuere porttitor Lorem Microservices adipiscing sit Lorem malesuada Maecenas consectetuer elit
2023-10-22 20:02:38 [pool-4-thread-1] INFO  c.m.d.k.p.c.s.i.TwitterKafkaProducer - Sending message 'twitter-topic' to topic 'twitter-topic'
2023-10-22 20:02:38 [kafka-producer-network-thread | producer-1] INFO  c.m.d.k.p.c.s.i.TwitterKafkaProducer - Receive new metadata. Topic: twitter-topic; Partition 2; Offset 70; Timestamp: 1697979758201, at time 125391678953083
2023-10-22 20:02:48 [pool-4-thread-1] INFO  c.e.t.l.TwitterToKafkaStatusListener - Twitter status with text sit amet ipsum porttitor sit Elasticsearch porttitor malesuada congue
2023-10-22 20:02:48 [pool-4-thread-1] INFO  c.m.d.k.p.c.s.i.TwitterKafkaProducer - Sending message 'twitter-topic' to topic 'twitter-topic'
2023-10-22 20:02:48 [kafka-producer-network-thread | producer-1] INFO  c.m.d.k.p.c.s.i.TwitterKafkaProducer - Receive new metadata. Topic: twitter-topic; Partition 0; Offset 72; Timestamp: 1697979768212, at time 125401647085125
2023-10-22 20:02:58 [pool-4-thread-1] INFO  c.e.t.l.TwitterToKafkaStatusListener - Twitter status with text congue dolor Lorem elit posuere libero Fusce adipiscing Spring Maecenas Maecenas porttitor elit Lorem consectetuer ultricies
2023-10-22 20:02:58 [pool-4-thread-1] INFO  c.m.d.k.p.c.s.i.TwitterKafkaProducer - Sending message 'twitter-topic' to topic 'twitter-topic'
2023-10-22 20:02:58 [kafka-producer-network-thread | producer-1] INFO  c.m.d.k.p.c.s.i.TwitterKafkaProducer - Receive new metadata. Topic: twitter-topic; Partition 0; Offset 73; Timestamp: 1697979778223, at time 125411635410666
2023-10-22 20:03:08 [pool-4-thread-1] INFO  c.e.t.l.TwitterToKafkaStatusListener - Twitter status with text sit pulvinar consectetuer ipsum elit Fusce amet Elasticsearch sed consectetuer amet sit massa purus
2023-10-22 20:03:08 [pool-4-thread-1] INFO  c.m.d.k.p.c.s.i.TwitterKafkaProducer - Sending message 'twitter-topic' to topic 'twitter-topic'
2023-10-22 20:03:08 [kafka-producer-network-thread | producer-1] INFO  c.m.d.k.p.c.s.i.TwitterKafkaProducer - Receive new metadata. Topic: twitter-topic; Partition 0; Offset 74; Timestamp: 1697979788229, at time 125421642854791
2023-10-22 20:03:18 [pool-4-thread-1] INFO  c.e.t.l.TwitterToKafkaStatusListener - Twitter status with text libero porttitor sit posuere magna Fusce congue Java consectetuer Fusce Maecenas massa congue congue
2023-10-22 20:03:18 [pool-4-thread-1] INFO  c.m.d.k.p.c.s.i.TwitterKafkaProducer - Sending message 'twitter-topic' to topic 'twitter-topic'
2023-10-22 20:03:18 [kafka-producer-network-thread | producer-1] INFO  c.m.d.k.p.c.s.i.TwitterKafkaProducer - Receive new metadata. Topic: twitter-topic; Partition 0; Offset 75; Timestamp: 1697979798237, at time 125431655968083
2023-10-22 20:03:28 [pool-4-thread-1] INFO  c.e.t.l.TwitterToKafkaStatusListener - Twitter status with text adipiscing magna dolor sit massa posuere magna Spring Fusce pulvinar dolor posuere ipsum libero
2023-10-22 20:03:28 [pool-4-thread-1] INFO  c.m.d.k.p.c.s.i.TwitterKafkaProducer - Sending message 'twitter-topic' to topic 'twitter-topic'
2023-10-22 20:03:28 [kafka-producer-network-thread | producer-1] INFO  c.m.d.k.p.c.s.i.TwitterKafkaProducer - Receive new metadata. Topic: twitter-topic; Partition 1; Offset 63; Timestamp: 1697979808251, at time 125441678774125
2023-10-22 20:03:28 [SpringApplicationShutdownHook] INFO  o.a.k.clients.producer.KafkaProducer - [Producer clientId=producer-1] Closing the Kafka producer with timeoutMillis = 30000 ms.
2023-10-22 20:03:28 [SpringApplicationShutdownHook] INFO  o.a.kafka.common.metrics.Metrics - Metrics scheduler closed
2023-10-22 20:03:28 [SpringApplicationShutdownHook] INFO  o.a.kafka.common.metrics.Metrics - Closing reporter org.apache.kafka.common.metrics.JmxReporter
2023-10-22 20:03:28 [SpringApplicationShutdownHook] INFO  o.a.kafka.common.metrics.Metrics - Metrics reporters closed
2023-10-22 20:03:28 [SpringApplicationShutdownHook] INFO  o.a.kafka.common.utils.AppInfoParser - App info kafka.producer for producer-1 unregistered
2023-10-22 20:03:28 [kafka-admin-client-thread | adminclient-1] INFO  o.a.kafka.common.utils.AppInfoParser - App info kafka.admin.client for adminclient-1 unregistered
2023-10-22 20:03:28 [kafka-admin-client-thread | adminclient-1] INFO  o.a.kafka.common.metrics.Metrics - Metrics scheduler closed
2023-10-22 20:03:28 [kafka-admin-client-thread | adminclient-1] INFO  o.a.kafka.common.metrics.Metrics - Closing reporter org.apache.kafka.common.metrics.JmxReporter
2023-10-22 20:03:28 [kafka-admin-client-thread | adminclient-1] INFO  o.a.kafka.common.metrics.Metrics - Metrics reporters closed
2023-10-22 20:03:28 [SpringApplicationShutdownHook] INFO  c.m.d.k.p.c.s.i.TwitterKafkaProducer - Closing kafka producer
2023-10-22 21:42:07 [restartedMain] INFO  c.e.t.TwitterToKafkaServiceApplication - Starting TwitterToKafkaServiceApplication using Java 17.0.7 with PID 74661 (/Users/ttlinh/Work/Practice/Microservices/springboot-kafka-elastic/twitter-to-kafka-service/build/classes/java/main started by ttlinh in /Users/ttlinh/Work/Practice/Microservices/springboot-kafka-elastic/CommonConfig)
2023-10-22 21:42:07 [restartedMain] INFO  c.e.t.TwitterToKafkaServiceApplication - The following 1 profile is active: "twitter_to_kafka"
2023-10-22 21:42:07 [restartedMain] INFO  o.s.c.c.c.ConfigServerConfigDataLoader - Fetching config from server at : http://localhost:8888
2023-10-22 21:42:07 [restartedMain] INFO  o.s.c.c.c.ConfigServerConfigDataLoader - Located environment: name=twitter-to-kafka-service,config-client, profiles=[twitter_to_kafka], label=null, version=2d2baa66c2d9497428d2ac1b8cdd8d47b1f9b351, state=null
2023-10-22 21:42:07 [restartedMain] DEBUG o.s.c.c.c.ConfigServerConfigDataLoader - Environment twitter-to-kafka-service,config-client has 2 property sources with 38 properties.
2023-10-22 21:42:07 [restartedMain] INFO  o.s.b.d.e.DevToolsPropertyDefaultsPostProcessor - Devtools property defaults active! Set 'spring.devtools.add-properties' to 'false' to disable
2023-10-22 21:42:07 [restartedMain] INFO  o.s.b.d.e.DevToolsPropertyDefaultsPostProcessor - For additional web related logging consider setting the 'logging.level.web' property to 'DEBUG'
2023-10-22 21:42:07 [restartedMain] WARN  o.s.c.a.AnnotationTypeMapping - Support for convention-based annotation attribute overrides is deprecated and will be removed in Spring Framework 6.2. Please annotate the following attributes in @org.springframework.retry.annotation.EnableRetry with appropriate @AliasFor declarations: [proxyTargetClass]
2023-10-22 21:42:08 [restartedMain] INFO  o.s.cloud.context.scope.GenericScope - BeanFactory id=60af84c6-8ba1-356f-8d1f-5d5f7feb8bc8
2023-10-22 21:42:08 [restartedMain] INFO  o.s.c.s.PostProcessorRegistrationDelegate$BeanPostProcessorChecker - Bean 'org.springframework.retry.annotation.RetryConfiguration' of type [org.springframework.retry.annotation.RetryConfiguration] is not eligible for getting processed by all BeanPostProcessors (for example: not eligible for auto-proxying)
2023-10-22 21:42:08 [restartedMain] INFO  o.a.k.c.admin.AdminClientConfig - AdminClientConfig values: 
	auto.include.jmx.reporter = true
	bootstrap.servers = [localhost:19092, localhost:29092, localhost:39092]
	client.dns.lookup = use_all_dns_ips
	client.id = 
	connections.max.idle.ms = 300000
	default.api.timeout.ms = 60000
	metadata.max.age.ms = 300000
	metric.reporters = []
	metrics.num.samples = 2
	metrics.recording.level = INFO
	metrics.sample.window.ms = 30000
	receive.buffer.bytes = 65536
	reconnect.backoff.max.ms = 1000
	reconnect.backoff.ms = 50
	request.timeout.ms = 30000
	retries = 2147483647
	retry.backoff.ms = 100
	sasl.client.callback.handler.class = null
	sasl.jaas.config = null
	sasl.kerberos.kinit.cmd = /usr/bin/kinit
	sasl.kerberos.min.time.before.relogin = 60000
	sasl.kerberos.service.name = null
	sasl.kerberos.ticket.renew.jitter = 0.05
	sasl.kerberos.ticket.renew.window.factor = 0.8
	sasl.login.callback.handler.class = null
	sasl.login.class = null
	sasl.login.connect.timeout.ms = null
	sasl.login.read.timeout.ms = null
	sasl.login.refresh.buffer.seconds = 300
	sasl.login.refresh.min.period.seconds = 60
	sasl.login.refresh.window.factor = 0.8
	sasl.login.refresh.window.jitter = 0.05
	sasl.login.retry.backoff.max.ms = 10000
	sasl.login.retry.backoff.ms = 100
	sasl.mechanism = GSSAPI
	sasl.oauthbearer.clock.skew.seconds = 30
	sasl.oauthbearer.expected.audience = null
	sasl.oauthbearer.expected.issuer = null
	sasl.oauthbearer.jwks.endpoint.refresh.ms = 3600000
	sasl.oauthbearer.jwks.endpoint.retry.backoff.max.ms = 10000
	sasl.oauthbearer.jwks.endpoint.retry.backoff.ms = 100
	sasl.oauthbearer.jwks.endpoint.url = null
	sasl.oauthbearer.scope.claim.name = scope
	sasl.oauthbearer.sub.claim.name = sub
	sasl.oauthbearer.token.endpoint.url = null
	security.protocol = PLAINTEXT
	security.providers = null
	send.buffer.bytes = 131072
	socket.connection.setup.timeout.max.ms = 30000
	socket.connection.setup.timeout.ms = 10000
	ssl.cipher.suites = null
	ssl.enabled.protocols = [TLSv1.2, TLSv1.3]
	ssl.endpoint.identification.algorithm = https
	ssl.engine.factory.class = null
	ssl.key.password = null
	ssl.keymanager.algorithm = SunX509
	ssl.keystore.certificate.chain = null
	ssl.keystore.key = null
	ssl.keystore.location = null
	ssl.keystore.password = null
	ssl.keystore.type = JKS
	ssl.protocol = TLSv1.3
	ssl.provider = null
	ssl.secure.random.implementation = null
	ssl.trustmanager.algorithm = PKIX
	ssl.truststore.certificates = null
	ssl.truststore.location = null
	ssl.truststore.password = null
	ssl.truststore.type = JKS

2023-10-22 21:42:08 [restartedMain] INFO  o.a.kafka.common.utils.AppInfoParser - Kafka version: 3.4.1
2023-10-22 21:42:08 [restartedMain] INFO  o.a.kafka.common.utils.AppInfoParser - Kafka commitId: 8a516edc2755df89
2023-10-22 21:42:08 [restartedMain] INFO  o.a.kafka.common.utils.AppInfoParser - Kafka startTimeMs: 1697985728483
2023-10-22 21:42:08 [restartedMain] INFO  o.s.b.a.s.r.ReactiveUserDetailsServiceAutoConfiguration - 

Using generated security password: 549ce196-302f-497c-ba2d-e3c578ccec0c

2023-10-22 21:42:08 [restartedMain] WARN  o.s.b.d.a.OptionalLiveReloadServer - Unable to start LiveReload server
2023-10-22 21:42:08 [restartedMain] INFO  o.s.b.w.e.netty.NettyWebServer - Netty started on port 8181
2023-10-22 21:42:08 [restartedMain] INFO  c.e.t.TwitterToKafkaServiceApplication - Started TwitterToKafkaServiceApplication in 5.62 seconds (process running for 6.189)
2023-10-22 21:42:08 [restartedMain] INFO  c.e.t.TwitterToKafkaServiceApplication - initializing TwitterToKafka
2023-10-22 21:42:08 [restartedMain] INFO  c.e.k.admin.client.KafkaAdminClient - Creating 1 topics, attempt 0
2023-10-22 21:42:08 [restartedMain] INFO  c.e.k.admin.client.KafkaAdminClient - Create topic result [KafkaFuture{value=null,exception=null,done=false}]
2023-10-22 21:42:08 [restartedMain] INFO  c.e.k.admin.client.KafkaAdminClient - Reading kafka topic [twitter-topic], attempt 0
2023-10-22 21:42:08 [restartedMain] ERROR i.n.r.d.DnsServerAddressStreamProviders - Unable to load io.netty.resolver.dns.macos.MacOSDnsServerAddressStreamProvider, fallback to system defaults. This may result in incorrect DNS resolutions on MacOS. Check whether you have a dependency on 'io.netty:netty-resolver-dns-native-macos'. Use DEBUG level to see the full stack: java.lang.UnsatisfiedLinkError: failed to load the required native library
2023-10-22 21:42:09 [restartedMain] INFO  c.e.t.i.i.KafkaStreamingInitializer - Topics with name [twitter-topic] is ready for operation!
2023-10-22 21:42:09 [restartedMain] INFO  c.e.t.r.impl.MockKafkaStreamRunner - Starting mock filtering twitter streams for keywords [Java, Microservices, Spring, Kafka, Elasticsearch]
2023-10-22 21:42:09 [pool-4-thread-1] INFO  c.e.t.l.TwitterToKafkaStatusListener - Twitter status with text sed ipsum sit sed magna amet Kafka adipiscing Fusce dolor porttitor adipiscing
2023-10-22 21:42:09 [pool-4-thread-1] INFO  c.m.d.k.p.c.s.i.TwitterKafkaProducer - Sending message 'twitter-topic' to topic 'twitter-topic'
2023-10-22 21:42:09 [pool-4-thread-1] INFO  o.a.k.c.producer.ProducerConfig - ProducerConfig values: 
	acks = -1
	auto.include.jmx.reporter = true
	batch.size = 1638400
	bootstrap.servers = [localhost:19092, localhost:29092, localhost:39092]
	buffer.memory = 33554432
	client.dns.lookup = use_all_dns_ips
	client.id = producer-1
	compression.type = snappy
	connections.max.idle.ms = 540000
	delivery.timeout.ms = 120000
	enable.idempotence = true
	interceptor.classes = []
	key.serializer = class org.apache.kafka.common.serialization.LongSerializer
	linger.ms = 5
	max.block.ms = 60000
	max.in.flight.requests.per.connection = 5
	max.request.size = 1048576
	metadata.max.age.ms = 300000
	metadata.max.idle.ms = 300000
	metric.reporters = []
	metrics.num.samples = 2
	metrics.recording.level = INFO
	metrics.sample.window.ms = 30000
	partitioner.adaptive.partitioning.enable = true
	partitioner.availability.timeout.ms = 0
	partitioner.class = null
	partitioner.ignore.keys = false
	receive.buffer.bytes = 32768
	reconnect.backoff.max.ms = 1000
	reconnect.backoff.ms = 50
	request.timeout.ms = 60000
	retries = 5
	retry.backoff.ms = 100
	sasl.client.callback.handler.class = null
	sasl.jaas.config = null
	sasl.kerberos.kinit.cmd = /usr/bin/kinit
	sasl.kerberos.min.time.before.relogin = 60000
	sasl.kerberos.service.name = null
	sasl.kerberos.ticket.renew.jitter = 0.05
	sasl.kerberos.ticket.renew.window.factor = 0.8
	sasl.login.callback.handler.class = null
	sasl.login.class = null
	sasl.login.connect.timeout.ms = null
	sasl.login.read.timeout.ms = null
	sasl.login.refresh.buffer.seconds = 300
	sasl.login.refresh.min.period.seconds = 60
	sasl.login.refresh.window.factor = 0.8
	sasl.login.refresh.window.jitter = 0.05
	sasl.login.retry.backoff.max.ms = 10000
	sasl.login.retry.backoff.ms = 100
	sasl.mechanism = GSSAPI
	sasl.oauthbearer.clock.skew.seconds = 30
	sasl.oauthbearer.expected.audience = null
	sasl.oauthbearer.expected.issuer = null
	sasl.oauthbearer.jwks.endpoint.refresh.ms = 3600000
	sasl.oauthbearer.jwks.endpoint.retry.backoff.max.ms = 10000
	sasl.oauthbearer.jwks.endpoint.retry.backoff.ms = 100
	sasl.oauthbearer.jwks.endpoint.url = null
	sasl.oauthbearer.scope.claim.name = scope
	sasl.oauthbearer.sub.claim.name = sub
	sasl.oauthbearer.token.endpoint.url = null
	security.protocol = PLAINTEXT
	security.providers = null
	send.buffer.bytes = 131072
	socket.connection.setup.timeout.max.ms = 30000
	socket.connection.setup.timeout.ms = 10000
	ssl.cipher.suites = null
	ssl.enabled.protocols = [TLSv1.2, TLSv1.3]
	ssl.endpoint.identification.algorithm = https
	ssl.engine.factory.class = null
	ssl.key.password = null
	ssl.keymanager.algorithm = SunX509
	ssl.keystore.certificate.chain = null
	ssl.keystore.key = null
	ssl.keystore.location = null
	ssl.keystore.password = null
	ssl.keystore.type = JKS
	ssl.protocol = TLSv1.3
	ssl.provider = null
	ssl.secure.random.implementation = null
	ssl.trustmanager.algorithm = PKIX
	ssl.truststore.certificates = null
	ssl.truststore.location = null
	ssl.truststore.password = null
	ssl.truststore.type = JKS
	transaction.timeout.ms = 60000
	transactional.id = null
	value.serializer = class io.confluent.kafka.serializers.KafkaAvroSerializer

2023-10-22 21:42:09 [pool-4-thread-1] INFO  i.c.k.s.KafkaAvroSerializerConfig - KafkaAvroSerializerConfig values: 
	bearer.auth.token = [hidden]
	schema.registry.url = [http://localhost:8081]
	basic.auth.user.info = [hidden]
	auto.register.schemas = true
	max.schemas.per.subject = 1000
	basic.auth.credentials.source = URL
	schema.registry.basic.auth.user.info = [hidden]
	bearer.auth.credentials.source = STATIC_TOKEN
	value.subject.name.strategy = class io.confluent.kafka.serializers.subject.TopicNameStrategy
	key.subject.name.strategy = class io.confluent.kafka.serializers.subject.TopicNameStrategy

2023-10-22 21:42:09 [pool-4-thread-1] INFO  o.a.k.clients.producer.KafkaProducer - [Producer clientId=producer-1] Instantiated an idempotent producer.
2023-10-22 21:42:09 [pool-4-thread-1] INFO  o.a.kafka.common.utils.AppInfoParser - Kafka version: 3.4.1
2023-10-22 21:42:09 [pool-4-thread-1] INFO  o.a.kafka.common.utils.AppInfoParser - Kafka commitId: 8a516edc2755df89
2023-10-22 21:42:09 [pool-4-thread-1] INFO  o.a.kafka.common.utils.AppInfoParser - Kafka startTimeMs: 1697985729185
2023-10-22 21:42:09 [kafka-producer-network-thread | producer-1] INFO  org.apache.kafka.clients.Metadata - [Producer clientId=producer-1] Resetting the last seen epoch of partition twitter-topic-0 to 0 since the associated topicId changed from null to r1lioH2JQvavRC38QVT5TA
2023-10-22 21:42:09 [kafka-producer-network-thread | producer-1] INFO  org.apache.kafka.clients.Metadata - [Producer clientId=producer-1] Resetting the last seen epoch of partition twitter-topic-2 to 0 since the associated topicId changed from null to r1lioH2JQvavRC38QVT5TA
2023-10-22 21:42:09 [kafka-producer-network-thread | producer-1] INFO  org.apache.kafka.clients.Metadata - [Producer clientId=producer-1] Resetting the last seen epoch of partition twitter-topic-1 to 0 since the associated topicId changed from null to r1lioH2JQvavRC38QVT5TA
2023-10-22 21:42:09 [kafka-producer-network-thread | producer-1] INFO  org.apache.kafka.clients.Metadata - [Producer clientId=producer-1] Cluster ID: fap8gso8SsqIpQu74iO2EA
2023-10-22 21:42:09 [kafka-producer-network-thread | producer-1] INFO  o.a.k.c.p.i.TransactionManager - [Producer clientId=producer-1] ProducerId set to 1005 with epoch 0
2023-10-22 21:42:09 [kafka-producer-network-thread | producer-1] INFO  c.m.d.k.p.c.s.i.TwitterKafkaProducer - Receive new metadata. Topic: twitter-topic; Partition 1; Offset 64; Timestamp: 1697985729192, at time 131362894264791
2023-10-22 21:42:19 [pool-4-thread-1] INFO  c.e.t.l.TwitterToKafkaStatusListener - Twitter status with text congue adipiscing lectus libero amet adipiscing sed Elasticsearch lectus massa libero Lorem purus massa
2023-10-22 21:42:19 [pool-4-thread-1] INFO  c.m.d.k.p.c.s.i.TwitterKafkaProducer - Sending message 'twitter-topic' to topic 'twitter-topic'
2023-10-22 21:42:19 [kafka-producer-network-thread | producer-1] INFO  c.m.d.k.p.c.s.i.TwitterKafkaProducer - Receive new metadata. Topic: twitter-topic; Partition 0; Offset 76; Timestamp: 1697985739398, at time 131372902845958
2023-10-22 21:42:23 [File Watcher] INFO  o.s.b.d.a.LocalDevToolsAutoConfiguration$RestartingClassPathChangeChangedEventListener - Restarting due to 1 class path change (0 additions, 0 deletions, 1 modification)
2023-10-22 21:42:23 [Thread-1] INFO  o.a.k.clients.producer.KafkaProducer - [Producer clientId=producer-1] Closing the Kafka producer with timeoutMillis = 30000 ms.
2023-10-22 21:42:23 [Thread-1] INFO  o.a.kafka.common.metrics.Metrics - Metrics scheduler closed
2023-10-22 21:42:23 [Thread-1] INFO  o.a.kafka.common.metrics.Metrics - Closing reporter org.apache.kafka.common.metrics.JmxReporter
2023-10-22 21:42:23 [Thread-1] INFO  o.a.kafka.common.metrics.Metrics - Metrics reporters closed
2023-10-22 21:42:23 [Thread-1] INFO  o.a.kafka.common.utils.AppInfoParser - App info kafka.producer for producer-1 unregistered
2023-10-22 21:42:23 [kafka-admin-client-thread | adminclient-1] INFO  o.a.kafka.common.utils.AppInfoParser - App info kafka.admin.client for adminclient-1 unregistered
2023-10-22 21:42:23 [kafka-admin-client-thread | adminclient-1] INFO  o.a.kafka.common.metrics.Metrics - Metrics scheduler closed
2023-10-22 21:42:23 [kafka-admin-client-thread | adminclient-1] INFO  o.a.kafka.common.metrics.Metrics - Closing reporter org.apache.kafka.common.metrics.JmxReporter
2023-10-22 21:42:23 [kafka-admin-client-thread | adminclient-1] INFO  o.a.kafka.common.metrics.Metrics - Metrics reporters closed
2023-10-22 21:42:23 [Thread-1] INFO  c.m.d.k.p.c.s.i.TwitterKafkaProducer - Closing kafka producer
2023-10-22 21:42:26 [restartedMain] INFO  c.e.t.TwitterToKafkaServiceApplication - Starting TwitterToKafkaServiceApplication using Java 17.0.7 with PID 74661 (/Users/ttlinh/Work/Practice/Microservices/springboot-kafka-elastic/twitter-to-kafka-service/build/classes/java/main started by ttlinh in /Users/ttlinh/Work/Practice/Microservices/springboot-kafka-elastic/CommonConfig)
2023-10-22 21:42:26 [restartedMain] INFO  c.e.t.TwitterToKafkaServiceApplication - The following 1 profile is active: "twitter_to_kafka"
2023-10-22 21:42:26 [restartedMain] INFO  o.s.c.c.c.ConfigServerConfigDataLoader - Fetching config from server at : http://localhost:8888
2023-10-22 21:42:26 [restartedMain] INFO  o.s.c.c.c.ConfigServerConfigDataLoader - Located environment: name=twitter-to-kafka-service,config-client, profiles=[twitter_to_kafka], label=null, version=2d2baa66c2d9497428d2ac1b8cdd8d47b1f9b351, state=null
2023-10-22 21:42:26 [restartedMain] DEBUG o.s.c.c.c.ConfigServerConfigDataLoader - Environment twitter-to-kafka-service,config-client has 2 property sources with 38 properties.
2023-10-22 21:42:26 [restartedMain] INFO  o.s.cloud.context.scope.GenericScope - BeanFactory id=60af84c6-8ba1-356f-8d1f-5d5f7feb8bc8
2023-10-22 21:42:26 [restartedMain] INFO  o.s.c.s.PostProcessorRegistrationDelegate$BeanPostProcessorChecker - Bean 'org.springframework.retry.annotation.RetryConfiguration' of type [org.springframework.retry.annotation.RetryConfiguration] is not eligible for getting processed by all BeanPostProcessors (for example: not eligible for auto-proxying)
2023-10-22 21:42:26 [restartedMain] INFO  o.a.k.c.admin.AdminClientConfig - AdminClientConfig values: 
	auto.include.jmx.reporter = true
	bootstrap.servers = [localhost:19092, localhost:29092, localhost:39092]
	client.dns.lookup = use_all_dns_ips
	client.id = 
	connections.max.idle.ms = 300000
	default.api.timeout.ms = 60000
	metadata.max.age.ms = 300000
	metric.reporters = []
	metrics.num.samples = 2
	metrics.recording.level = INFO
	metrics.sample.window.ms = 30000
	receive.buffer.bytes = 65536
	reconnect.backoff.max.ms = 1000
	reconnect.backoff.ms = 50
	request.timeout.ms = 30000
	retries = 2147483647
	retry.backoff.ms = 100
	sasl.client.callback.handler.class = null
	sasl.jaas.config = null
	sasl.kerberos.kinit.cmd = /usr/bin/kinit
	sasl.kerberos.min.time.before.relogin = 60000
	sasl.kerberos.service.name = null
	sasl.kerberos.ticket.renew.jitter = 0.05
	sasl.kerberos.ticket.renew.window.factor = 0.8
	sasl.login.callback.handler.class = null
	sasl.login.class = null
	sasl.login.connect.timeout.ms = null
	sasl.login.read.timeout.ms = null
	sasl.login.refresh.buffer.seconds = 300
	sasl.login.refresh.min.period.seconds = 60
	sasl.login.refresh.window.factor = 0.8
	sasl.login.refresh.window.jitter = 0.05
	sasl.login.retry.backoff.max.ms = 10000
	sasl.login.retry.backoff.ms = 100
	sasl.mechanism = GSSAPI
	sasl.oauthbearer.clock.skew.seconds = 30
	sasl.oauthbearer.expected.audience = null
	sasl.oauthbearer.expected.issuer = null
	sasl.oauthbearer.jwks.endpoint.refresh.ms = 3600000
	sasl.oauthbearer.jwks.endpoint.retry.backoff.max.ms = 10000
	sasl.oauthbearer.jwks.endpoint.retry.backoff.ms = 100
	sasl.oauthbearer.jwks.endpoint.url = null
	sasl.oauthbearer.scope.claim.name = scope
	sasl.oauthbearer.sub.claim.name = sub
	sasl.oauthbearer.token.endpoint.url = null
	security.protocol = PLAINTEXT
	security.providers = null
	send.buffer.bytes = 131072
	socket.connection.setup.timeout.max.ms = 30000
	socket.connection.setup.timeout.ms = 10000
	ssl.cipher.suites = null
	ssl.enabled.protocols = [TLSv1.2, TLSv1.3]
	ssl.endpoint.identification.algorithm = https
	ssl.engine.factory.class = null
	ssl.key.password = null
	ssl.keymanager.algorithm = SunX509
	ssl.keystore.certificate.chain = null
	ssl.keystore.key = null
	ssl.keystore.location = null
	ssl.keystore.password = null
	ssl.keystore.type = JKS
	ssl.protocol = TLSv1.3
	ssl.provider = null
	ssl.secure.random.implementation = null
	ssl.trustmanager.algorithm = PKIX
	ssl.truststore.certificates = null
	ssl.truststore.location = null
	ssl.truststore.password = null
	ssl.truststore.type = JKS

2023-10-22 21:42:26 [restartedMain] INFO  o.a.kafka.common.utils.AppInfoParser - Kafka version: 3.4.1
2023-10-22 21:42:26 [restartedMain] INFO  o.a.kafka.common.utils.AppInfoParser - Kafka commitId: 8a516edc2755df89
2023-10-22 21:42:26 [restartedMain] INFO  o.a.kafka.common.utils.AppInfoParser - Kafka startTimeMs: 1697985746963
2023-10-22 21:42:26 [restartedMain] INFO  o.s.b.a.s.r.ReactiveUserDetailsServiceAutoConfiguration - 

Using generated security password: 1338ba45-64ab-493d-89e3-4a6f810b5a20

2023-10-22 21:42:27 [restartedMain] WARN  o.s.b.d.a.OptionalLiveReloadServer - Unable to start LiveReload server
2023-10-22 21:42:27 [restartedMain] INFO  o.s.b.w.e.netty.NettyWebServer - Netty started on port 8181
2023-10-22 21:42:27 [restartedMain] INFO  c.e.t.TwitterToKafkaServiceApplication - Started TwitterToKafkaServiceApplication in 3.57 seconds (process running for 24.31)
2023-10-22 21:42:27 [restartedMain] INFO  c.e.t.TwitterToKafkaServiceApplication - initializing TwitterToKafka
2023-10-22 21:42:27 [restartedMain] INFO  c.e.k.admin.client.KafkaAdminClient - Creating 1 topics, attempt 0
2023-10-22 21:42:27 [restartedMain] INFO  c.e.k.admin.client.KafkaAdminClient - Create topic result [KafkaFuture{value=null,exception=null,done=false}]
2023-10-22 21:42:27 [restartedMain] INFO  c.e.k.admin.client.KafkaAdminClient - Reading kafka topic [twitter-topic], attempt 0
2023-10-22 21:42:27 [restartedMain] INFO  c.e.t.i.i.KafkaStreamingInitializer - Topics with name [twitter-topic] is ready for operation!
2023-10-22 21:42:27 [restartedMain] INFO  c.e.t.r.impl.MockKafkaStreamRunner - Starting mock filtering twitter streams for keywords [Java, Microservices, Spring, Kafka, Elasticsearch]
2023-10-22 21:42:27 [pool-5-thread-1] INFO  c.e.t.l.TwitterToKafkaStatusListener - Twitter status with text amet magna massa ultricies lectus sed Fusce consectetuer Java dolor porttitor dolor amet purus sit
2023-10-22 21:42:27 [restartedMain] INFO  o.s.b.d.a.ConditionEvaluationDeltaLoggingListener - Condition evaluation unchanged
2023-10-22 21:42:27 [pool-5-thread-1] INFO  c.m.d.k.p.c.s.i.TwitterKafkaProducer - Sending message 'twitter-topic' to topic 'twitter-topic'
2023-10-22 21:42:27 [pool-5-thread-1] INFO  o.a.k.c.producer.ProducerConfig - ProducerConfig values: 
	acks = -1
	auto.include.jmx.reporter = true
	batch.size = 1638400
	bootstrap.servers = [localhost:19092, localhost:29092, localhost:39092]
	buffer.memory = 33554432
	client.dns.lookup = use_all_dns_ips
	client.id = producer-2
	compression.type = snappy
	connections.max.idle.ms = 540000
	delivery.timeout.ms = 120000
	enable.idempotence = true
	interceptor.classes = []
	key.serializer = class org.apache.kafka.common.serialization.LongSerializer
	linger.ms = 5
	max.block.ms = 60000
	max.in.flight.requests.per.connection = 5
	max.request.size = 1048576
	metadata.max.age.ms = 300000
	metadata.max.idle.ms = 300000
	metric.reporters = []
	metrics.num.samples = 2
	metrics.recording.level = INFO
	metrics.sample.window.ms = 30000
	partitioner.adaptive.partitioning.enable = true
	partitioner.availability.timeout.ms = 0
	partitioner.class = null
	partitioner.ignore.keys = false
	receive.buffer.bytes = 32768
	reconnect.backoff.max.ms = 1000
	reconnect.backoff.ms = 50
	request.timeout.ms = 60000
	retries = 5
	retry.backoff.ms = 100
	sasl.client.callback.handler.class = null
	sasl.jaas.config = null
	sasl.kerberos.kinit.cmd = /usr/bin/kinit
	sasl.kerberos.min.time.before.relogin = 60000
	sasl.kerberos.service.name = null
	sasl.kerberos.ticket.renew.jitter = 0.05
	sasl.kerberos.ticket.renew.window.factor = 0.8
	sasl.login.callback.handler.class = null
	sasl.login.class = null
	sasl.login.connect.timeout.ms = null
	sasl.login.read.timeout.ms = null
	sasl.login.refresh.buffer.seconds = 300
	sasl.login.refresh.min.period.seconds = 60
	sasl.login.refresh.window.factor = 0.8
	sasl.login.refresh.window.jitter = 0.05
	sasl.login.retry.backoff.max.ms = 10000
	sasl.login.retry.backoff.ms = 100
	sasl.mechanism = GSSAPI
	sasl.oauthbearer.clock.skew.seconds = 30
	sasl.oauthbearer.expected.audience = null
	sasl.oauthbearer.expected.issuer = null
	sasl.oauthbearer.jwks.endpoint.refresh.ms = 3600000
	sasl.oauthbearer.jwks.endpoint.retry.backoff.max.ms = 10000
	sasl.oauthbearer.jwks.endpoint.retry.backoff.ms = 100
	sasl.oauthbearer.jwks.endpoint.url = null
	sasl.oauthbearer.scope.claim.name = scope
	sasl.oauthbearer.sub.claim.name = sub
	sasl.oauthbearer.token.endpoint.url = null
	security.protocol = PLAINTEXT
	security.providers = null
	send.buffer.bytes = 131072
	socket.connection.setup.timeout.max.ms = 30000
	socket.connection.setup.timeout.ms = 10000
	ssl.cipher.suites = null
	ssl.enabled.protocols = [TLSv1.2, TLSv1.3]
	ssl.endpoint.identification.algorithm = https
	ssl.engine.factory.class = null
	ssl.key.password = null
	ssl.keymanager.algorithm = SunX509
	ssl.keystore.certificate.chain = null
	ssl.keystore.key = null
	ssl.keystore.location = null
	ssl.keystore.password = null
	ssl.keystore.type = JKS
	ssl.protocol = TLSv1.3
	ssl.provider = null
	ssl.secure.random.implementation = null
	ssl.trustmanager.algorithm = PKIX
	ssl.truststore.certificates = null
	ssl.truststore.location = null
	ssl.truststore.password = null
	ssl.truststore.type = JKS
	transaction.timeout.ms = 60000
	transactional.id = null
	value.serializer = class io.confluent.kafka.serializers.KafkaAvroSerializer

2023-10-22 21:42:27 [pool-5-thread-1] INFO  i.c.k.s.KafkaAvroSerializerConfig - KafkaAvroSerializerConfig values: 
	bearer.auth.token = [hidden]
	schema.registry.url = [http://localhost:8081]
	basic.auth.user.info = [hidden]
	auto.register.schemas = true
	max.schemas.per.subject = 1000
	basic.auth.credentials.source = URL
	schema.registry.basic.auth.user.info = [hidden]
	bearer.auth.credentials.source = STATIC_TOKEN
	value.subject.name.strategy = class io.confluent.kafka.serializers.subject.TopicNameStrategy
	key.subject.name.strategy = class io.confluent.kafka.serializers.subject.TopicNameStrategy

2023-10-22 21:42:27 [pool-5-thread-1] INFO  o.a.k.clients.producer.KafkaProducer - [Producer clientId=producer-2] Instantiated an idempotent producer.
2023-10-22 21:42:27 [pool-5-thread-1] INFO  o.a.kafka.common.utils.AppInfoParser - Kafka version: 3.4.1
2023-10-22 21:42:27 [pool-5-thread-1] INFO  o.a.kafka.common.utils.AppInfoParser - Kafka commitId: 8a516edc2755df89
2023-10-22 21:42:27 [pool-5-thread-1] INFO  o.a.kafka.common.utils.AppInfoParser - Kafka startTimeMs: 1697985747085
2023-10-22 21:42:27 [kafka-producer-network-thread | producer-2] INFO  o.a.k.c.p.i.TransactionManager - [Producer clientId=producer-2] ProducerId set to 6 with epoch 0
2023-10-22 21:42:27 [kafka-producer-network-thread | producer-2] INFO  org.apache.kafka.clients.Metadata - [Producer clientId=producer-2] Resetting the last seen epoch of partition twitter-topic-0 to 0 since the associated topicId changed from null to r1lioH2JQvavRC38QVT5TA
2023-10-22 21:42:27 [kafka-producer-network-thread | producer-2] INFO  org.apache.kafka.clients.Metadata - [Producer clientId=producer-2] Resetting the last seen epoch of partition twitter-topic-2 to 0 since the associated topicId changed from null to r1lioH2JQvavRC38QVT5TA
2023-10-22 21:42:27 [kafka-producer-network-thread | producer-2] INFO  org.apache.kafka.clients.Metadata - [Producer clientId=producer-2] Resetting the last seen epoch of partition twitter-topic-1 to 0 since the associated topicId changed from null to r1lioH2JQvavRC38QVT5TA
2023-10-22 21:42:27 [kafka-producer-network-thread | producer-2] INFO  org.apache.kafka.clients.Metadata - [Producer clientId=producer-2] Cluster ID: fap8gso8SsqIpQu74iO2EA
2023-10-22 21:42:27 [kafka-producer-network-thread | producer-2] INFO  c.m.d.k.p.c.s.i.TwitterKafkaProducer - Receive new metadata. Topic: twitter-topic; Partition 0; Offset 77; Timestamp: 1697985747108, at time 131380560498125
2023-10-22 21:42:29 [pool-4-thread-1] INFO  c.e.t.l.TwitterToKafkaStatusListener - Twitter status with text adipiscing lectus Maecenas dolor pulvinar Fusce Maecenas Elasticsearch amet elit ultricies consectetuer magna libero
2023-10-22 21:42:29 [pool-4-thread-1] INFO  c.m.d.k.p.c.s.i.TwitterKafkaProducer - Sending message 'twitter-topic' to topic 'twitter-topic'
2023-10-22 21:42:29 [pool-4-thread-1] INFO  o.a.k.c.producer.ProducerConfig - ProducerConfig values: 
	acks = -1
	auto.include.jmx.reporter = true
	batch.size = 1638400
	bootstrap.servers = [localhost:19092, localhost:29092, localhost:39092]
	buffer.memory = 33554432
	client.dns.lookup = use_all_dns_ips
	client.id = producer-3
	compression.type = snappy
	connections.max.idle.ms = 540000
	delivery.timeout.ms = 120000
	enable.idempotence = true
	interceptor.classes = []
	key.serializer = class org.apache.kafka.common.serialization.LongSerializer
	linger.ms = 5
	max.block.ms = 60000
	max.in.flight.requests.per.connection = 5
	max.request.size = 1048576
	metadata.max.age.ms = 300000
	metadata.max.idle.ms = 300000
	metric.reporters = []
	metrics.num.samples = 2
	metrics.recording.level = INFO
	metrics.sample.window.ms = 30000
	partitioner.adaptive.partitioning.enable = true
	partitioner.availability.timeout.ms = 0
	partitioner.class = null
	partitioner.ignore.keys = false
	receive.buffer.bytes = 32768
	reconnect.backoff.max.ms = 1000
	reconnect.backoff.ms = 50
	request.timeout.ms = 60000
	retries = 5
	retry.backoff.ms = 100
	sasl.client.callback.handler.class = null
	sasl.jaas.config = null
	sasl.kerberos.kinit.cmd = /usr/bin/kinit
	sasl.kerberos.min.time.before.relogin = 60000
	sasl.kerberos.service.name = null
	sasl.kerberos.ticket.renew.jitter = 0.05
	sasl.kerberos.ticket.renew.window.factor = 0.8
	sasl.login.callback.handler.class = null
	sasl.login.class = null
	sasl.login.connect.timeout.ms = null
	sasl.login.read.timeout.ms = null
	sasl.login.refresh.buffer.seconds = 300
	sasl.login.refresh.min.period.seconds = 60
	sasl.login.refresh.window.factor = 0.8
	sasl.login.refresh.window.jitter = 0.05
	sasl.login.retry.backoff.max.ms = 10000
	sasl.login.retry.backoff.ms = 100
	sasl.mechanism = GSSAPI
	sasl.oauthbearer.clock.skew.seconds = 30
	sasl.oauthbearer.expected.audience = null
	sasl.oauthbearer.expected.issuer = null
	sasl.oauthbearer.jwks.endpoint.refresh.ms = 3600000
	sasl.oauthbearer.jwks.endpoint.retry.backoff.max.ms = 10000
	sasl.oauthbearer.jwks.endpoint.retry.backoff.ms = 100
	sasl.oauthbearer.jwks.endpoint.url = null
	sasl.oauthbearer.scope.claim.name = scope
	sasl.oauthbearer.sub.claim.name = sub
	sasl.oauthbearer.token.endpoint.url = null
	security.protocol = PLAINTEXT
	security.providers = null
	send.buffer.bytes = 131072
	socket.connection.setup.timeout.max.ms = 30000
	socket.connection.setup.timeout.ms = 10000
	ssl.cipher.suites = null
	ssl.enabled.protocols = [TLSv1.2, TLSv1.3]
	ssl.endpoint.identification.algorithm = https
	ssl.engine.factory.class = null
	ssl.key.password = null
	ssl.keymanager.algorithm = SunX509
	ssl.keystore.certificate.chain = null
	ssl.keystore.key = null
	ssl.keystore.location = null
	ssl.keystore.password = null
	ssl.keystore.type = JKS
	ssl.protocol = TLSv1.3
	ssl.provider = null
	ssl.secure.random.implementation = null
	ssl.trustmanager.algorithm = PKIX
	ssl.truststore.certificates = null
	ssl.truststore.location = null
	ssl.truststore.password = null
	ssl.truststore.type = JKS
	transaction.timeout.ms = 60000
	transactional.id = null
	value.serializer = class io.confluent.kafka.serializers.KafkaAvroSerializer

2023-10-22 21:42:29 [pool-4-thread-1] INFO  i.c.k.s.KafkaAvroSerializerConfig - KafkaAvroSerializerConfig values: 
	bearer.auth.token = [hidden]
	schema.registry.url = [http://localhost:8081]
	basic.auth.user.info = [hidden]
	auto.register.schemas = true
	max.schemas.per.subject = 1000
	basic.auth.credentials.source = URL
	schema.registry.basic.auth.user.info = [hidden]
	bearer.auth.credentials.source = STATIC_TOKEN
	value.subject.name.strategy = class io.confluent.kafka.serializers.subject.TopicNameStrategy
	key.subject.name.strategy = class io.confluent.kafka.serializers.subject.TopicNameStrategy

2023-10-22 21:42:29 [pool-4-thread-1] INFO  o.a.k.clients.producer.KafkaProducer - [Producer clientId=producer-3] Instantiated an idempotent producer.
2023-10-22 21:42:29 [pool-4-thread-1] INFO  o.a.kafka.common.utils.AppInfoParser - Kafka version: 3.4.1
2023-10-22 21:42:29 [pool-4-thread-1] INFO  o.a.kafka.common.utils.AppInfoParser - Kafka commitId: 8a516edc2755df89
2023-10-22 21:42:29 [pool-4-thread-1] INFO  o.a.kafka.common.utils.AppInfoParser - Kafka startTimeMs: 1697985749414
2023-10-22 21:42:29 [kafka-producer-network-thread | producer-3] INFO  org.apache.kafka.clients.Metadata - [Producer clientId=producer-3] Resetting the last seen epoch of partition twitter-topic-0 to 0 since the associated topicId changed from null to r1lioH2JQvavRC38QVT5TA
2023-10-22 21:42:29 [kafka-producer-network-thread | producer-3] INFO  org.apache.kafka.clients.Metadata - [Producer clientId=producer-3] Resetting the last seen epoch of partition twitter-topic-2 to 0 since the associated topicId changed from null to r1lioH2JQvavRC38QVT5TA
2023-10-22 21:42:29 [kafka-producer-network-thread | producer-3] INFO  org.apache.kafka.clients.Metadata - [Producer clientId=producer-3] Resetting the last seen epoch of partition twitter-topic-1 to 0 since the associated topicId changed from null to r1lioH2JQvavRC38QVT5TA
2023-10-22 21:42:29 [kafka-producer-network-thread | producer-3] INFO  org.apache.kafka.clients.Metadata - [Producer clientId=producer-3] Cluster ID: fap8gso8SsqIpQu74iO2EA
2023-10-22 21:42:29 [kafka-producer-network-thread | producer-3] INFO  o.a.k.c.p.i.TransactionManager - [Producer clientId=producer-3] ProducerId set to 2005 with epoch 0
2023-10-22 21:42:29 [kafka-producer-network-thread | producer-3] INFO  c.m.d.k.p.c.s.i.TwitterKafkaProducer - Receive new metadata. Topic: twitter-topic; Partition 0; Offset 78; Timestamp: 1697985749448, at time 131382914417250
2023-10-22 21:42:37 [pool-5-thread-1] INFO  c.e.t.l.TwitterToKafkaStatusListener - Twitter status with text lectus sed sed ultricies Microservices porttitor amet
2023-10-22 21:42:37 [pool-5-thread-1] INFO  c.m.d.k.p.c.s.i.TwitterKafkaProducer - Sending message 'twitter-topic' to topic 'twitter-topic'
2023-10-22 21:42:37 [kafka-producer-network-thread | producer-2] INFO  c.m.d.k.p.c.s.i.TwitterKafkaProducer - Receive new metadata. Topic: twitter-topic; Partition 0; Offset 79; Timestamp: 1697985757131, at time 131390586042916
2023-10-22 21:42:39 [pool-4-thread-1] INFO  c.e.t.l.TwitterToKafkaStatusListener - Twitter status with text posuere amet Fusce consectetuer elit Microservices sit consectetuer purus
2023-10-22 21:42:39 [pool-4-thread-1] INFO  c.m.d.k.p.c.s.i.TwitterKafkaProducer - Sending message 'twitter-topic' to topic 'twitter-topic'
2023-10-22 21:42:39 [kafka-producer-network-thread | producer-3] INFO  c.m.d.k.p.c.s.i.TwitterKafkaProducer - Receive new metadata. Topic: twitter-topic; Partition 0; Offset 80; Timestamp: 1697985759466, at time 131392916602416
2023-10-22 21:42:47 [pool-5-thread-1] INFO  c.e.t.l.TwitterToKafkaStatusListener - Twitter status with text Maecenas congue Maecenas adipiscing sit purus Fusce Kafka massa congue posuere Lorem consectetuer
2023-10-22 21:42:47 [pool-5-thread-1] INFO  c.m.d.k.p.c.s.i.TwitterKafkaProducer - Sending message 'twitter-topic' to topic 'twitter-topic'
2023-10-22 21:42:47 [kafka-producer-network-thread | producer-2] INFO  c.m.d.k.p.c.s.i.TwitterKafkaProducer - Receive new metadata. Topic: twitter-topic; Partition 0; Offset 81; Timestamp: 1697985767135, at time 131400578461791
2023-10-22 21:42:49 [pool-4-thread-1] INFO  c.e.t.l.TwitterToKafkaStatusListener - Twitter status with text congue posuere ultricies congue pulvinar libero sit ipsum Elasticsearch posuere Lorem Fusce Lorem Maecenas amet
2023-10-22 21:42:49 [pool-4-thread-1] INFO  c.m.d.k.p.c.s.i.TwitterKafkaProducer - Sending message 'twitter-topic' to topic 'twitter-topic'
2023-10-22 21:42:49 [kafka-producer-network-thread | producer-3] INFO  c.m.d.k.p.c.s.i.TwitterKafkaProducer - Receive new metadata. Topic: twitter-topic; Partition 1; Offset 65; Timestamp: 1697985769473, at time 131402941516875
2023-10-22 21:42:57 [pool-5-thread-1] INFO  c.e.t.l.TwitterToKafkaStatusListener - Twitter status with text Lorem massa Fusce Spring libero lectus
2023-10-22 21:42:57 [pool-5-thread-1] INFO  c.m.d.k.p.c.s.i.TwitterKafkaProducer - Sending message 'twitter-topic' to topic 'twitter-topic'
2023-10-22 21:42:57 [kafka-producer-network-thread | producer-2] INFO  c.m.d.k.p.c.s.i.TwitterKafkaProducer - Receive new metadata. Topic: twitter-topic; Partition 2; Offset 71; Timestamp: 1697985777141, at time 131410612830208
2023-10-22 21:42:59 [pool-4-thread-1] INFO  c.e.t.l.TwitterToKafkaStatusListener - Twitter status with text purus lectus lectus ipsum ipsum Lorem porttitor Kafka adipiscing sed porttitor porttitor libero congue
2023-10-22 21:42:59 [pool-4-thread-1] INFO  c.m.d.k.p.c.s.i.TwitterKafkaProducer - Sending message 'twitter-topic' to topic 'twitter-topic'
2023-10-22 21:42:59 [kafka-producer-network-thread | producer-3] INFO  c.m.d.k.p.c.s.i.TwitterKafkaProducer - Receive new metadata. Topic: twitter-topic; Partition 2; Offset 72; Timestamp: 1697985779483, at time 131412942838666
2023-10-22 21:43:07 [pool-5-thread-1] INFO  c.e.t.l.TwitterToKafkaStatusListener - Twitter status with text lectus Maecenas consectetuer elit sed amet lectus pulvinar Elasticsearch adipiscing ipsum consectetuer Fusce ipsum congue Fusce
2023-10-22 21:43:07 [pool-5-thread-1] INFO  c.m.d.k.p.c.s.i.TwitterKafkaProducer - Sending message 'twitter-topic' to topic 'twitter-topic'
2023-10-22 21:43:07 [kafka-producer-network-thread | producer-2] INFO  c.m.d.k.p.c.s.i.TwitterKafkaProducer - Receive new metadata. Topic: twitter-topic; Partition 0; Offset 82; Timestamp: 1697985787173, at time 131420658098666
2023-10-22 21:43:09 [pool-4-thread-1] INFO  c.e.t.l.TwitterToKafkaStatusListener - Twitter status with text Maecenas massa posuere elit Java ipsum posuere malesuada
2023-10-22 21:43:09 [pool-4-thread-1] INFO  c.m.d.k.p.c.s.i.TwitterKafkaProducer - Sending message 'twitter-topic' to topic 'twitter-topic'
2023-10-22 21:43:09 [kafka-producer-network-thread | producer-3] INFO  c.m.d.k.p.c.s.i.TwitterKafkaProducer - Receive new metadata. Topic: twitter-topic; Partition 1; Offset 66; Timestamp: 1697985789491, at time 131422952775916
2023-10-22 21:43:17 [pool-5-thread-1] INFO  c.e.t.l.TwitterToKafkaStatusListener - Twitter status with text ipsum congue amet adipiscing Fusce Lorem porttitor posuere Elasticsearch magna massa Maecenas malesuada Maecenas malesuada pulvinar
2023-10-22 21:43:17 [pool-5-thread-1] INFO  c.m.d.k.p.c.s.i.TwitterKafkaProducer - Sending message 'twitter-topic' to topic 'twitter-topic'
2023-10-22 21:43:17 [kafka-producer-network-thread | producer-2] INFO  c.m.d.k.p.c.s.i.TwitterKafkaProducer - Receive new metadata. Topic: twitter-topic; Partition 0; Offset 83; Timestamp: 1697985797182, at time 131430634208666
2023-10-22 21:43:19 [pool-4-thread-1] INFO  c.e.t.l.TwitterToKafkaStatusListener - Twitter status with text elit amet ipsum pulvinar Kafka magna adipiscing
2023-10-22 21:43:19 [pool-4-thread-1] INFO  c.m.d.k.p.c.s.i.TwitterKafkaProducer - Sending message 'twitter-topic' to topic 'twitter-topic'
2023-10-22 21:43:19 [kafka-producer-network-thread | producer-3] INFO  c.m.d.k.p.c.s.i.TwitterKafkaProducer - Receive new metadata. Topic: twitter-topic; Partition 0; Offset 84; Timestamp: 1697985799498, at time 131432949654291
2023-10-22 21:43:27 [pool-5-thread-1] INFO  c.e.t.l.TwitterToKafkaStatusListener - Twitter status with text Lorem ipsum consectetuer Microservices massa sit
2023-10-22 21:43:27 [pool-5-thread-1] INFO  c.m.d.k.p.c.s.i.TwitterKafkaProducer - Sending message 'twitter-topic' to topic 'twitter-topic'
2023-10-22 21:43:27 [kafka-producer-network-thread | producer-2] INFO  c.m.d.k.p.c.s.i.TwitterKafkaProducer - Receive new metadata. Topic: twitter-topic; Partition 2; Offset 73; Timestamp: 1697985807194, at time 131440658908083
2023-10-22 21:43:29 [pool-4-thread-1] INFO  c.e.t.l.TwitterToKafkaStatusListener - Twitter status with text malesuada lectus Lorem adipiscing Spring libero malesuada magna
2023-10-22 21:43:29 [pool-4-thread-1] INFO  c.m.d.k.p.c.s.i.TwitterKafkaProducer - Sending message 'twitter-topic' to topic 'twitter-topic'
2023-10-22 21:43:29 [kafka-producer-network-thread | producer-3] INFO  c.m.d.k.p.c.s.i.TwitterKafkaProducer - Receive new metadata. Topic: twitter-topic; Partition 1; Offset 67; Timestamp: 1697985809506, at time 131442963600791
2023-10-22 21:43:37 [pool-5-thread-1] INFO  c.e.t.l.TwitterToKafkaStatusListener - Twitter status with text lectus pulvinar malesuada Lorem ultricies massa pulvinar Kafka dolor adipiscing libero lectus purus purus
2023-10-22 21:43:37 [pool-5-thread-1] INFO  c.m.d.k.p.c.s.i.TwitterKafkaProducer - Sending message 'twitter-topic' to topic 'twitter-topic'
2023-10-22 21:43:37 [kafka-producer-network-thread | producer-2] INFO  c.m.d.k.p.c.s.i.TwitterKafkaProducer - Receive new metadata. Topic: twitter-topic; Partition 0; Offset 85; Timestamp: 1697985817202, at time 131450666461333
2023-10-22 21:43:39 [pool-4-thread-1] INFO  c.e.t.l.TwitterToKafkaStatusListener - Twitter status with text sit lectus amet Spring purus magna
2023-10-22 21:43:39 [pool-4-thread-1] INFO  c.m.d.k.p.c.s.i.TwitterKafkaProducer - Sending message 'twitter-topic' to topic 'twitter-topic'
2023-10-22 21:43:39 [kafka-producer-network-thread | producer-3] INFO  c.m.d.k.p.c.s.i.TwitterKafkaProducer - Receive new metadata. Topic: twitter-topic; Partition 2; Offset 74; Timestamp: 1697985819512, at time 131452967116708
2023-10-22 21:43:47 [pool-5-thread-1] INFO  c.e.t.l.TwitterToKafkaStatusListener - Twitter status with text lectus ipsum sit lectus Microservices congue sit
2023-10-22 21:43:47 [pool-5-thread-1] INFO  c.m.d.k.p.c.s.i.TwitterKafkaProducer - Sending message 'twitter-topic' to topic 'twitter-topic'
2023-10-22 21:43:47 [kafka-producer-network-thread | producer-2] INFO  c.m.d.k.p.c.s.i.TwitterKafkaProducer - Receive new metadata. Topic: twitter-topic; Partition 2; Offset 75; Timestamp: 1697985827226, at time 131460689817333
2023-10-22 21:43:49 [pool-4-thread-1] INFO  c.e.t.l.TwitterToKafkaStatusListener - Twitter status with text ipsum pulvinar amet adipiscing congue Spring congue lectus purus
2023-10-22 21:43:49 [pool-4-thread-1] INFO  c.m.d.k.p.c.s.i.TwitterKafkaProducer - Sending message 'twitter-topic' to topic 'twitter-topic'
2023-10-22 21:43:49 [kafka-producer-network-thread | producer-3] INFO  c.m.d.k.p.c.s.i.TwitterKafkaProducer - Receive new metadata. Topic: twitter-topic; Partition 2; Offset 76; Timestamp: 1697985829519, at time 131462975903583
2023-10-22 21:43:57 [pool-5-thread-1] INFO  c.e.t.l.TwitterToKafkaStatusListener - Twitter status with text adipiscing malesuada ipsum Lorem sit ultricies Lorem Microservices Maecenas Fusce purus posuere Fusce ipsum
2023-10-22 21:43:57 [pool-5-thread-1] INFO  c.m.d.k.p.c.s.i.TwitterKafkaProducer - Sending message 'twitter-topic' to topic 'twitter-topic'
2023-10-22 21:43:57 [kafka-producer-network-thread | producer-2] INFO  c.m.d.k.p.c.s.i.TwitterKafkaProducer - Receive new metadata. Topic: twitter-topic; Partition 2; Offset 77; Timestamp: 1697985837234, at time 131470689211291
2023-10-22 21:43:59 [pool-4-thread-1] INFO  c.e.t.l.TwitterToKafkaStatusListener - Twitter status with text sit congue ultricies ultricies magna massa Maecenas Microservices lectus lectus Maecenas lectus Maecenas adipiscing
2023-10-22 21:43:59 [pool-4-thread-1] INFO  c.m.d.k.p.c.s.i.TwitterKafkaProducer - Sending message 'twitter-topic' to topic 'twitter-topic'
2023-10-22 21:43:59 [kafka-producer-network-thread | producer-3] INFO  c.m.d.k.p.c.s.i.TwitterKafkaProducer - Receive new metadata. Topic: twitter-topic; Partition 1; Offset 68; Timestamp: 1697985839525, at time 131472994102916
2023-10-22 21:44:07 [pool-5-thread-1] INFO  c.e.t.l.TwitterToKafkaStatusListener - Twitter status with text porttitor lectus dolor lectus purus libero consectetuer congue Kafka adipiscing Maecenas adipiscing dolor purus posuere adipiscing
2023-10-22 21:44:07 [pool-5-thread-1] INFO  c.m.d.k.p.c.s.i.TwitterKafkaProducer - Sending message 'twitter-topic' to topic 'twitter-topic'
2023-10-22 21:44:07 [kafka-producer-network-thread | producer-2] INFO  c.m.d.k.p.c.s.i.TwitterKafkaProducer - Receive new metadata. Topic: twitter-topic; Partition 1; Offset 69; Timestamp: 1697985847243, at time 131480715831541
2023-10-22 21:44:09 [pool-4-thread-1] INFO  c.e.t.l.TwitterToKafkaStatusListener - Twitter status with text libero massa posuere Kafka ultricies Lorem
2023-10-22 21:44:09 [pool-4-thread-1] INFO  c.m.d.k.p.c.s.i.TwitterKafkaProducer - Sending message 'twitter-topic' to topic 'twitter-topic'
2023-10-22 21:44:09 [kafka-producer-network-thread | producer-3] INFO  c.m.d.k.p.c.s.i.TwitterKafkaProducer - Receive new metadata. Topic: twitter-topic; Partition 2; Offset 78; Timestamp: 1697985849531, at time 131482984700083
2023-10-22 21:44:17 [pool-5-thread-1] INFO  c.e.t.l.TwitterToKafkaStatusListener - Twitter status with text dolor magna dolor porttitor Spring ipsum ipsum malesuada
2023-10-22 21:44:17 [pool-5-thread-1] INFO  c.m.d.k.p.c.s.i.TwitterKafkaProducer - Sending message 'twitter-topic' to topic 'twitter-topic'
2023-10-22 21:44:17 [kafka-producer-network-thread | producer-2] INFO  c.m.d.k.p.c.s.i.TwitterKafkaProducer - Receive new metadata. Topic: twitter-topic; Partition 2; Offset 79; Timestamp: 1697985857251, at time 131490688941125
2023-10-22 21:44:19 [pool-4-thread-1] INFO  c.e.t.l.TwitterToKafkaStatusListener - Twitter status with text purus ultricies Maecenas Spring purus sit
2023-10-22 21:44:19 [pool-4-thread-1] INFO  c.m.d.k.p.c.s.i.TwitterKafkaProducer - Sending message 'twitter-topic' to topic 'twitter-topic'
2023-10-22 21:44:19 [kafka-producer-network-thread | producer-3] INFO  c.m.d.k.p.c.s.i.TwitterKafkaProducer - Receive new metadata. Topic: twitter-topic; Partition 2; Offset 80; Timestamp: 1697985859533, at time 131492981021416
2023-10-22 21:44:27 [pool-5-thread-1] INFO  c.e.t.l.TwitterToKafkaStatusListener - Twitter status with text congue adipiscing malesuada malesuada Microservices sit Fusce
2023-10-22 21:44:27 [pool-5-thread-1] INFO  c.m.d.k.p.c.s.i.TwitterKafkaProducer - Sending message 'twitter-topic' to topic 'twitter-topic'
2023-10-22 21:44:27 [kafka-producer-network-thread | producer-2] INFO  c.m.d.k.p.c.s.i.TwitterKafkaProducer - Receive new metadata. Topic: twitter-topic; Partition 0; Offset 86; Timestamp: 1697985867261, at time 131500732905333
2023-10-22 21:44:29 [pool-4-thread-1] INFO  c.e.t.l.TwitterToKafkaStatusListener - Twitter status with text pulvinar Maecenas consectetuer libero consectetuer amet adipiscing Lorem Kafka Lorem Fusce malesuada amet massa adipiscing libero
2023-10-22 21:44:29 [pool-4-thread-1] INFO  c.m.d.k.p.c.s.i.TwitterKafkaProducer - Sending message 'twitter-topic' to topic 'twitter-topic'
2023-10-22 21:44:29 [kafka-producer-network-thread | producer-3] INFO  c.m.d.k.p.c.s.i.TwitterKafkaProducer - Receive new metadata. Topic: twitter-topic; Partition 0; Offset 87; Timestamp: 1697985869539, at time 131502981986166
2023-10-22 21:44:37 [pool-5-thread-1] INFO  c.e.t.l.TwitterToKafkaStatusListener - Twitter status with text malesuada posuere consectetuer Kafka posuere porttitor
2023-10-22 21:44:37 [pool-5-thread-1] INFO  c.m.d.k.p.c.s.i.TwitterKafkaProducer - Sending message 'twitter-topic' to topic 'twitter-topic'
2023-10-22 21:44:37 [kafka-producer-network-thread | producer-2] INFO  c.m.d.k.p.c.s.i.TwitterKafkaProducer - Receive new metadata. Topic: twitter-topic; Partition 0; Offset 88; Timestamp: 1697985877272, at time 131510722630750
2023-10-22 21:44:39 [pool-4-thread-1] INFO  c.e.t.l.TwitterToKafkaStatusListener - Twitter status with text Lorem libero adipiscing massa consectetuer Java libero posuere pulvinar
2023-10-22 21:44:39 [pool-4-thread-1] INFO  c.m.d.k.p.c.s.i.TwitterKafkaProducer - Sending message 'twitter-topic' to topic 'twitter-topic'
2023-10-22 21:44:39 [kafka-producer-network-thread | producer-3] INFO  c.m.d.k.p.c.s.i.TwitterKafkaProducer - Receive new metadata. Topic: twitter-topic; Partition 1; Offset 70; Timestamp: 1697985879546, at time 131513006504000
2023-10-22 21:44:47 [pool-5-thread-1] INFO  c.e.t.l.TwitterToKafkaStatusListener - Twitter status with text massa libero lectus purus libero sit Elasticsearch elit malesuada massa ipsum
2023-10-22 21:44:47 [pool-5-thread-1] INFO  c.m.d.k.p.c.s.i.TwitterKafkaProducer - Sending message 'twitter-topic' to topic 'twitter-topic'
2023-10-22 21:44:47 [kafka-producer-network-thread | producer-2] INFO  c.m.d.k.p.c.s.i.TwitterKafkaProducer - Receive new metadata. Topic: twitter-topic; Partition 2; Offset 81; Timestamp: 1697985887279, at time 131520732418541
2023-10-22 21:44:49 [pool-4-thread-1] INFO  c.e.t.l.TwitterToKafkaStatusListener - Twitter status with text massa Lorem malesuada consectetuer adipiscing posuere sit amet Kafka lectus posuere Fusce consectetuer consectetuer magna
2023-10-22 21:44:49 [pool-4-thread-1] INFO  c.m.d.k.p.c.s.i.TwitterKafkaProducer - Sending message 'twitter-topic' to topic 'twitter-topic'
2023-10-22 21:44:49 [kafka-producer-network-thread | producer-3] INFO  c.m.d.k.p.c.s.i.TwitterKafkaProducer - Receive new metadata. Topic: twitter-topic; Partition 1; Offset 71; Timestamp: 1697985889555, at time 131522995853666
2023-10-22 21:44:57 [pool-5-thread-1] INFO  c.e.t.l.TwitterToKafkaStatusListener - Twitter status with text porttitor purus massa Spring dolor congue
2023-10-22 21:44:57 [pool-5-thread-1] INFO  c.m.d.k.p.c.s.i.TwitterKafkaProducer - Sending message 'twitter-topic' to topic 'twitter-topic'
2023-10-22 21:44:57 [kafka-producer-network-thread | producer-2] INFO  c.m.d.k.p.c.s.i.TwitterKafkaProducer - Receive new metadata. Topic: twitter-topic; Partition 2; Offset 82; Timestamp: 1697985897303, at time 131530753254083
2023-10-22 21:44:59 [pool-4-thread-1] INFO  c.e.t.l.TwitterToKafkaStatusListener - Twitter status with text sed amet Fusce sit purus pulvinar magna amet Kafka massa Fusce elit ultricies ultricies sed
2023-10-22 21:44:59 [pool-4-thread-1] INFO  c.m.d.k.p.c.s.i.TwitterKafkaProducer - Sending message 'twitter-topic' to topic 'twitter-topic'
2023-10-22 21:44:59 [kafka-producer-network-thread | producer-3] INFO  c.m.d.k.p.c.s.i.TwitterKafkaProducer - Receive new metadata. Topic: twitter-topic; Partition 0; Offset 89; Timestamp: 1697985899568, at time 131533012584958
2023-10-22 21:45:07 [pool-5-thread-1] INFO  c.e.t.l.TwitterToKafkaStatusListener - Twitter status with text libero amet ipsum malesuada malesuada Spring ipsum Maecenas consectetuer pulvinar
2023-10-22 21:45:07 [pool-5-thread-1] INFO  c.m.d.k.p.c.s.i.TwitterKafkaProducer - Sending message 'twitter-topic' to topic 'twitter-topic'
2023-10-22 21:45:07 [kafka-producer-network-thread | producer-2] INFO  c.m.d.k.p.c.s.i.TwitterKafkaProducer - Receive new metadata. Topic: twitter-topic; Partition 0; Offset 90; Timestamp: 1697985907306, at time 131540764866541
2023-10-22 21:45:09 [pool-4-thread-1] INFO  c.e.t.l.TwitterToKafkaStatusListener - Twitter status with text purus Fusce libero sed posuere Kafka porttitor porttitor ultricies
2023-10-22 21:45:09 [pool-4-thread-1] INFO  c.m.d.k.p.c.s.i.TwitterKafkaProducer - Sending message 'twitter-topic' to topic 'twitter-topic'
2023-10-22 21:45:09 [kafka-producer-network-thread | producer-3] INFO  c.m.d.k.p.c.s.i.TwitterKafkaProducer - Receive new metadata. Topic: twitter-topic; Partition 1; Offset 72; Timestamp: 1697985909576, at time 131543021061291
2023-10-22 21:45:17 [pool-5-thread-1] INFO  c.e.t.l.TwitterToKafkaStatusListener - Twitter status with text amet Lorem congue consectetuer Java magna ultricies Maecenas
2023-10-22 21:45:17 [pool-5-thread-1] INFO  c.m.d.k.p.c.s.i.TwitterKafkaProducer - Sending message 'twitter-topic' to topic 'twitter-topic'
2023-10-22 21:45:17 [kafka-producer-network-thread | producer-2] INFO  c.m.d.k.p.c.s.i.TwitterKafkaProducer - Receive new metadata. Topic: twitter-topic; Partition 2; Offset 83; Timestamp: 1697985917309, at time 131550747701833
2023-10-22 21:45:19 [pool-4-thread-1] INFO  c.e.t.l.TwitterToKafkaStatusListener - Twitter status with text sit dolor adipiscing dolor amet Elasticsearch Lorem purus elit magna
2023-10-22 21:45:19 [pool-4-thread-1] INFO  c.m.d.k.p.c.s.i.TwitterKafkaProducer - Sending message 'twitter-topic' to topic 'twitter-topic'
2023-10-22 21:45:19 [kafka-producer-network-thread | producer-3] INFO  c.m.d.k.p.c.s.i.TwitterKafkaProducer - Receive new metadata. Topic: twitter-topic; Partition 0; Offset 91; Timestamp: 1697985919582, at time 131553029699500
2023-10-22 21:45:23 [SpringApplicationShutdownHook] INFO  o.a.k.clients.producer.KafkaProducer - [Producer clientId=producer-2] Closing the Kafka producer with timeoutMillis = 30000 ms.
2023-10-22 21:45:23 [SpringApplicationShutdownHook] INFO  o.a.kafka.common.metrics.Metrics - Metrics scheduler closed
2023-10-22 21:45:23 [SpringApplicationShutdownHook] INFO  o.a.kafka.common.metrics.Metrics - Closing reporter org.apache.kafka.common.metrics.JmxReporter
2023-10-22 21:45:23 [SpringApplicationShutdownHook] INFO  o.a.kafka.common.metrics.Metrics - Metrics reporters closed
2023-10-22 21:45:23 [SpringApplicationShutdownHook] INFO  o.a.kafka.common.utils.AppInfoParser - App info kafka.producer for producer-2 unregistered
2023-10-22 21:45:23 [kafka-admin-client-thread | adminclient-2] INFO  o.a.kafka.common.utils.AppInfoParser - App info kafka.admin.client for adminclient-2 unregistered
2023-10-22 21:45:23 [kafka-admin-client-thread | adminclient-2] INFO  o.a.kafka.common.metrics.Metrics - Metrics scheduler closed
2023-10-22 21:45:23 [kafka-admin-client-thread | adminclient-2] INFO  o.a.kafka.common.metrics.Metrics - Closing reporter org.apache.kafka.common.metrics.JmxReporter
2023-10-22 21:45:23 [kafka-admin-client-thread | adminclient-2] INFO  o.a.kafka.common.metrics.Metrics - Metrics reporters closed
2023-10-22 21:45:23 [SpringApplicationShutdownHook] INFO  c.m.d.k.p.c.s.i.TwitterKafkaProducer - Closing kafka producer
